\BOOKMARK [1][-]{section.1}{\376\377\000I\000n\000t\000r\000o\000d\000u\000c\000t\000i\000o\000n}{}% 1
\BOOKMARK [1][-]{section.2}{\376\377\000L\000i\000t\000e\000r\000a\000t\000u\000r\000e\000\040\000R\000e\000v\000i\000e\000w}{}% 2
\BOOKMARK [1][-]{section.3}{\376\377\000B\000a\000c\000k\000g\000r\000o\000u\000n\000d\000\040\000\046\000\040\000D\000a\000t\000a}{}% 3
\BOOKMARK [2][-]{subsection.3.1}{\376\377\000L\000o\000c\000a\000l\000\040\000T\000a\000x\000a\000t\000i\000o\000n\000\040\000i\000n\000\040\000O\000h\000i\000o}{section.3}% 4
\BOOKMARK [2][-]{subsection.3.2}{\376\377\000T\000a\000x\000\040\000C\000u\000t\000s\000\040\000\046\000\040\000V\000i\000s\000u\000a\000l\000\040\000E\000v\000i\000d\000e\000n\000c\000e\000\040\000o\000f\000\040\000R\000o\000a\000d\000\040\000Q\000u\000a\000l\000i\000t\000y}{section.3}% 5
\BOOKMARK [2][-]{subsection.3.3}{\376\377\000R\000u\000n\000n\000i\000n\000g\000\040\000V\000a\000r\000i\000a\000b\000l\000e}{section.3}% 6
\BOOKMARK [2][-]{subsection.3.4}{\376\377\000O\000u\000t\000c\000o\000m\000e\000\040\000V\000a\000r\000i\000a\000b\000l\000e\000s}{section.3}% 7
\BOOKMARK [3][-]{subsubsection.3.4.1}{\376\377\000M\000e\000d\000i\000a\000n\000\040\000H\000o\000u\000s\000i\000n\000g\000\040\000P\000r\000i\000c\000e}{subsection.3.4}% 8
\BOOKMARK [3][-]{subsubsection.3.4.2}{\376\377\000E\000m\000p\000l\000o\000y\000m\000e\000n\000t\000\040\000a\000n\000d\000\040\000W\000a\000g\000e\000s}{subsection.3.4}% 9
\BOOKMARK [2][-]{subsection.3.5}{\376\377\000C\000o\000v\000a\000r\000i\000a\000t\000e\000s}{section.3}% 10
\BOOKMARK [2][-]{subsection.3.6}{\376\377\000T\000e\000s\000t\000i\000n\000g\000\040\000h\000o\000w\000\040\000w\000e\000l\000l\000\040\000t\000h\000e\000\040\000d\000a\000t\000a\000\040\000m\000e\000e\000t\000s\000\040\000t\000h\000e\000\040\000a\000s\000s\000u\000m\000p\000t\000i\000o\000n\000s\000\040\000o\000f\000\040\000R\000D\000D}{section.3}% 11
\BOOKMARK [1][-]{section.4}{\376\377\000E\000m\000p\000i\000r\000i\000c\000a\000l\000\040\000S\000t\000r\000a\000t\000e\000g\000y}{}% 12
\BOOKMARK [1][-]{section.5}{\376\377\000R\000e\000s\000u\000l\000t\000s}{}% 13
\BOOKMARK [2][-]{subsection.5.1}{\376\377\000H\000o\000u\000s\000e\000\040\000P\000r\000i\000c\000e\000s}{section.5}% 14
\BOOKMARK [3][-]{subsubsection.5.1.1}{\376\377\000H\000e\000t\000e\000r\000o\000g\000e\000n\000e\000i\000t\000y\000\040\000A\000n\000a\000l\000y\000s\000i\000s}{subsection.5.1}% 15
\BOOKMARK [3][-]{subsubsection.5.1.2}{\376\377\000R\000o\000b\000u\000s\000t\000n\000e\000s\000s\000\040\000T\000e\000s\000t\000s}{subsection.5.1}% 16
\BOOKMARK [2][-]{subsection.5.2}{\376\377\000E\000m\000p\000l\000o\000y\000m\000e\000n\000t}{section.5}% 17
\BOOKMARK [2][-]{subsection.5.3}{\376\377\000W\000a\000g\000e\000s}{section.5}% 18
\BOOKMARK [1][-]{section.6}{\376\377\000M\000e\000c\000h\000a\000n\000i\000s\000m\000s}{}% 19
\BOOKMARK [1][-]{section.7}{\376\377\000C\000o\000n\000c\000l\000u\000s\000i\000o\000n}{}% 20
\BOOKMARK [1][-]{appendix.A}{\376\377\000A\000d\000d\000i\000t\000i\000o\000n\000a\000l\000\040\000T\000r\000e\000a\000t\000m\000e\000n\000t\000\040\000E\000f\000f\000e\000c\000t\000s\000\040\000T\000a\000b\000l\000e\000s\000\040\000\046\000\040\000E\000f\000f\000e\000c\000t\000\040\000P\000l\000o\000t\000s}{}% 21
\BOOKMARK [2][-]{subsection.A.1}{\376\377\000F\000u\000l\000l\000\040\000s\000e\000t\000\040\000o\000f\000\040\000T\000r\000e\000a\000t\000m\000e\000n\000t\000\040\000E\000f\000f\000e\000c\000t\000s\000\040\000f\000o\000r\000\040\000H\000o\000u\000s\000i\000n\000g\000\040\000P\000r\000i\000c\000e\000s}{appendix.A}% 22
\BOOKMARK [2][-]{subsection.A.2}{\376\377\000F\000u\000l\000l\000\040\000s\000e\000t\000\040\000o\000f\000\040\000T\000r\000e\000a\000t\000m\000e\000n\000t\000\040\000E\000f\000f\000e\000c\000t\000s\000\040\000f\000o\000r\000\040\000e\000m\000p\000l\000o\000y\000m\000e\000n\000t\000\040\000o\000u\000t\000c\000o\000m\000e\000\040\000v\000a\000r\000i\000a\000b\000l\000e}{appendix.A}% 23
\BOOKMARK [2][-]{subsection.A.3}{\376\377\000F\000u\000l\000l\000\040\000s\000e\000t\000\040\000o\000f\000\040\000T\000r\000e\000a\000t\000m\000e\000n\000t\000\040\000E\000f\000f\000e\000c\000t\000s\000\040\000f\000o\000r\000\040\000w\000a\000g\000e\000\040\000o\000u\000t\000c\000o\000m\000e\000\040\000v\000a\000r\000i\000a\000b\000l\000e}{appendix.A}% 24
\BOOKMARK [1][-]{appendix.B}{\376\377\000A\000d\000d\000i\000t\000i\000o\000n\000a\000l\000\040\000R\000o\000b\000u\000s\000t\000n\000e\000s\000s\000\040\000T\000e\000s\000t\000s}{}% 25
\BOOKMARK [2][-]{subsection.B.1}{\376\377\000C\000o\000v\000a\000r\000i\000a\000t\000e\000\040\000D\000i\000s\000c\000o\000n\000t\000i\000n\000u\000i\000t\000y\000\040\000T\000e\000s\000t\000s\000\040\000\046\000\040\000S\000m\000o\000o\000t\000h\000n\000e\000s\000s\000\040\000P\000l\000o\000t\000s}{appendix.B}% 26
\BOOKMARK [1][-]{appendix.C}{\376\377\000A\000d\000d\000i\000t\000i\000o\000n\000a\000l\000\040\000I\000n\000f\000o\000r\000m\000a\000t\000i\000o\000n}{}% 27
\BOOKMARK [2][-]{subsection.C.1}{\376\377\000A\000\040\000C\000a\000s\000e\000\040\000S\000t\000u\000d\000y\000\040\000o\000f\000\040\000R\000o\000a\000d\000s\000\040\000i\000n\000\040\000W\000a\000y\000n\000e\000s\000v\000i\000l\000l\000e\000\040\000O\000H\000:\000\040\000S\000e\000r\000i\000a\000l\000\040\000C\000u\000t\000t\000e\000r\000\040\000o\000f\000\040\000R\000o\000a\000d\000\040\000M\000a\000i\000n\000t\000e\000n\000a\000n\000c\000e\000\040\000T\000a\000x\000\040\000L\000e\000v\000i\000e\000s}{appendix.C}% 28
\BOOKMARK [2][-]{subsection.C.2}{\376\377\000R\000o\000a\000d\000\040\000t\000a\000x\000\040\000l\000e\000v\000i\000e\000s\000\040\000v\000s\000.\000\040\000O\000t\000h\000e\000r\000\040\000t\000y\000p\000e\000s\000\040\000o\000f\000\040\000l\000e\000v\000i\000e\000s}{appendix.C}% 29
