This is pdfTeX, Version 3.141592653-2.6-1.40.26 (MiKTeX 24.3.31) (preloaded format=pdflatex 2024.4.6)  28 DEC 2024 07:24
entering extended mode
 restricted \write18 enabled.
 file:line:error style messages enabled.
 %&-line parsing enabled.
**"c:/Users/rawatsa/OneDrive - University of Cincinnati/StataProjects/ohio_taxation/docs/JMP_draft/JMP-Article.tex"
(c:/Users/rawatsa/OneDrive - University of Cincinnati/StataProjects/ohio_taxation/docs/JMP_draft/JMP-Article.tex
LaTeX2e <2023-11-01> patch level 1
L3 programming layer <2024-03-14>
(C:\Users\rawatsa\AppData\Local\Programs\MiKTeX\tex/latex/base\article.cls
Document Class: article 2023/05/17 v1.4n Standard LaTeX document class
(C:\Users\rawatsa\AppData\Local\Programs\MiKTeX\tex/latex/base\size12.clo
File: size12.clo 2023/05/17 v1.4n Standard LaTeX file (size option)
)
\c@part=\count188
\c@section=\count189
\c@subsection=\count190
\c@subsubsection=\count191
\c@paragraph=\count192
\c@subparagraph=\count193
\c@figure=\count194
\c@table=\count195
\abovecaptionskip=\skip48
\belowcaptionskip=\skip49
\bibindent=\dimen140
) (C:\Users\rawatsa\AppData\Local\Programs\MiKTeX\tex/latex/amsfonts\amssymb.sty
Package: amssymb 2013/01/14 v3.01 AMS font symbols
 (C:\Users\rawatsa\AppData\Local\Programs\MiKTeX\tex/latex/amsfonts\amsfonts.sty
Package: amsfonts 2013/01/14 v3.01 Basic AMSFonts support
\@emptytoks=\toks17
\symAMSa=\mathgroup4
\symAMSb=\mathgroup5
LaTeX Font Info:    Redeclaring math symbol \hbar on input line 98.
LaTeX Font Info:    Overwriting math alphabet `\mathfrak' in version `bold'
(Font)                  U/euf/m/n --> U/euf/b/n on input line 106.
)) (C:\Users\rawatsa\AppData\Local\Programs\MiKTeX\tex/latex/amsmath\amsmath.sty
Package: amsmath 2023/05/13 v2.17o AMS math features
\@mathmargin=\skip50

For additional information on amsmath, use the `?' option.
(C:\Users\rawatsa\AppData\Local\Programs\MiKTeX\tex/latex/amsmath\amstext.sty
Package: amstext 2021/08/26 v2.01 AMS text
 (C:\Users\rawatsa\AppData\Local\Programs\MiKTeX\tex/latex/amsmath\amsgen.sty
File: amsgen.sty 1999/11/30 v2.0 generic functions
\@emptytoks=\toks18
\ex@=\dimen141
)) (C:\Users\rawatsa\AppData\Local\Programs\MiKTeX\tex/latex/amsmath\amsbsy.sty
Package: amsbsy 1999/11/29 v1.2d Bold Symbols
\pmbraise@=\dimen142
) (C:\Users\rawatsa\AppData\Local\Programs\MiKTeX\tex/latex/amsmath\amsopn.sty
Package: amsopn 2022/04/08 v2.04 operator names
)
\inf@bad=\count196
LaTeX Info: Redefining \frac on input line 234.
\uproot@=\count197
\leftroot@=\count198
LaTeX Info: Redefining \overline on input line 399.
LaTeX Info: Redefining \colon on input line 410.
\classnum@=\count199
\DOTSCASE@=\count266
LaTeX Info: Redefining \ldots on input line 496.
LaTeX Info: Redefining \dots on input line 499.
LaTeX Info: Redefining \cdots on input line 620.
\Mathstrutbox@=\box51
\strutbox@=\box52
LaTeX Info: Redefining \big on input line 722.
LaTeX Info: Redefining \Big on input line 723.
LaTeX Info: Redefining \bigg on input line 724.
LaTeX Info: Redefining \Bigg on input line 725.
\big@size=\dimen143
LaTeX Font Info:    Redeclaring font encoding OML on input line 743.
LaTeX Font Info:    Redeclaring font encoding OMS on input line 744.
\macc@depth=\count267
LaTeX Info: Redefining \bmod on input line 905.
LaTeX Info: Redefining \pmod on input line 910.
LaTeX Info: Redefining \smash on input line 940.
LaTeX Info: Redefining \relbar on input line 970.
LaTeX Info: Redefining \Relbar on input line 971.
\c@MaxMatrixCols=\count268
\dotsspace@=\muskip16
\c@parentequation=\count269
\dspbrk@lvl=\count270
\tag@help=\toks19
\row@=\count271
\column@=\count272
\maxfields@=\count273
\andhelp@=\toks20
\eqnshift@=\dimen144
\alignsep@=\dimen145
\tagshift@=\dimen146
\tagwidth@=\dimen147
\totwidth@=\dimen148
\lineht@=\dimen149
\@envbody=\toks21
\multlinegap=\skip51
\multlinetaggap=\skip52
\mathdisplay@stack=\toks22
LaTeX Info: Redefining \[ on input line 2953.
LaTeX Info: Redefining \] on input line 2954.
) (C:\Users\rawatsa\AppData\Local\Programs\MiKTeX\tex/latex/eurosym\eurosym.sty
Package: eurosym 1998/08/06 v1.1 European currency symbol ``Euro''
\@eurobox=\box53
) (C:\Users\rawatsa\AppData\Local\Programs\MiKTeX\tex/latex/geometry\geometry.sty
Package: geometry 2020/01/02 v5.9 Page Geometry
 (C:\Users\rawatsa\AppData\Local\Programs\MiKTeX\tex/latex/graphics\keyval.sty
Package: keyval 2022/05/29 v1.15 key=value parser (DPC)
\KV@toks@=\toks23
) (C:\Users\rawatsa\AppData\Local\Programs\MiKTeX\tex/generic/iftex\ifvtex.sty
Package: ifvtex 2019/10/25 v1.7 ifvtex legacy package. Use iftex instead.
 (C:\Users\rawatsa\AppData\Local\Programs\MiKTeX\tex/generic/iftex\iftex.sty
Package: iftex 2022/02/03 v1.0f TeX engine tests
))
\Gm@cnth=\count274
\Gm@cntv=\count275
\c@Gm@tempcnt=\count276
\Gm@bindingoffset=\dimen150
\Gm@wd@mp=\dimen151
\Gm@odd@mp=\dimen152
\Gm@even@mp=\dimen153
\Gm@layoutwidth=\dimen154
\Gm@layoutheight=\dimen155
\Gm@layouthoffset=\dimen156
\Gm@layoutvoffset=\dimen157
\Gm@dimlist=\toks24
 (C:\Users\rawatsa\AppData\Local\Programs\MiKTeX\tex/latex/geometry\geometry.cfg)) (C:\Users\rawatsa\AppData\Local\Programs\MiKTeX\tex/latex/ulem\ulem.sty
\UL@box=\box54
\UL@hyphenbox=\box55
\UL@skip=\skip53
\UL@hook=\toks25
\UL@height=\dimen158
\UL@pe=\count277
\UL@pixel=\dimen159
\ULC@box=\box56
Package: ulem 2019/11/18
\ULdepth=\dimen160
) (C:\Users\rawatsa\AppData\Local\Programs\MiKTeX\tex/latex/graphics\graphicx.sty
Package: graphicx 2021/09/16 v1.2d Enhanced LaTeX Graphics (DPC,SPQR)
 (C:\Users\rawatsa\AppData\Local\Programs\MiKTeX\tex/latex/graphics\graphics.sty
Package: graphics 2022/03/10 v1.4e Standard LaTeX Graphics (DPC,SPQR)
 (C:\Users\rawatsa\AppData\Local\Programs\MiKTeX\tex/latex/graphics\trig.sty
Package: trig 2021/08/11 v1.11 sin cos tan (DPC)
) (C:\Users\rawatsa\AppData\Local\Programs\MiKTeX\tex/latex/graphics-cfg\graphics.cfg
File: graphics.cfg 2016/06/04 v1.11 sample graphics configuration
)
Package graphics Info: Driver file: pdftex.def on input line 107.
 (C:\Users\rawatsa\AppData\Local\Programs\MiKTeX\tex/latex/graphics-def\pdftex.def
File: pdftex.def 2022/09/22 v1.2b Graphics/color driver for pdftex
))
\Gin@req@height=\dimen161
\Gin@req@width=\dimen162
) (C:\Users\rawatsa\AppData\Local\Programs\MiKTeX\tex/latex/caption\caption.sty
Package: caption 2023/08/05 v3.6o Customizing captions (AR)
 (C:\Users\rawatsa\AppData\Local\Programs\MiKTeX\tex/latex/caption\caption3.sty
Package: caption3 2023/07/31 v2.4d caption3 kernel (AR)
\caption@tempdima=\dimen163
\captionmargin=\dimen164
\caption@leftmargin=\dimen165
\caption@rightmargin=\dimen166
\caption@width=\dimen167
\caption@indent=\dimen168
\caption@parindent=\dimen169
\caption@hangindent=\dimen170
Package caption Info: Standard document class detected.
)
\c@caption@flags=\count278
\c@continuedfloat=\count279
) (C:\Users\rawatsa\AppData\Local\Programs\MiKTeX\tex/latex/graphics\color.sty
Package: color 2022/01/06 v1.3d Standard LaTeX Color (DPC)
 (C:\Users\rawatsa\AppData\Local\Programs\MiKTeX\tex/latex/graphics-cfg\color.cfg
File: color.cfg 2016/01/02 v1.6 sample color configuration
)
Package color Info: Driver file: pdftex.def on input line 149.
 (C:\Users\rawatsa\AppData\Local\Programs\MiKTeX\tex/latex/graphics\mathcolor.ltx)) (C:\Users\rawatsa\AppData\Local\Programs\MiKTeX\tex/latex/setspace\setspace.sty
Package: setspace 2022/12/04 v6.7b set line spacing
) (C:\Users\rawatsa\AppData\Local\Programs\MiKTeX\tex/latex/sectsty\sectsty.sty
Package: sectsty 2002/02/25 v2.0.2 Commands to change all sectional heading styles


LaTeX Warning: Command \underbar  has changed.
               Check if current package is valid.


LaTeX Warning: Command \underline  has changed.
               Check if current package is valid.

) (C:\Users\rawatsa\AppData\Local\Programs\MiKTeX\tex/latex/comment\comment.sty
\CommentStream=\write3
 Excluding comment 'comment') (C:\Users\rawatsa\AppData\Local\Programs\MiKTeX\tex/latex/footmisc\footmisc.sty
Package: footmisc 2023/07/05 v6.0f a miscellany of footnote facilities
\FN@temptoken=\toks26
\footnotemargin=\dimen171
\@outputbox@depth=\dimen172
Package footmisc Info: Declaring symbol style bringhurst on input line 696.
Package footmisc Info: Declaring symbol style chicago on input line 704.
Package footmisc Info: Declaring symbol style wiley on input line 713.
Package footmisc Info: Declaring symbol style lamport-robust on input line 724.
Package footmisc Info: Declaring symbol style lamport* on input line 744.
Package footmisc Info: Declaring symbol style lamport*-robust on input line 765.
) (C:\Users\rawatsa\AppData\Local\Programs\MiKTeX\tex/latex/natbib\natbib.sty
Package: natbib 2010/09/13 8.31b (PWD, AO)
\bibhang=\skip54
\bibsep=\skip55
LaTeX Info: Redefining \cite on input line 694.
\c@NAT@ctr=\count280
) (C:\Users\rawatsa\AppData\Local\Programs\MiKTeX\tex/latex/pdflscape\pdflscape.sty
Package: pdflscape 2022-10-27 v0.13 Display of landscape pages in PDF
 (C:\Users\rawatsa\AppData\Local\Programs\MiKTeX\tex/latex/pdflscape\pdflscape-nometadata.sty
Package: pdflscape-nometadata 2022-10-28 v0.13 Display of landscape pages in PDF (HO)
 (C:\Users\rawatsa\AppData\Local\Programs\MiKTeX\tex/latex/graphics\lscape.sty
Package: lscape 2020/05/28 v3.02 Landscape Pages (DPC)
)
Package pdflscape Info: Auto-detected driver: pdftex on input line 81.
)) (C:\Users\rawatsa\AppData\Local\Programs\MiKTeX\tex/latex/subfigure\subfigure.sty
Package: subfigure 2002/07/30 v2.1.4 subfigure package
\subfigtopskip=\skip56
\subfigcapskip=\skip57
\subfigcaptopadj=\dimen173
\subfigbottomskip=\skip58
\subfigcapmargin=\dimen174
\subfiglabelskip=\skip59
\c@subfigure=\count281
\c@lofdepth=\count282
\c@subtable=\count283
\c@lotdepth=\count284

****************************************
* Local config file subfigure.cfg used *
****************************************
(C:\Users\rawatsa\AppData\Local\Programs\MiKTeX\tex/latex/subfigure\subfigure.cfg)
\subfig@top=\skip60
\subfig@bottom=\skip61
) (C:\Users\rawatsa\AppData\Local\Programs\MiKTeX\tex/latex/tools\array.sty
Package: array 2023/10/16 v2.5g Tabular extension package (FMi)
\col@sep=\dimen175
\ar@mcellbox=\box57
\extrarowheight=\dimen176
\NC@list=\toks27
\extratabsurround=\skip62
\backup@length=\skip63
\ar@cellbox=\box58
) (C:\Users\rawatsa\AppData\Local\Programs\MiKTeX\tex/latex/hyperref\hyperref.sty
Package: hyperref 2024-01-20 v7.01h Hypertext links for LaTeX
 (C:\Users\rawatsa\AppData\Local\Programs\MiKTeX\tex/latex/kvsetkeys\kvsetkeys.sty
Package: kvsetkeys 2022-10-05 v1.19 Key value parser (HO)
) (C:\Users\rawatsa\AppData\Local\Programs\MiKTeX\tex/generic/kvdefinekeys\kvdefinekeys.sty
Package: kvdefinekeys 2019-12-19 v1.6 Define keys (HO)
) (C:\Users\rawatsa\AppData\Local\Programs\MiKTeX\tex/generic/pdfescape\pdfescape.sty
Package: pdfescape 2019/12/09 v1.15 Implements pdfTeX's escape features (HO)
 (C:\Users\rawatsa\AppData\Local\Programs\MiKTeX\tex/generic/ltxcmds\ltxcmds.sty
Package: ltxcmds 2023-12-04 v1.26 LaTeX kernel commands for general use (HO)
) (C:\Users\rawatsa\AppData\Local\Programs\MiKTeX\tex/generic/pdftexcmds\pdftexcmds.sty
Package: pdftexcmds 2020-06-27 v0.33 Utility functions of pdfTeX for LuaTeX (HO)
 (C:\Users\rawatsa\AppData\Local\Programs\MiKTeX\tex/generic/infwarerr\infwarerr.sty
Package: infwarerr 2019/12/03 v1.5 Providing info/warning/error messages (HO)
)
Package pdftexcmds Info: \pdf@primitive is available.
Package pdftexcmds Info: \pdf@ifprimitive is available.
Package pdftexcmds Info: \pdfdraftmode found.
)) (C:\Users\rawatsa\AppData\Local\Programs\MiKTeX\tex/latex/hycolor\hycolor.sty
Package: hycolor 2020-01-27 v1.10 Color options for hyperref/bookmark (HO)
) (C:\Users\rawatsa\AppData\Local\Programs\MiKTeX\tex/latex/auxhook\auxhook.sty
Package: auxhook 2019-12-17 v1.6 Hooks for auxiliary files (HO)
) (C:\Users\rawatsa\AppData\Local\Programs\MiKTeX\tex/latex/hyperref\nameref.sty
Package: nameref 2023-11-26 v2.56 Cross-referencing by name of section
 (C:\Users\rawatsa\AppData\Local\Programs\MiKTeX\tex/latex/refcount\refcount.sty
Package: refcount 2019/12/15 v3.6 Data extraction from label references (HO)
) (C:\Users\rawatsa\AppData\Local\Programs\MiKTeX\tex/generic/gettitlestring\gettitlestring.sty
Package: gettitlestring 2019/12/15 v1.6 Cleanup title references (HO)
 (C:\Users\rawatsa\AppData\Local\Programs\MiKTeX\tex/latex/kvoptions\kvoptions.sty
Package: kvoptions 2022-06-15 v3.15 Key value format for package options (HO)
))
\c@section@level=\count285
) (C:\Users\rawatsa\AppData\Local\Programs\MiKTeX\tex/latex/etoolbox\etoolbox.sty
Package: etoolbox 2020/10/05 v2.5k e-TeX tools for LaTeX (JAW)
\etb@tempcnta=\count286
)
\@linkdim=\dimen177
\Hy@linkcounter=\count287
\Hy@pagecounter=\count288
 (C:\Users\rawatsa\AppData\Local\Programs\MiKTeX\tex/latex/hyperref\pd1enc.def
File: pd1enc.def 2024-01-20 v7.01h Hyperref: PDFDocEncoding definition (HO)
Now handling font encoding PD1 ...
... no UTF-8 mapping file for font encoding PD1
) (C:\Users\rawatsa\AppData\Local\Programs\MiKTeX\tex/generic/intcalc\intcalc.sty
Package: intcalc 2019/12/15 v1.3 Expandable calculations with integers (HO)
)
\Hy@SavedSpaceFactor=\count289
 (C:\Users\rawatsa\AppData\Local\Programs\MiKTeX\tex/latex/hyperref\puenc.def
File: puenc.def 2024-01-20 v7.01h Hyperref: PDF Unicode definition (HO)
Now handling font encoding PU ...
... no UTF-8 mapping file for font encoding PU
)
Package hyperref Info: Hyper figures OFF on input line 4179.
Package hyperref Info: Link nesting OFF on input line 4184.
Package hyperref Info: Hyper index ON on input line 4187.
Package hyperref Info: Plain pages OFF on input line 4194.
Package hyperref Info: Backreferencing OFF on input line 4199.
Package hyperref Info: Implicit mode ON; LaTeX internals redefined.
Package hyperref Info: Bookmarks ON on input line 4446.
\c@Hy@tempcnt=\count290
 (C:\Users\rawatsa\AppData\Local\Programs\MiKTeX\tex/latex/url\url.sty
\Urlmuskip=\muskip17
Package: url 2013/09/16  ver 3.4  Verb mode for urls, etc.
)
LaTeX Info: Redefining \url on input line 4784.
\XeTeXLinkMargin=\dimen178
 (C:\Users\rawatsa\AppData\Local\Programs\MiKTeX\tex/generic/bitset\bitset.sty
Package: bitset 2019/12/09 v1.3 Handle bit-vector datatype (HO)
 (C:\Users\rawatsa\AppData\Local\Programs\MiKTeX\tex/generic/bigintcalc\bigintcalc.sty
Package: bigintcalc 2019/12/15 v1.5 Expandable calculations on big integers (HO)
))
\Fld@menulength=\count291
\Field@Width=\dimen179
\Fld@charsize=\dimen180
Package hyperref Info: Hyper figures OFF on input line 6063.
Package hyperref Info: Link nesting OFF on input line 6068.
Package hyperref Info: Hyper index ON on input line 6071.
Package hyperref Info: backreferencing OFF on input line 6078.
Package hyperref Info: Link coloring OFF on input line 6083.
Package hyperref Info: Link coloring with OCG OFF on input line 6088.
Package hyperref Info: PDF/A mode OFF on input line 6093.
 (C:\Users\rawatsa\AppData\Local\Programs\MiKTeX\tex/latex/base\atbegshi-ltx.sty
Package: atbegshi-ltx 2021/01/10 v1.0c Emulation of the original atbegshi
package with kernel methods
)
\Hy@abspage=\count292
\c@Item=\count293
\c@Hfootnote=\count294
)
Package hyperref Info: Driver (autodetected): hpdftex.
 (C:\Users\rawatsa\AppData\Local\Programs\MiKTeX\tex/latex/hyperref\hpdftex.def
File: hpdftex.def 2024-01-20 v7.01h Hyperref driver for pdfTeX
 (C:\Users\rawatsa\AppData\Local\Programs\MiKTeX\tex/latex/base\atveryend-ltx.sty
Package: atveryend-ltx 2020/08/19 v1.0a Emulation of the original atveryend package
with kernel methods
)
\Fld@listcount=\count295
\c@bookmark@seq@number=\count296
 (C:\Users\rawatsa\AppData\Local\Programs\MiKTeX\tex/latex/rerunfilecheck\rerunfilecheck.sty
Package: rerunfilecheck 2022-07-10 v1.10 Rerun checks for auxiliary files (HO)
 (C:\Users\rawatsa\AppData\Local\Programs\MiKTeX\tex/generic/uniquecounter\uniquecounter.sty
Package: uniquecounter 2019/12/15 v1.4 Provide unlimited unique counter (HO)
)
Package uniquecounter Info: New unique counter `rerunfilecheck' on input line 285.
)
\Hy@SectionHShift=\skip64
) (C:\Users\rawatsa\AppData\Local\Programs\MiKTeX\tex/latex/xcolor\xcolor.sty
Package: xcolor 2023/11/15 v3.01 LaTeX color extensions (UK)
 (C:\Users\rawatsa\AppData\Local\Programs\MiKTeX\tex/latex/graphics-cfg\color.cfg
File: color.cfg 2016/01/02 v1.6 sample color configuration
)
Package xcolor Info: Driver file: pdftex.def on input line 274.
LaTeX Info: Redefining \color on input line 758.
 (C:\Users\rawatsa\AppData\Local\Programs\MiKTeX\tex/latex/graphics\mathcolor.ltx)
Package xcolor Info: Model `cmy' substituted by `cmy0' on input line 1350.
Package xcolor Info: Model `hsb' substituted by `rgb' on input line 1354.
Package xcolor Info: Model `RGB' extended on input line 1366.
Package xcolor Info: Model `HTML' substituted by `rgb' on input line 1368.
Package xcolor Info: Model `Hsb' substituted by `hsb' on input line 1369.
Package xcolor Info: Model `tHsb' substituted by `hsb' on input line 1370.
Package xcolor Info: Model `HSB' substituted by `hsb' on input line 1371.
Package xcolor Info: Model `Gray' substituted by `gray' on input line 1372.
Package xcolor Info: Model `wave' substituted by `hsb' on input line 1373.
) (C:\Users\rawatsa\AppData\Local\Programs\MiKTeX\tex/latex/tools\longtable.sty
Package: longtable 2023-11-01 v4.19 Multi-page Table package (DPC)
\LTleft=\skip65
\LTright=\skip66
\LTpre=\skip67
\LTpost=\skip68
\LTchunksize=\count297
\LTcapwidth=\dimen181
\LT@head=\box59
\LT@firsthead=\box60
\LT@foot=\box61
\LT@lastfoot=\box62
\LT@gbox=\box63
\LT@cols=\count298
\LT@rows=\count299
\c@LT@tables=\count300
\c@LT@chunks=\count301
\LT@p@ftn=\toks28
) (C:\Users\rawatsa\AppData\Local\Programs\MiKTeX\tex/latex/colortbl\colortbl.sty
Package: colortbl 2024/02/20 v1.0g Color table columns (DPC)
\everycr=\toks29
\minrowclearance=\skip69
\rownum=\count302
)

LaTeX Warning: Package "xcolor" has already been loaded: ignoring load-time
(LaTeX)        option "xcdraw".

(C:\Users\rawatsa\AppData\Local\Programs\MiKTeX\tex/latex/tools\enumerate.sty
Package: enumerate 2023/07/04 v3.00 enumerate extensions (DPC)
\@enLab=\toks30
) (C:\Users\rawatsa\AppData\Local\Programs\MiKTeX\tex/latex/float\float.sty
Package: float 2001/11/08 v1.3d Float enhancements (AL)
\c@float@type=\count303
\float@exts=\toks31
\float@box=\box64
\@float@everytoks=\toks32
\@floatcapt=\box65
) (C:\Users\rawatsa\AppData\Local\Programs\MiKTeX\tex/latex/placeins\placeins.sty
Package: placeins 2005/04/18  v 2.2
) (C:\Users\rawatsa\AppData\Local\Programs\MiKTeX\tex/latex/tools\tabularx.sty
Package: tabularx 2023/07/08 v2.11c `tabularx' package (DPC)
\TX@col@width=\dimen182
\TX@old@table=\dimen183
\TX@old@col=\dimen184
\TX@target=\dimen185
\TX@delta=\dimen186
\TX@cols=\count304
\TX@ftn=\toks33
) (C:\Users\rawatsa\AppData\Local\Programs\MiKTeX\tex/latex/booktabs\booktabs.sty
Package: booktabs 2020/01/12 v1.61803398 Publication quality tables
\heavyrulewidth=\dimen187
\lightrulewidth=\dimen188
\cmidrulewidth=\dimen189
\belowrulesep=\dimen190
\belowbottomsep=\dimen191
\aboverulesep=\dimen192
\abovetopsep=\dimen193
\cmidrulesep=\dimen194
\cmidrulekern=\dimen195
\defaultaddspace=\dimen196
\@cmidla=\count305
\@cmidlb=\count306
\@aboverulesep=\dimen197
\@belowrulesep=\dimen198
\@thisruleclass=\count307
\@lastruleclass=\count308
\@thisrulewidth=\dimen199
) (C:\Users\rawatsa\AppData\Local\Programs\MiKTeX\tex/latex/listings\listings.sty
\lst@mode=\count309
\lst@gtempboxa=\box66
\lst@token=\toks34
\lst@length=\count310
\lst@currlwidth=\dimen256
\lst@column=\count311
\lst@pos=\count312
\lst@lostspace=\dimen257
\lst@width=\dimen258
\lst@newlines=\count313
\lst@lineno=\count314
\lst@maxwidth=\dimen259
 (C:\Users\rawatsa\AppData\Local\Programs\MiKTeX\tex/latex/listings\lstpatch.sty
File: lstpatch.sty 2024/03/11 1.10a (Carsten Heinz)
) (C:\Users\rawatsa\AppData\Local\Programs\MiKTeX\tex/latex/listings\lstmisc.sty
File: lstmisc.sty 2024/03/11 1.10a (Carsten Heinz)
\c@lstnumber=\count315
\lst@skipnumbers=\count316
\lst@framebox=\box67
) (C:\Users\rawatsa\AppData\Local\Programs\MiKTeX\tex/latex/listings\listings.cfg
File: listings.cfg 2024/03/11 1.10a listings configuration
))
Package: listings 2024/03/11 1.10a (Carsten Heinz)
 (C:\Users\rawatsa\AppData\Local\Programs\MiKTeX\tex/latex/threeparttable\threeparttable.sty
Package: threeparttable 2003/06/13  v 3.0
\@tempboxb=\box68
) (C:\Users\rawatsa\AppData\Local\Programs\MiKTeX\tex/latex/caption\subcaption.sty
Package: subcaption 2023/07/28 v1.6b Sub-captions (AR)
LaTeX Info: Redefining \subref on input line 189.
Package subcaption Info: The counter `subfigure' was already defined by
(subcaption)             an unknown document class or package on input line 238.
Package subcaption Info: The counter `subtable' was already defined by
(subcaption)             an unknown document class or package on input line 238.
)
\c@theorem=\count317
\c@proposition=\count318
\c@hyp=\count319
\c@subhyp=\count320
 (C:\Users\rawatsa\AppData\Local\Programs\MiKTeX\tex/latex/l3backend\l3backend-pdftex.def
File: l3backend-pdftex.def 2024-03-14 L3 backend support: PDF output (pdfTeX)
\l__color_backend_stack_int=\count321
\l__pdf_internal_box=\box69
) (JMP-Article.aux)
\openout1 = `JMP-Article.aux'.

LaTeX Font Info:    Checking defaults for OML/cmm/m/it on input line 41.
LaTeX Font Info:    ... okay on input line 41.
LaTeX Font Info:    Checking defaults for OMS/cmsy/m/n on input line 41.
LaTeX Font Info:    ... okay on input line 41.
LaTeX Font Info:    Checking defaults for OT1/cmr/m/n on input line 41.
LaTeX Font Info:    ... okay on input line 41.
LaTeX Font Info:    Checking defaults for T1/cmr/m/n on input line 41.
LaTeX Font Info:    ... okay on input line 41.
LaTeX Font Info:    Checking defaults for TS1/cmr/m/n on input line 41.
LaTeX Font Info:    ... okay on input line 41.
LaTeX Font Info:    Checking defaults for OMX/cmex/m/n on input line 41.
LaTeX Font Info:    ... okay on input line 41.
LaTeX Font Info:    Checking defaults for U/cmr/m/n on input line 41.
LaTeX Font Info:    ... okay on input line 41.
LaTeX Font Info:    Checking defaults for PD1/pdf/m/n on input line 41.
LaTeX Font Info:    ... okay on input line 41.
LaTeX Font Info:    Checking defaults for PU/pdf/m/n on input line 41.
LaTeX Font Info:    ... okay on input line 41.

*geometry* driver: auto-detecting
*geometry* detected driver: pdftex
*geometry* verbose mode - [ preamble ] result:
* driver: pdftex
* paper: <default>
* layout: <same size as paper>
* layoutoffset:(h,v)=(0.0pt,0.0pt)
* modes: 
* h-part:(L,W,R)=(72.26999pt, 469.75502pt, 72.26999pt)
* v-part:(T,H,B)=(72.26999pt, 650.43001pt, 72.26999pt)
* \paperwidth=614.295pt
* \paperheight=794.96999pt
* \textwidth=469.75502pt
* \textheight=650.43001pt
* \oddsidemargin=0.0pt
* \evensidemargin=0.0pt
* \topmargin=-37.0pt
* \headheight=12.0pt
* \headsep=25.0pt
* \topskip=12.0pt
* \footskip=30.0pt
* \marginparwidth=44.0pt
* \marginparsep=10.0pt
* \columnsep=10.0pt
* \skip\footins=10.8pt plus 4.0pt minus 2.0pt
* \hoffset=0.0pt
* \voffset=0.0pt
* \mag=1000
* \@twocolumnfalse
* \@twosidefalse
* \@mparswitchfalse
* \@reversemarginfalse
* (1in=72.27pt=25.4mm, 1cm=28.453pt)

(C:\Users\rawatsa\AppData\Local\Programs\MiKTeX\tex/context/base/mkii\supp-pdf.mkii
[Loading MPS to PDF converter (version 2006.09.02).]
\scratchcounter=\count322
\scratchdimen=\dimen260
\scratchbox=\box70
\nofMPsegments=\count323
\nofMParguments=\count324
\everyMPshowfont=\toks35
\MPscratchCnt=\count325
\MPscratchDim=\dimen261
\MPnumerator=\count326
\makeMPintoPDFobject=\count327
\everyMPtoPDFconversion=\toks36
) (C:\Users\rawatsa\AppData\Local\Programs\MiKTeX\tex/latex/epstopdf-pkg\epstopdf-base.sty
Package: epstopdf-base 2020-01-24 v2.11 Base part for package epstopdf
Package epstopdf-base Info: Redefining graphics rule for `.eps' on input line 485.
 (C:\Users\rawatsa\AppData\Local\Programs\MiKTeX\tex/latex/00miktex\epstopdf-sys.cfg
File: epstopdf-sys.cfg 2021/03/18 v2.0 Configuration of epstopdf for MiKTeX
))
Package caption Info: Begin \AtBeginDocument code.
Package caption Info: float package is loaded.
Package caption Info: hyperref package is loaded.
Package caption Info: listings package is loaded.
Package caption Info: longtable package is loaded.
 (C:\Users\rawatsa\AppData\Local\Programs\MiKTeX\tex/latex/caption\ltcaption.sty
Package: ltcaption 2021/01/08 v1.4c longtable captions (AR)
)
Package caption Info: subfigure package is loaded.
Package caption Info: threeparttable package is loaded.
Package caption Info: End \AtBeginDocument code.
Package hyperref Info: Link coloring OFF on input line 41.
 (JMP-Article.out) (JMP-Article.out)
\@outlinefile=\write4
\openout4 = `JMP-Article.out'.

\c@lstlisting=\count328
LaTeX Font Info:    Trying to load font information for U+msa on input line 48.
 (C:\Users\rawatsa\AppData\Local\Programs\MiKTeX\tex/latex/amsfonts\umsa.fd
File: umsa.fd 2013/01/14 v3.01 AMS symbols A
)
LaTeX Font Info:    Trying to load font information for U+msb on input line 48.
 (C:\Users\rawatsa\AppData\Local\Programs\MiKTeX\tex/latex/amsfonts\umsb.fd
File: umsb.fd 2013/01/14 v3.01 AMS symbols B
)
Underfull \hbox (badness 10000) in paragraph at lines 55--60

 []

[0

{C:/Users/rawatsa/AppData/Local/MiKTeX/fonts/map/pdftex/pdftex.map}] (intro.tex [1]) (lit_review.tex [2] [3] [4]) (data.tex [5] [6]
Underfull \hbox (badness 10000) in paragraph at lines 24--24
[]|\OT1/cmr/m/n/12 Subdivision
 []

<images/andover_township_14grandarmy_2007.png, id=224, 253.9305pt x 164.25pt>
File: images/andover_township_14grandarmy_2007.png Graphic file (type png)
<use images/andover_township_14grandarmy_2007.png>
Package pdftex.def Info: images/andover_township_14grandarmy_2007.png  used on input line 67.
(pdftex.def)             Requested size: 230.18253pt x 148.89128pt.
<images/andover_township_14grandarmy_2022.png, id=226, 242.7615pt x 164.5785pt>
File: images/andover_township_14grandarmy_2022.png Graphic file (type png)
<use images/andover_township_14grandarmy_2022.png>
Package pdftex.def Info: images/andover_township_14grandarmy_2022.png  used on input line 74.
(pdftex.def)             Requested size: 230.18253pt x 156.05737pt.
<images/morgan_township_2801OH-45_2009.png, id=227, 264.4425pt x 178.3755pt>
File: images/morgan_township_2801OH-45_2009.png Graphic file (type png)
<use images/morgan_township_2801OH-45_2009.png>
Package pdftex.def Info: images/morgan_township_2801OH-45_2009.png  used on input line 86.
(pdftex.def)             Requested size: 230.18253pt x 155.26707pt.
<images/morgan_township_2801OH-45_2018.png, id=228, 244.404pt x 174.762pt>
File: images/morgan_township_2801OH-45_2018.png Graphic file (type png)
<use images/morgan_township_2801OH-45_2018.png>
Package pdftex.def Info: images/morgan_township_2801OH-45_2018.png  used on input line 93.
(pdftex.def)             Requested size: 230.18253pt x 164.59894pt.
[7] [8 <./images/andover_township_14grandarmy_2007.png> <./images/andover_township_14grandarmy_2022.png> <./images/morgan_township_2801OH-45_2009.png> <./images/morgan_township_2801OH-45_2018.png>] [9] [10]
<images/rd_plot_median_sale_amount_t_plus_1_tri_mserd_1_2_within.png, id=259, 855.195pt x 622.325pt>
File: images/rd_plot_median_sale_amount_t_plus_1_tri_mserd_1_2_within.png Graphic file (type png)
<use images/rd_plot_median_sale_amount_t_plus_1_tri_mserd_1_2_within.png>
Package pdftex.def Info: images/rd_plot_median_sale_amount_t_plus_1_tri_mserd_1_2_within.png  used on input line 126.
(pdftex.def)             Requested size: 225.4804pt x 164.0797pt.
<images/rd_plot_median_sale_amount_t_plus_2_tri_mserd_1_2_within.png, id=260, 855.195pt x 622.325pt>
File: images/rd_plot_median_sale_amount_t_plus_2_tri_mserd_1_2_within.png Graphic file (type png)
<use images/rd_plot_median_sale_amount_t_plus_2_tri_mserd_1_2_within.png>
Package pdftex.def Info: images/rd_plot_median_sale_amount_t_plus_2_tri_mserd_1_2_within.png  used on input line 133.
(pdftex.def)             Requested size: 225.4804pt x 164.0797pt.
<images/rd_plot_median_sale_amount_t_plus_3_tri_mserd_1_2_within.png, id=261, 855.195pt x 622.325pt>
File: images/rd_plot_median_sale_amount_t_plus_3_tri_mserd_1_2_within.png Graphic file (type png)
<use images/rd_plot_median_sale_amount_t_plus_3_tri_mserd_1_2_within.png>
Package pdftex.def Info: images/rd_plot_median_sale_amount_t_plus_3_tri_mserd_1_2_within.png  used on input line 142.
(pdftex.def)             Requested size: 225.4804pt x 164.0797pt.
<images/rd_plot_median_sale_amount_t_plus_4_tri_mserd_1_2_within.png, id=262, 855.195pt x 622.325pt>
File: images/rd_plot_median_sale_amount_t_plus_4_tri_mserd_1_2_within.png Graphic file (type png)
<use images/rd_plot_median_sale_amount_t_plus_4_tri_mserd_1_2_within.png>
Package pdftex.def Info: images/rd_plot_median_sale_amount_t_plus_4_tri_mserd_1_2_within.png  used on input line 149.
(pdftex.def)             Requested size: 225.4804pt x 164.0797pt.
<images/rd_plot_median_sale_amount_t_plus_5_tri_mserd_1_2_within.png, id=263, 855.195pt x 622.325pt>
File: images/rd_plot_median_sale_amount_t_plus_5_tri_mserd_1_2_within.png Graphic file (type png)
<use images/rd_plot_median_sale_amount_t_plus_5_tri_mserd_1_2_within.png>
Package pdftex.def Info: images/rd_plot_median_sale_amount_t_plus_5_tri_mserd_1_2_within.png  used on input line 162.
(pdftex.def)             Requested size: 225.4804pt x 164.0797pt.
<images/rd_plot_median_sale_amount_t_plus_6_tri_mserd_1_2_within.png, id=264, 855.195pt x 622.325pt>
File: images/rd_plot_median_sale_amount_t_plus_6_tri_mserd_1_2_within.png Graphic file (type png)
<use images/rd_plot_median_sale_amount_t_plus_6_tri_mserd_1_2_within.png>
Package pdftex.def Info: images/rd_plot_median_sale_amount_t_plus_6_tri_mserd_1_2_within.png  used on input line 169.
(pdftex.def)             Requested size: 225.4804pt x 164.0797pt.
<images/rd_plot_median_sale_amount_t_plus_7_tri_mserd_1_2_within.png, id=265, 855.195pt x 622.325pt>
File: images/rd_plot_median_sale_amount_t_plus_7_tri_mserd_1_2_within.png Graphic file (type png)
<use images/rd_plot_median_sale_amount_t_plus_7_tri_mserd_1_2_within.png>
Package pdftex.def Info: images/rd_plot_median_sale_amount_t_plus_7_tri_mserd_1_2_within.png  used on input line 178.
(pdftex.def)             Requested size: 225.4804pt x 164.0797pt.
<images/rd_plot_median_sale_amount_t_plus_8_tri_mserd_1_2_within.png, id=266, 855.195pt x 622.325pt>
File: images/rd_plot_median_sale_amount_t_plus_8_tri_mserd_1_2_within.png Graphic file (type png)
<use images/rd_plot_median_sale_amount_t_plus_8_tri_mserd_1_2_within.png>
Package pdftex.def Info: images/rd_plot_median_sale_amount_t_plus_8_tri_mserd_1_2_within.png  used on input line 185.
(pdftex.def)             Requested size: 225.4804pt x 164.0797pt.

Overfull \hbox (3.48734pt too wide) in paragraph at lines 198--199
\OT1/cmr/m/n/12 We ob-tain spe-cial per-mis-sion from the Ohio De-part-ment of Jobs and Fam-ily Ser-vices (ODJFS)
 []

[11] [12 <./images/rd_plot_median_sale_amount_t_plus_1_tri_mserd_1_2_within.png (PNG copy)> <./images/rd_plot_median_sale_amount_t_plus_2_tri_mserd_1_2_within.png (PNG copy)> <./images/rd_plot_median_sale_amount_t_plus_3_tri_mserd_1_2_within.png (PNG copy)> <./images/rd_plot_median_sale_amount_t_plus_4_tri_mserd_1_2_within.png (PNG copy)>] [13 <./images/rd_plot_median_sale_amount_t_plus_5_tri_mserd_1_2_within.png (PNG copy)> <./images/rd_plot_median_sale_amount_t_plus_6_tri_mserd_1_2_within.png (PNG copy)> <./images/rd_plot_median_sale_amount_t_plus_7_tri_mserd_1_2_within.png (PNG copy)> <./images/rd_plot_median_sale_amount_t_plus_8_tri_mserd_1_2_within.png (PNG copy)>]
Overfull \hbox (47.82063pt too wide) in alignment at lines 209--216
 [] [] [] [] [] [] [] 
 []


Overfull \hbox (47.82063pt too wide) in alignment at lines 216--224
 [] [] [] [] [] [] [] 
 []


Overfull \hbox (47.82063pt too wide) in alignment at lines 224--227
 [] [] [] [] [] [] [] 
 []


Overfull \hbox (47.82063pt too wide) in alignment at lines 227--230
 [] [] [] [] [] [] [] 
 []


Underfull \hbox (badness 6125) in paragraph at lines 239--239
[]|\OT1/cmr/m/n/12 % House-holds with
 []


Underfull \hbox (badness 5578) in paragraph at lines 241--241
[]|\OT1/cmr/m/n/12 % Less than High
 []


Underfull \hbox (badness 10000) in paragraph at lines 245--245
[]|\OT1/cmr/m/n/12 % Un-em-ploy-ment
 []


Underfull \hbox (badness 10000) in paragraph at lines 259--259
[]|\OT1/cmr/m/n/12 Median Fam-ily In-
 []


Underfull \hbox (badness 1484) in paragraph at lines 269--269
[]|\OT1/cmr/m/n/12 Number of Ob-ser-va-
 []


Underfull \hbox (badness 10000) in paragraph at lines 272--272
[]|\OT1/cmr/m/it/12 a) Me-dian House
 []


Overfull \hbox (47.82063pt too wide) in alignment at lines 230--293
 [] [] [] [] [] [] [] 
 []

[14] [15] [16] [17]
<images/votes_pct_against_histogram.png, id=315, 855.195pt x 622.325pt>
File: images/votes_pct_against_histogram.png Graphic file (type png)
<use images/votes_pct_against_histogram.png>
Package pdftex.def Info: images/votes_pct_against_histogram.png  used on input line 309.
(pdftex.def)             Requested size: 469.75502pt x 341.8335pt.
) (emp_strategy.tex [18] [19 <./images/votes_pct_against_histogram.png (PNG copy)>] [20]) (results.tex
Underfull \hbox (badness 10000) in paragraph at lines 13--13
[]|\OT1/cmr/m/n/12 year rel-
 []


Underfull \hbox (badness 10000) in paragraph at lines 13--13
\OT1/cmr/m/n/12 a-tive to
 []


Underfull \hbox (badness 10000) in paragraph at lines 15--15
[]|\OT1/cmr/m/n/12 Treatment
 []


Underfull \hbox (badness 10000) in paragraph at lines 16--16
[]|\OT1/cmr/m/n/12 Standard
 []


Underfull \hbox (badness 10000) in paragraph at lines 17--17
[]|\OT1/cmr/m/n/12 Effective
 []


Underfull \hbox (badness 10000) in paragraph at lines 17--17
\OT1/cmr/m/n/12 band-width
 []


Underfull \hbox (badness 10000) in paragraph at lines 19--19
[]|\OT1/cmr/m/n/12 Effective
 []


Underfull \hbox (badness 10000) in paragraph at lines 19--19
\OT1/cmr/m/n/12 Ob-ser-va-
 []


Underfull \hbox (badness 3343) in paragraph at lines 20--20
[]|\OT1/cmr/m/n/12 Total Ob-
 []

[21]
<images/tes_gs_re.png, id=355, 581.92406pt x 401.24907pt>
File: images/tes_gs_re.png Graphic file (type png)
<use images/tes_gs_re.png>
Package pdftex.def Info: images/tes_gs_re.png  used on input line 34.
(pdftex.def)             Requested size: 469.75502pt x 323.91402pt.
 [22] [23 <./images/tes_gs_re.png>]
<images/tes_covs_ua_re.png, id=369, 581.92406pt x 401.24907pt>
File: images/tes_covs_ua_re.png Graphic file (type png)
<use images/tes_covs_ua_re.png>
Package pdftex.def Info: images/tes_covs_ua_re.png  used on input line 51.
(pdftex.def)             Requested size: 469.75502pt x 323.91402pt.
 [24] [25 <./images/tes_covs_ua_re.png>]
<images/tes_size_re.png, id=383, 581.92406pt x 401.24907pt>
File: images/tes_size_re.png Graphic file (type png)
<use images/tes_size_re.png>
Package pdftex.def Info: images/tes_size_re.png  used on input line 65.
(pdftex.def)             Requested size: 469.75502pt x 323.91402pt.
 [26 <./images/tes_size_re.png>]
Overfull \hbox (7.74536pt too wide) in paragraph at lines 83--83
[]|\OT1/cmr/m/n/12 Percentile| 
 []

<images/tes_qte_re.png, id=391, 581.92406pt x 401.24907pt>
File: images/tes_qte_re.png Graphic file (type png)
<use images/tes_qte_re.png>
Package pdftex.def Info: images/tes_qte_re.png  used on input line 107.
(pdftex.def)             Requested size: 469.75502pt x 323.91402pt.
[27] [28 <./images/tes_qte_re.png>]
Underfull \hbox (badness 10000) in paragraph at lines 130--130
[]|\OT1/cmr/m/n/12 Treatment
 []


Underfull \hbox (badness 10000) in paragraph at lines 134--134
[]|\OT1/cmr/m/n/12 Effective Ob-
 []

[29] [30]
<images/tes_g_w_re.png, id=422, 581.92406pt x 401.24907pt>
File: images/tes_g_w_re.png Graphic file (type png)
<use images/tes_g_w_re.png>
Package pdftex.def Info: images/tes_g_w_re.png  used on input line 185.
(pdftex.def)             Requested size: 469.75502pt x 323.91402pt.
 [31] [32 <./images/tes_g_w_re.png>]
Underfull \hbox (badness 2418) in paragraph at lines 204--204
[]|\OT1/cmr/m/n/12 Year af-ter
 []


Overfull \hbox (40.41148pt too wide) in paragraph at lines 202--222
 [][] 
 []

[33]
Underfull \hbox (badness 10000) in paragraph at lines 245--245
[]|\OT1/cmr/m/n/12 Treatment
 []


Underfull \hbox (badness 10000) in paragraph at lines 249--249
[]|\OT1/cmr/m/n/12 Effective Ob-
 []

<images/tes_high_pov_re.png, id=455, 581.92406pt x 401.24907pt>
File: images/tes_high_pov_re.png Graphic file (type png)
<use images/tes_high_pov_re.png>
Package pdftex.def Info: images/tes_high_pov_re.png  used on input line 263.
(pdftex.def)             Requested size: 469.75502pt x 323.91402pt.
[34] [35 <./images/tes_high_pov_re.png>] [36] [37] [38]) (JMP-Article.bbl [39]) [40] (appendix.tex
Underfull \hbox (badness 7888) in paragraph at lines 13--13
[]|\OT1/cmr/bx/n/12 Year rel-a-tive
 []

<images/tes_gs.png, id=511, 578.16pt x 346.29375pt>
File: images/tes_gs.png Graphic file (type png)
<use images/tes_gs.png>
Package pdftex.def Info: images/tes_gs.png  used on input line 38.
(pdftex.def)             Requested size: 469.75502pt x 281.36296pt.
[41

] [42 <./images/tes_gs.png>]
<images/tes_emp.png, id=523, 506.6428pt x 398.99063pt>
File: images/tes_emp.png Graphic file (type png)
<use images/tes_emp.png>
Package pdftex.def Info: images/tes_emp.png  used on input line 82.
(pdftex.def)             Requested size: 469.75502pt x 369.94942pt.
<images/tes_ln_emp.png, id=524, 506.6428pt x 398.99063pt>
File: images/tes_ln_emp.png Graphic file (type png)
<use images/tes_ln_emp.png>
Package pdftex.def Info: images/tes_ln_emp.png  used on input line 118.
(pdftex.def)             Requested size: 469.75502pt x 369.94942pt.
 [43

] [44 <./images/tes_emp.png>] [45 <./images/tes_ln_emp.png>] [46]
Underfull \hbox (badness 3895) in paragraph at lines 133--133
[]|\OT1/cmr/m/n/12 Year rel-a-
 []

<images/tes_wages.png, id=545, 506.6428pt x 398.99063pt>
File: images/tes_wages.png Graphic file (type png)
<use images/tes_wages.png>
Package pdftex.def Info: images/tes_wages.png  used on input line 158.
(pdftex.def)             Requested size: 469.75502pt x 369.94942pt.
<images/tes_ln_wages.png, id=546, 506.6428pt x 398.99063pt>
File: images/tes_ln_wages.png Graphic file (type png)
<use images/tes_ln_wages.png>
Package pdftex.def Info: images/tes_ln_wages.png  used on input line 195.
(pdftex.def)             Requested size: 469.75502pt x 369.94942pt.
[47

] [48 <./images/tes_wages.png>] [49 <./images/tes_ln_wages.png>] [50]
Underfull \hbox (badness 10000) in paragraph at lines 217--217
[]|\OT1/cmr/m/n/12 Poverty
 []


Underfull \hbox (badness 10000) in paragraph at lines 218--218
[]|\OT1/cmr/m/n/12 % with
 []


Underfull \hbox (badness 7362) in paragraph at lines 219--219
[]|\OT1/cmr/m/n/12 % House-
 []


Underfull \hbox (badness 10000) in paragraph at lines 219--219
\OT1/cmr/m/n/12 Chil-dren
 []


Underfull \hbox (badness 10000) in paragraph at lines 220--220
[]|\OT1/cmr/m/n/12 % Less
 []


Underfull \hbox (badness 1675) in paragraph at lines 220--220
\OT1/cmr/m/n/12 than High
 []


Underfull \hbox (badness 10000) in paragraph at lines 220--220
\OT1/cmr/m/n/12 School
 []


Underfull \hbox (badness 10000) in paragraph at lines 221--221
[]|\OT1/cmr/m/n/12 % Some
 []


Underfull \hbox (badness 10000) in paragraph at lines 221--221
\OT1/cmr/m/n/12 Col-lege
 []


Underfull \hbox (badness 10000) in paragraph at lines 222--222
[]|\OT1/cmr/m/n/12 % Un-em-
 []


Underfull \hbox (badness 10000) in paragraph at lines 222--222
\OT1/cmr/m/n/12 ploy-ment
 []


Underfull \hbox (badness 10000) in paragraph at lines 227--227
[]|\OT1/cmr/m/n/12 % Sep-a-
 []


Underfull \hbox (badness 10000) in paragraph at lines 246--246
[]|\OT1/cmr/m/n/12 % Un-em-ploy-ment
 []


Underfull \hbox (badness 1442) in paragraph at lines 250--250
[]|\OT1/cmr/m/n/12 Labor Force Par-tic-i-
 []


Underfull \hbox (badness 1484) in paragraph at lines 256--256
[]|\OT1/cmr/m/n/12 Number of Ob-ser-va-
 []


LaTeX Warning: `!h' float specifier changed to `!ht'.

[51

] [52]
<images/cov_smoothness_pctrent.png, id=578, 877.2775pt x 638.385pt>
File: images/cov_smoothness_pctrent.png Graphic file (type png)
<use images/cov_smoothness_pctrent.png>
Package pdftex.def Info: images/cov_smoothness_pctrent.png  used on input line 273.
(pdftex.def)             Requested size: 187.89914pt x 136.72408pt.
<images/cov_smoothness_poverty.png, id=579, 877.2775pt x 638.385pt>
File: images/cov_smoothness_poverty.png Graphic file (type png)
<use images/cov_smoothness_poverty.png>
Package pdftex.def Info: images/cov_smoothness_poverty.png  used on input line 280.
(pdftex.def)             Requested size: 187.89914pt x 136.72408pt.
<images/cov_smoothness_pctwithkids.png, id=580, 877.2775pt x 638.385pt>
File: images/cov_smoothness_pctwithkids.png Graphic file (type png)
<use images/cov_smoothness_pctwithkids.png>
Package pdftex.def Info: images/cov_smoothness_pctwithkids.png  used on input line 289.
(pdftex.def)             Requested size: 187.89914pt x 136.72408pt.
<images/cov_smoothness_pctsinparhhld.png, id=581, 877.2775pt x 638.385pt>
File: images/cov_smoothness_pctsinparhhld.png Graphic file (type png)
<use images/cov_smoothness_pctsinparhhld.png>
Package pdftex.def Info: images/cov_smoothness_pctsinparhhld.png  used on input line 296.
(pdftex.def)             Requested size: 187.89914pt x 136.72408pt.
<images/cov_smoothness_pctlesshs.png, id=582, 877.2775pt x 638.385pt>
File: images/cov_smoothness_pctlesshs.png Graphic file (type png)
<use images/cov_smoothness_pctlesshs.png>
Package pdftex.def Info: images/cov_smoothness_pctlesshs.png  used on input line 305.
(pdftex.def)             Requested size: 187.89914pt x 136.72408pt.
<images/cov_smoothness_pctsomecoll.png, id=583, 877.2775pt x 638.385pt>
File: images/cov_smoothness_pctsomecoll.png Graphic file (type png)
<use images/cov_smoothness_pctsomecoll.png>
Package pdftex.def Info: images/cov_smoothness_pctsomecoll.png  used on input line 312.
(pdftex.def)             Requested size: 187.89914pt x 136.72408pt.
<images/cov_smoothness_pctblack.png, id=584, 877.2775pt x 638.385pt>
File: images/cov_smoothness_pctblack.png Graphic file (type png)
<use images/cov_smoothness_pctblack.png>
Package pdftex.def Info: images/cov_smoothness_pctblack.png  used on input line 321.
(pdftex.def)             Requested size: 187.89914pt x 136.72408pt.
<images/cov_smoothness_pop.png, id=585, 877.2775pt x 638.385pt>
File: images/cov_smoothness_pop.png Graphic file (type png)
<use images/cov_smoothness_pop.png>
Package pdftex.def Info: images/cov_smoothness_pop.png  used on input line 328.
(pdftex.def)             Requested size: 187.89914pt x 136.72408pt.


LaTeX Warning: Float too large for page by 21.96622pt on input line 335.

<images/cov_smoothness_pctmarried.png, id=586, 877.2775pt x 638.385pt>
File: images/cov_smoothness_pctmarried.png Graphic file (type png)
<use images/cov_smoothness_pctmarried.png>
Package pdftex.def Info: images/cov_smoothness_pctmarried.png  used on input line 341.
(pdftex.def)             Requested size: 187.89914pt x 136.72408pt.
<images/cov_smoothness_pctseparated.png, id=587, 877.2775pt x 638.385pt>
File: images/cov_smoothness_pctseparated.png Graphic file (type png)
<use images/cov_smoothness_pctseparated.png>
Package pdftex.def Info: images/cov_smoothness_pctseparated.png  used on input line 348.
(pdftex.def)             Requested size: 187.89914pt x 136.72408pt.
<images/cov_smoothness_incherfindahl.png, id=588, 877.2775pt x 638.385pt>
File: images/cov_smoothness_incherfindahl.png Graphic file (type png)
<use images/cov_smoothness_incherfindahl.png>
Package pdftex.def Info: images/cov_smoothness_incherfindahl.png  used on input line 357.
(pdftex.def)             Requested size: 187.89914pt x 136.72408pt.
<images/cov_smoothness_medfamy.png, id=589, 877.2775pt x 638.385pt>
File: images/cov_smoothness_medfamy.png Graphic file (type png)
<use images/cov_smoothness_medfamy.png>
Package pdftex.def Info: images/cov_smoothness_medfamy.png  used on input line 364.
(pdftex.def)             Requested size: 187.89914pt x 136.72408pt.
<images/cov_smoothness_pctlt5.png, id=590, 877.2775pt x 638.385pt>
File: images/cov_smoothness_pctlt5.png Graphic file (type png)
<use images/cov_smoothness_pctlt5.png>
Package pdftex.def Info: images/cov_smoothness_pctlt5.png  used on input line 373.
(pdftex.def)             Requested size: 187.89914pt x 136.72408pt.
<images/cov_smoothness_pct5to17.png, id=591, 877.2775pt x 638.385pt>
File: images/cov_smoothness_pct5to17.png Graphic file (type png)
<use images/cov_smoothness_pct5to17.png>
Package pdftex.def Info: images/cov_smoothness_pct5to17.png  used on input line 380.
(pdftex.def)             Requested size: 187.89914pt x 136.72408pt.
<images/cov_smoothness_pct18to64.png, id=592, 877.2775pt x 638.385pt>
File: images/cov_smoothness_pct18to64.png Graphic file (type png)
<use images/cov_smoothness_pct18to64.png>
Package pdftex.def Info: images/cov_smoothness_pct18to64.png  used on input line 389.
(pdftex.def)             Requested size: 187.89914pt x 136.72408pt.
<images/cov_smoothness_pctmin.png, id=593, 877.2775pt x 638.385pt>
File: images/cov_smoothness_pctmin.png Graphic file (type png)
<use images/cov_smoothness_pctmin.png>
Package pdftex.def Info: images/cov_smoothness_pctmin.png  used on input line 396.
(pdftex.def)             Requested size: 187.89914pt x 136.72408pt.

LaTeX Warning: Float too large for page by 57.21585pt on input line 403.

[53 <./images/cov_smoothness_pctrent.png (PNG copy)> <./images/cov_smoothness_poverty.png (PNG copy)> <./images/cov_smoothness_pctwithkids.png (PNG copy)> <./images/cov_smoothness_pctsinparhhld.png (PNG copy)> <./images/cov_smoothness_pctlesshs.png (PNG copy)> <./images/cov_smoothness_pctsomecoll.png (PNG copy)> <./images/cov_smoothness_pctblack.png (PNG copy)> <./images/cov_smoothness_pop.png (PNG copy)>] [54 <./images/cov_smoothness_pctmarried.png (PNG copy)> <./images/cov_smoothness_pctseparated.png (PNG copy)> <./images/cov_smoothness_incherfindahl.png (PNG copy)> <./images/cov_smoothness_medfamy.png (PNG copy)> <./images/cov_smoothness_pctlt5.png (PNG copy)> <./images/cov_smoothness_pct5to17.png (PNG copy)> <./images/cov_smoothness_pct18to64.png (PNG copy)> <./images/cov_smoothness_pctmin.png (PNG copy)>]) [55


] (JMP-Article.aux)
 ***********
LaTeX2e <2023-11-01> patch level 1
L3 programming layer <2024-03-14>
 ***********
Package rerunfilecheck Info: File `JMP-Article.out' has not changed.
(rerunfilecheck)             Checksum: BD640FCCFA4BE21F6B6F473AFB546D70;5549.
 ) 
Here is how much of TeX's memory you used:
 15660 strings out of 474424
 257689 string characters out of 5740796
 1976496 words of memory out of 5000000
 37614 multiletter control sequences out of 15000+600000
 572726 words of font info for 92 fonts, out of 8000000 for 9000
 1141 hyphenation exceptions out of 8191
 75i,13n,79p,2443b,567s stack positions out of 10000i,1000n,20000p,200000b,200000s
 <C:\Users\rawatsa\AppData\Local\MiKTeX\fonts/pk/ljfour/jknappen/ec/dpi600\tcrm1200.pk> <C:\Users\rawatsa\AppData\Local\MiKTeX\fonts/pk/ljfour/jknappen/ec/dpi600\tcrm0700.pk> <C:\Users\rawatsa\AppData\Local\MiKTeX\fonts/pk/ljfour/jknappen/ec/dpi600\tcrm1095.pk> <C:\Users\rawatsa\AppData\Local\MiKTeX\fonts/pk/ljfour/jknappen/ec/dpi600\tcrm1000.pk> <C:\Users\rawatsa\AppData\Local\MiKTeX\fonts/pk/ljfour/jknappen/ec/dpi600\tcrm1440.pk><C:/Users/rawatsa/AppData/Local/Programs/MiKTeX/fonts/type1/public/amsfonts/cm/cmbx10.pfb><C:/Users/rawatsa/AppData/Local/Programs/MiKTeX/fonts/type1/public/amsfonts/cm/cmbx12.pfb><C:/Users/rawatsa/AppData/Local/Programs/MiKTeX/fonts/type1/public/amsfonts/cm/cmmi10.pfb><C:/Users/rawatsa/AppData/Local/Programs/MiKTeX/fonts/type1/public/amsfonts/cm/cmmi12.pfb><C:/Users/rawatsa/AppData/Local/Programs/MiKTeX/fonts/type1/public/amsfonts/cm/cmmi8.pfb><C:/Users/rawatsa/AppData/Local/Programs/MiKTeX/fonts/type1/public/amsfonts/cm/cmr10.pfb><C:/Users/rawatsa/AppData/Local/Programs/MiKTeX/fonts/type1/public/amsfonts/cm/cmr12.pfb><C:/Users/rawatsa/AppData/Local/Programs/MiKTeX/fonts/type1/public/amsfonts/cm/cmr17.pfb><C:/Users/rawatsa/AppData/Local/Programs/MiKTeX/fonts/type1/public/amsfonts/cm/cmr8.pfb><C:/Users/rawatsa/AppData/Local/Programs/MiKTeX/fonts/type1/public/amsfonts/cm/cmsy10.pfb><C:/Users/rawatsa/AppData/Local/Programs/MiKTeX/fonts/type1/public/amsfonts/cm/cmti12.pfb><C:/Users/rawatsa/AppData/Local/Programs/MiKTeX/fonts/type1/public/amsfonts/symbols/msbm10.pfb>
Output written on JMP-Article.pdf (56 pages, 5119934 bytes).
PDF statistics:
 717 PDF objects out of 1000 (max. 8388607)
 141 named destinations out of 1000 (max. 500000)
 425 words of extra memory for PDF output out of 10000 (max. 10000000)

