------------------------------------------------------------
       log:  C:\Documents and Settings\Jesse Rothstein\My Do
> cuments\projects\caelections\archive\figs_treatfx.log
  log type:  text
 opened on:   6 Mar 2010, 13:42:41

. 
. /* figs_treatfx.do
> *  Program to make figures RD estimates of bond effect on 
> outcomes by year
> *  relative to election.  Uses both static and dynamic spe
> cifications, with district/measure FEs.
> */
. 
. #delimit;
delimiter now ;
. clear;

. set mem 200m;

Current memory allocation

                    current                                 
> memory usage
    settable          value     description                 
> (1M = 1024k)
    --------------------------------------------------------
> ------------
    set maxvar         5000     max. variables allowed      
>      1.909M
    set memory          200M    max. data space             
>    200.000M
    set matsize         400     max. RHS vars in models     
>      1.254M
                                                            
> -----------
                                                            
>    203.163M

. set scheme s2mono;

. **Start with one-step estimates;
. *  use ../tables/programs/fullpanel;
.   use fullpanel;

.   *use c:\temp\fullpanel_v9;
.   tab year, gen(yrdums);

       year |      Freq.     Percent        Cum.
------------+-----------------------------------
       1987 |        656        5.00        5.00
       1988 |        656        5.00       10.00
       1989 |        656        5.00       15.00
       1990 |        656        5.00       20.00
       1991 |        656        5.00       25.00
       1992 |        656        5.00       30.00
       1993 |        656        5.00       35.00
       1994 |        656        5.00       40.00
       1995 |        656        5.00       45.00
       1996 |        656        5.00       50.00
       1997 |        656        5.00       55.00
       1998 |        656        5.00       60.00
       1999 |        656        5.00       65.00
       2000 |        656        5.00       70.00
       2001 |        656        5.00       75.00
       2002 |        656        5.00       80.00
       2003 |        656        5.00       85.00
       2004 |        656        5.00       90.00
       2005 |        656        5.00       95.00
       2006 |        656        5.00      100.00
------------+-----------------------------------
      Total |     13,120      100.00

.   *Redefine win, percent variables to zero if GO bond is z
> ero;
.    foreach v in win percent percent2 percent3 req {;
  2.      forvalues y=0/19 {;
  3.              replace `v'_prev`y'=`v'_prev`y'*gobond_pre
> v`y';
  4.             };
  5.      forvalues y=1/11 {;
  6.            replace `v'_fut`y'=`v'_fut`y'*gobond_fut`y';
  7.             };
  8.    };
(185 real changes made)
(182 real changes made)
(173 real changes made)
(154 real changes made)
(128 real changes made)
(124 real changes made)
(115 real changes made)
(105 real changes made)
(99 real changes made)
(90 real changes made)
(79 real changes made)
(69 real changes made)
(65 real changes made)
(61 real changes made)
(47 real changes made)
(39 real changes made)
(28 real changes made)
(22 real changes made)
(15 real changes made)
(7 real changes made)
(178 real changes made)
(170 real changes made)
(163 real changes made)
(157 real changes made)
(146 real changes made)
(138 real changes made)
(124 real changes made)
(120 real changes made)
(116 real changes made)
(106 real changes made)
(95 real changes made)
(314 real changes made)
(305 real changes made)
(293 real changes made)
(254 real changes made)
(208 real changes made)
(197 real changes made)
(183 real changes made)
(172 real changes made)
(163 real changes made)
(154 real changes made)
(140 real changes made)
(130 real changes made)
(121 real changes made)
(113 real changes made)
(99 real changes made)
(81 real changes made)
(48 real changes made)
(38 real changes made)
(27 real changes made)
(10 real changes made)
(304 real changes made)
(287 real changes made)
(276 real changes made)
(266 real changes made)
(233 real changes made)
(215 real changes made)
(201 real changes made)
(193 real changes made)
(184 real changes made)
(174 real changes made)
(160 real changes made)
(314 real changes made)
(305 real changes made)
(293 real changes made)
(254 real changes made)
(208 real changes made)
(197 real changes made)
(183 real changes made)
(172 real changes made)
(163 real changes made)
(154 real changes made)
(140 real changes made)
(130 real changes made)
(121 real changes made)
(113 real changes made)
(99 real changes made)
(81 real changes made)
(48 real changes made)
(38 real changes made)
(27 real changes made)
(10 real changes made)
(304 real changes made)
(287 real changes made)
(276 real changes made)
(266 real changes made)
(233 real changes made)
(215 real changes made)
(201 real changes made)
(193 real changes made)
(184 real changes made)
(174 real changes made)
(160 real changes made)
(314 real changes made)
(305 real changes made)
(293 real changes made)
(254 real changes made)
(208 real changes made)
(197 real changes made)
(183 real changes made)
(172 real changes made)
(163 real changes made)
(154 real changes made)
(140 real changes made)
(130 real changes made)
(121 real changes made)
(113 real changes made)
(99 real changes made)
(81 real changes made)
(48 real changes made)
(38 real changes made)
(27 real changes made)
(10 real changes made)
(304 real changes made)
(287 real changes made)
(276 real changes made)
(266 real changes made)
(233 real changes made)
(215 real changes made)
(201 real changes made)
(193 real changes made)
(184 real changes made)
(174 real changes made)
(160 real changes made)
(324 real changes made)
(315 real changes made)
(303 real changes made)
(264 real changes made)
(218 real changes made)
(207 real changes made)
(193 real changes made)
(182 real changes made)
(173 real changes made)
(164 real changes made)
(150 real changes made)
(140 real changes made)
(131 real changes made)
(123 real changes made)
(99 real changes made)
(81 real changes made)
(48 real changes made)
(38 real changes made)
(27 real changes made)
(10 real changes made)
(314 real changes made)
(297 real changes made)
(286 real changes made)
(276 real changes made)
(243 real changes made)
(225 real changes made)
(201 real changes made)
(193 real changes made)
(184 real changes made)
(174 real changes made)
(160 real changes made)

.   *Get rid of year-0 variables;
.    foreach v of varlist *_prev0 {;
  2.      rename `v' tmp_`v';
  3.     };

.   *Drop year-19 variables:  CCD only goes to 2005, so thes
> e are identically 0 in sample;
.    foreach v of varlist *_prev19 {;
  2.      assert `v'==0 if ltdebt_pp<.;
  3.      drop `v';
  4.    };

.   *Start to run the regressions;
.   *Design:  No district FEs, cubic controls, GO bonds only
> ;
. ;
.    *areg ltdebt_pp gobond_prev* req_prev* win_prev* yrdums
> *
>                 percent_prev* percent2_prev* percent3_prev
> * ,
>               absorb(newleaid) cluster(newleaid);
.     foreach v of varlist totalexp_pp /*tcapout_pp tcurinst
> _pp*/ {;
  2.        matrix coeffs_`v'=J(19, 3, 0);
  3.        qui areg `v' gobond_prev* req_prev* win_prev* yr
> dums*
>                 percent_prev* percent2_prev* percent3_prev
> * ,
>               absorb(newleaid) cluster(newleaid);
  4.        forvalues r=1/18 {;
  5.           matrix coeffs_`v'[`r'+1, 1]=_b[win_prev`r'];
  6.           matrix coeffs_`v'[`r'+1, 2]=_se[win_prev`r'];
  7.           matrix coeffs_`v'[`r'+1, 3]=`r';
  8.           };
  9.        matrix colnames coeffs_`v'=b se year;
 10.        matrix coleq coeffs_`v'=d_`v';
 11.     };

.   *matrix coeffsall=(coeffs_ltdebt_pp, coeffs_totalexp_pp,
>  coeffs_tcapout_pp, coeffs_tcurinst_pp);
.   *matrix coeffsdyn=(coeffs_tcapout_pp, coeffs_tcurinst_pp
> );
.   matrix coeffsdyn=(coeffs_totalexp_pp);

. ***Now start over and run the recursive specification;
.   use if gobond==1 using ../tables/programs/recursivepanel
> , clear;

.   qui tab year, gen(yrdums);

.   qui tab dyear, gen(dydums);

.   tempfile basedat;

.   save `basedat';
file C:\DOCUME~1\JESSER~1\LOCALS~1\Temp\ST_0000009q.tmp save
> d

.   foreach v of varlist totalexp_pp /*tcapout_pp tcurinst_p
> p*/ {;
  2.         matrix coeffs_`v'=J(19, 3, 0);
  3.     runrecursive, fname("`basedat'") start(-11) end(18)
>  dvar(`v');
  4.     forvalues r=1/18 {;
  5.         matrix coeffs_`v'[`r'+1, 1]=_b[win_`r'];
  6.         matrix coeffs_`v'[`r'+1, 2]=_se[win_`r'];
  7.         matrix coeffs_`v'[`r'+1, 3]=`r';
  8.         };
  9.      matrix colnames coeffs_`v'=b se year;
 10.      matrix coleq coeffs_`v'=s_`v';
 11.   };
(22012 observations created)
(30619 missing values generated)
(22004 real changes made)
(1230 real changes made, 1230 to missing)
(dropping A_yrdums1 because it does not vary within category
> )
(dropping A_yrdums2 because it does not vary within category
> )
(dropping A_yrdums3 because it does not vary within category
> )
(dropping A_yrdums4 because it does not vary within category
> )
(dropping A_yrdums5 because it does not vary within category
> )
(dropping A_yrdums6 because it does not vary within category
> )
(dropping A_yrdums7 because it does not vary within category
> )
(dropping A_yrdums8 because it does not vary within category
> )
(dropping A_yrdums20 because it does not vary within categor
> y)
(dropping A_dydums1 because it does not vary within category
> )
(dropping A_dydums2 because it does not vary within category
> )
(dropping A_dydums3 because it does not vary within category
> )
(dropping A_dydums4 because it does not vary within category
> )
(dropping A_dydums5 because it does not vary within category
> )
(dropping A_dydums6 because it does not vary within category
> )
(dropping A_dydums7 because it does not vary within category
> )
(dropping A_dydums8 because it does not vary within category
> )
(dropping A_dydums39 because it does not vary within categor
> y)
(dropping A_win_19 because it does not vary within category)
(dropping A_req_19 because it does not vary within category)
(dropping A_percent_19 because it does not vary within categ
> ory)
(dropping A_percent2_19 because it does not vary within cate
> gory)
(dropping A_percent3_19 because it does not vary within cate
> gory)
(dropping B_dydums1 because it does not vary within category
> )
(dropping B_dydums2 because it does not vary within category
> )
(dropping B_dydums3 because it does not vary within category
> )
(dropping B_dydums4 because it does not vary within category
> )
(dropping B_dydums5 because it does not vary within category
> )
(dropping B_dydums6 because it does not vary within category
> )
(dropping B_dydums7 because it does not vary within category
> )
(dropping B_dydums8 because it does not vary within category
> )
(dropping B_dydums20 because it does not vary within categor
> y)
(dropping B_dydums39 because it does not vary within categor
> y)
(dropping B_win_19 because it does not vary within category)
(dropping B_req_19 because it does not vary within category)
(dropping B_percent_19 because it does not vary within categ
> ory)
(dropping B_percent2_19 because it does not vary within cate
> gory)
(dropping B_percent3_19 because it does not vary within cate
> gory)

Linear regression, absorbing indicators                Numbe
> r of obs =   34179
                                                       F( 23
> 8, 633)                                                   
>          =       .
                                                       Prob 
> > F      =
                                                       R-squ
> ared     =  0.9657
                                                       Adj R
> -squared =  0.9628
                                                       Root 
> MSE      =  747.41

                             (Std. Err. adjusted for 634 clu
> sters in newleaid)
------------------------------------------------------------
> ------------------
             |               Robust
        dvar |      Coef.   Std. Err.      t    P>|t|     [9
> 5% Conf. Interval]
-------------+----------------------------------------------
> ------------------
   A_yrdums1 |  (dropped)
   A_yrdums2 |  (dropped)
   A_yrdums3 |  (dropped)
   A_yrdums4 |  (dropped)
   A_yrdums5 |  (dropped)
   A_yrdums6 |  (dropped)
   A_yrdums7 |  (dropped)
   A_yrdums8 |  (dropped)
   A_yrdums9 |  -4017.877   7001.871    -0.57   0.566    -17
> 767.58    9731.828
  A_yrdums10 |  -3919.188   6307.704    -0.62   0.535    -16
> 305.74    8467.367
  A_yrdums11 |  -3445.592   5612.273    -0.61   0.539    -14
> 466.52    7575.333
  A_yrdums12 |  -2840.409   4912.418    -0.58   0.563    -12
> 487.02    6806.198
  A_yrdums13 |  -2673.917    4207.17    -0.64   0.525    -10
> 935.62    5587.783
  A_yrdums14 |  -1894.921   3508.622    -0.54   0.589    -87
> 84.868    4995.026
  A_yrdums15 |  -1202.729   2808.762    -0.43   0.669    -67
> 18.347     4312.89
  A_yrdums16 |  -834.1892   2108.676    -0.40   0.693    -49
> 75.036    3306.658
  A_yrdums17 |  -677.9406   1405.205    -0.48   0.630    -34
> 37.368    2081.487
  A_yrdums18 |  -383.8297   701.3424    -0.55   0.584    -17
> 61.069    993.4095
  A_yrdums19 |  (dropped)
  A_yrdums20 |  (dropped)
   A_dydums1 |  (dropped)
   A_dydums2 |  (dropped)
   A_dydums3 |  (dropped)
   A_dydums4 |  (dropped)
   A_dydums5 |  (dropped)
   A_dydums6 |  (dropped)
   A_dydums7 |  (dropped)
   A_dydums8 |  (dropped)
   A_dydums9 |  (dropped)
  A_dydums10 |  -212.2998   697.1224    -0.30   0.761    -15
> 81.252    1156.652
  A_dydums11 |  -407.3736   1396.555    -0.29   0.771    -31
> 49.815    2335.068
  A_dydums12 |  -590.7358   2092.867    -0.28   0.778    -47
> 00.538    3519.067
  A_dydums13 |  -698.7168   2796.085    -0.25   0.803     -6
> 189.44    4792.007
  A_dydums14 |  -842.0168   3494.393    -0.24   0.810    -77
> 04.021    6019.988
  A_dydums15 |  -937.9634   4195.541    -0.22   0.823    -91
> 76.827      7300.9
  A_dydums16 |  -1085.715   4896.139    -0.22   0.825    -10
> 700.35    8528.924
  A_dydums17 |  -1203.492   5601.907    -0.21   0.830    -12
> 204.06    9797.078
  A_dydums18 |  -1436.701   6297.751    -0.23   0.820    -13
> 803.71    10930.31
  A_dydums19 |  -1593.747   6996.594    -0.23   0.820    -15
> 333.09     12145.6
  A_dydums20 |  -1851.721   7692.761    -0.24   0.810    -16
> 958.14     13254.7
  A_dydums21 |  -312.1051   8724.922    -0.04   0.971     -1
> 7445.4    16821.19
  A_dydums22 |  -3897.779   8190.117    -0.48   0.634    -19
> 980.86    12185.31
  A_dydums23 |   -4187.45    7658.73    -0.55   0.585    -19
> 227.04    10852.14
  A_dydums24 |   2321.306   4077.567     0.57   0.569    -56
> 85.889     10328.5
  A_dydums25 |  (dropped)
  A_dydums26 |  (dropped)
  A_dydums27 |  (dropped)
  A_dydums28 |  (dropped)
  A_dydums29 |  (dropped)
  A_dydums30 |  (dropped)
  A_dydums31 |  (dropped)
  A_dydums32 |  (dropped)
  A_dydums33 |  (dropped)
  A_dydums34 |  (dropped)
  A_dydums35 |  (dropped)
  A_dydums36 |  (dropped)
  A_dydums37 |  (dropped)
  A_dydums38 |  (dropped)
  A_dydums39 |  (dropped)
     A_win_1 |   305.9626   166.3166     1.84   0.066    -20
> .63632    632.5616
     A_win_2 |   850.4466   202.5706     4.20   0.000     45
> 2.6549    1248.238
     A_win_3 |   1155.328   255.2058     4.53   0.000     65
> 4.1753     1656.48
     A_win_4 |   872.1488   289.7885     3.01   0.003     30
> 3.0856    1441.212
     A_win_5 |   218.9129   296.0791     0.74   0.460    -36
> 2.5031     800.329
     A_win_6 |   -277.467    312.859    -0.89   0.375    -89
> 1.8341    336.9001
     A_win_7 |   -378.084   295.5182    -1.28   0.201    -95
> 8.3985    202.2305
     A_win_8 |  -301.3795   319.4777    -0.94   0.346    -92
> 8.7438    325.9848
     A_win_9 |  -527.5977   321.0275    -1.64   0.101    -11
> 58.005      102.81
    A_win_10 |  -494.4851   335.1624    -1.48   0.141     -1
> 152.65    163.6795
    A_win_11 |  -215.2156   354.2829    -0.61   0.544    -91
> 0.9275    480.4964
    A_win_12 |  -226.4214   391.6467    -0.58   0.563    -99
> 5.5052    542.6625
    A_win_13 |  -168.2118   429.3763    -0.39   0.695    -10
> 11.386    674.9623
    A_win_14 |   90.15477   446.0437     0.20   0.840    -78
> 5.7496    966.0591
    A_win_15 |  -122.8832   464.4289    -0.26   0.791    -10
> 34.891    789.1244
    A_win_16 |  -397.2133   646.2112    -0.61   0.539     -1
> 666.19    871.7637
    A_win_17 |  -613.9533   619.0428    -0.99   0.322    -18
> 29.579    601.6726
    A_win_18 |  -1166.682   883.1696    -1.32   0.187    -29
> 00.979    567.6144
    A_win_19 |  (dropped)
     A_req_1 |   10.91996   12.47748     0.88   0.382     -1
> 3.5823    35.42222
     A_req_2 |   18.22821   16.58305     1.10   0.272    -14
> .33623    50.79264
     A_req_3 |   43.61663   19.94621     2.19   0.029     4.
> 447887    82.78537
     A_req_4 |   33.93356   26.75636     1.27   0.205    -18
> .60841    86.47553
     A_req_5 |   103.6109   26.38594     3.93   0.000     51
> .79633    155.4255
     A_req_6 |    103.045   31.30541     3.29   0.001     41
> .56998      164.52
     A_req_7 |   97.07279   38.33506     2.53   0.012     21
> .79353    172.3521
     A_req_8 |    107.258   46.36843     2.31   0.021     16
> .20342    198.3125
     A_req_9 |   76.35666   57.17992     1.34   0.182    -35
> .92863    188.6419
 A_percent_1 |  -132.7728   267.2485    -0.50   0.619    -65
> 7.5736    392.0281
 A_percent_2 |   23.35923   321.4811     0.07   0.942    -60
> 7.9392    654.6577
 A_percent_3 |    29.6936   433.0085     0.07   0.945    -82
> 0.6132    880.0004
 A_percent_4 |  -308.3467    506.788    -0.61   0.543    -13
> 03.536    686.8424
 A_percent_5 |  -486.1462   534.0206    -0.91   0.363    -15
> 34.812    562.5199
 A_percent_6 |  -466.6573    543.061    -0.86   0.390    -15
> 33.076    599.7618
 A_percent_7 |  -448.1039   539.2463    -0.83   0.406    -15
> 07.032    610.8241
 A_percent_8 |  -509.3206     543.35    -0.94   0.349    -15
> 76.307     557.666
 A_percent_9 |  -323.0529   540.4178    -0.60   0.550    -13
> 84.281    738.1756
A_percent2_1 |    2.11194   4.303219     0.49   0.624    -6.
> 338372    10.56225
A_percent2_2 |  -.4583344   5.244294    -0.09   0.930    -10
> .75665    9.839985
A_percent2_3 |  -1.539781     7.0158    -0.22   0.826    -15
> .31684    12.23728
A_percent2_4 |   4.366799   8.201519     0.53   0.595    -11
> .73868    20.47227
A_percent2_5 |    7.98718   8.611961     0.93   0.354    -8.
> 924288    24.89865
A_percent2_6 |   7.118493   8.871913     0.80   0.423    -10
> .30345    24.54043
A_percent2_7 |   6.899674   8.741512     0.79   0.430     -1
> 0.2662    24.06554
A_percent2_8 |   8.290107   8.849443     0.94   0.349     -9
> .08771    25.66792
A_percent2_9 |   3.797687   8.808406     0.43   0.667    -13
> .49955    21.09492
A_percent3_1 |  -.0105293   .0223673    -0.47   0.638    -.0
> 544524    .0333938
A_percent3_2 |   .0032892    .027679     0.12   0.905    -.0
> 510646     .057643
A_percent3_3 |   .0134976   .0368989     0.37   0.715    -.0
> 589613    .0859566
A_percent3_4 |  -.0188499   .0429002    -0.44   0.661    -.1
> 030939    .0653941
A_percent3_5 |  -.0405993   .0449584    -0.90   0.367    -.1
> 288849    .0476862
A_percent3_6 |  -.0320528   .0471265    -0.68   0.497    -.1
> 245959    .0604904
A_percent3_7 |  -.0322256   .0460832    -0.70   0.485      -
> .12272    .0582688
A_percent3_8 |  -.0424201    .046803    -0.91   0.365    -.1
> 343279    .0494878
A_percent3_9 |  -.0110419   .0468776    -0.24   0.814    -.1
> 030963    .0810125
    A_req_10 |   67.16409   66.89655     1.00   0.316    -64
> .20191    198.5301
    A_req_11 |   74.31953   76.21098     0.98   0.330    -75
> .33739    223.9765
    A_req_12 |    77.3742   85.56597     0.90   0.366     -9
> 0.6533    245.4017
    A_req_13 |   88.19965   95.36891     0.92   0.355    -99
> .07807    275.4774
    A_req_14 |   105.6874    105.601     1.00   0.317    -10
> 1.6832    313.0581
    A_req_15 |   91.16645   115.7058     0.79   0.431    -13
> 6.0473    318.3802
    A_req_16 |   198.2952   196.6926     1.01   0.314    -18
> 7.9537    584.5441
    A_req_17 |   319.3943   226.9156     1.41   0.160    -12
> 6.2041    764.9928
    A_req_18 |    393.684   305.5804     1.29   0.198      -
> 206.39    993.7581
    A_req_19 |  (dropped)
A_percent_10 |  -282.7667   539.1517    -0.52   0.600    -13
> 41.509    775.9754
A_percent_11 |  -381.8696   539.7515    -0.71   0.480     -1
> 441.79    678.0504
A_percent_12 |   -405.395   540.5326    -0.75   0.454    -14
> 66.849    656.0589
A_percent_13 |  -435.9787   541.5407    -0.81   0.421    -14
> 99.412    627.4548
A_percent_14 |  -444.5477   539.0871    -0.82   0.410    -15
> 03.163    614.0678
A_percent_15 |  -473.8728   539.4814    -0.88   0.380    -15
> 33.262    585.5168
A_percent_16 |  -933.2864   717.4813    -1.30   0.194    -23
> 42.218    475.6451
A_percent_17 |  -1442.608   814.4242    -1.77   0.077    -30
> 41.908    156.6922
A_percent_18 |  -1692.513   1198.926    -1.41   0.159    -40
> 46.867    661.8407
A_percent_19 |  (dropped)
A_percent2~0 |   2.909408   8.773791     0.33   0.740    -14
> .31985    20.13867
A_perce~2_11 |   5.290388   8.796601     0.60   0.548    -11
> .98366    22.56444
A_perce~2_12 |   5.614592   8.822209     0.64   0.525    -11
> .70974    22.93893
A_perce~2_13 |   6.044936   8.875705     0.68   0.496    -11
> .38445    23.47432
A_perce~2_14 |   5.235167   8.822696     0.59   0.553    -12
> .09013    22.56046
A_perce~2_15 |   6.370915   8.870758     0.72   0.473    -11
> .04876    23.79059
A_perce~2_16 |   15.31747   11.80655     1.30   0.195    -7.
> 867278    38.50222
A_perce~2_17 |   24.52581   13.58148     1.81   0.071    -2.
> 144403    51.19601
A_perce~2_18 |   28.31609   21.56197     1.31   0.190    -14
> .02556    70.65774
A_perce~2_19 |  (dropped)
A_percent3~0 |   -.005745   .0464696    -0.12   0.902    -.0
> 969983    .0855083
A_perce~3_11 |  -.0216675   .0467257    -0.46   0.643    -.1
> 134236    .0700887
A_perce~3_12 |  -.0225063   .0467528    -0.48   0.630    -.1
> 143157    .0693032
A_perce~3_13 |  -.0256561    .047352    -0.54   0.588    -.1
> 186421      .06733
A_perce~3_14 |  -.0167934   .0470302    -0.36   0.721    -.1
> 091475    .0755607
A_perce~3_15 |  -.0242796   .0477316    -0.51   0.611    -.1
> 180111    .0694519
A_perce~3_16 |  -.0786484   .0618287    -1.27   0.204    -.2
> 000626    .0427658
A_perce~3_17 |  -.1297059   .0722244    -1.80   0.073    -.2
> 715344    .0121226
A_perce~3_18 |  -.1462428   .1230661    -1.19   0.235    -.3
> 879101    .0954245
A_perce~3_19 |  (dropped)
   B_yrdums1 |  (dropped)
   B_yrdums2 |   .0002199   .0152725     0.01   0.989     -.
> 029771    .0302108
   B_yrdums3 |  -.0218476   .0140631    -1.55   0.121    -.0
> 494636    .0057684
   B_yrdums4 |  -.0229437   .0119434    -1.92   0.055    -.0
> 463972    .0005099
   B_yrdums5 |  -.0121356   .0134457    -0.90   0.367    -.0
> 385392    .0142679
   B_yrdums6 |  -.0216583   .0132178    -1.64   0.102    -.0
> 476144    .0042977
   B_yrdums7 |   -.023151   .0106788    -2.17   0.031    -.0
> 441212   -.0021808
   B_yrdums8 |  -.0277243   .0128051    -2.17   0.031    -.0
> 528699   -.0025788
   B_yrdums9 |  -.0313193   .0128892    -2.43   0.015      -
> .05663   -.0060086
  B_yrdums10 |  -.0053481   .0138332    -0.39   0.699    -.0
> 325126    .0218165
  B_yrdums11 |   .0280184   .0158442     1.77   0.077    -.0
> 030952    .0591319
  B_yrdums12 |  -.0263042   .0143469    -1.83   0.067    -.0
> 544775    .0018691
  B_yrdums13 |  -.0427429   .0139976    -3.05   0.002    -.0
> 702304   -.0152555
  B_yrdums14 |  -.0218176   .0165395    -1.32   0.188    -.0
> 542966    .0106613
  B_yrdums15 |   .0235998   .0198286     1.19   0.234     -.
> 015338    .0625376
  B_yrdums16 |  -.0044254   .0175905    -0.25   0.801    -.0
> 389682    .0301173
  B_yrdums17 |  -.0046324   .0196936    -0.24   0.814    -.0
> 433051    .0340403
  B_yrdums18 |  -.0225653   .0198397    -1.14   0.256     -.
> 061525    .0163943
  B_yrdums19 |  -.0672444   .0189835    -3.54   0.000    -.1
> 045226   -.0299661
  B_yrdums20 |  (dropped)
   B_dydums1 |  (dropped)
   B_dydums2 |  (dropped)
   B_dydums3 |  (dropped)
   B_dydums4 |  (dropped)
   B_dydums5 |  (dropped)
   B_dydums6 |  (dropped)
   B_dydums7 |  (dropped)
   B_dydums8 |  (dropped)
   B_dydums9 |   .9406118   .3479569     2.70   0.007     .2
> 573223    1.623901
  B_dydums10 |   .9306369   .3478469     2.68   0.008     .2
> 475634     1.61371
  B_dydums11 |   .9371981   .3473429     2.70   0.007     .2
> 551144    1.619282
  B_dydums12 |   .9434388   .3487451     2.71   0.007     .2
> 586015    1.628276
  B_dydums13 |   .9477299   .3481612     2.72   0.007     .2
> 640393    1.631421
  B_dydums14 |    .941645   .3481714     2.70   0.007     .2
> 579344    1.625356
  B_dydums15 |    .951719   .3486815     2.73   0.007     .2
> 670066    1.636431
  B_dydums16 |   .9424889   .3485061     2.70   0.007      .
> 258121    1.626857
  B_dydums17 |   .9335804    .349175     2.67   0.008      .
> 247899    1.619262
  B_dydums18 |   .9363072   .3484432     2.69   0.007     .2
> 520628    1.620552
  B_dydums19 |    .919252   .3487711     2.64   0.009     .2
> 343637     1.60414
  B_dydums20 |  (dropped)
  B_dydums21 |   1.231065   .3421753     3.60   0.000     .5
> 591293    1.903001
  B_dydums22 |   1.131959    .365867     3.09   0.002     .4
> 134987    1.850419
  B_dydums23 |   1.028282   .3710065     2.77   0.006     .2
> 997298    1.756835
  B_dydums24 |   1.248114   .3940635     3.17   0.002     .4
> 742838    2.021943
  B_dydums25 |   .7118209   .3965482     1.80   0.073    -.0
> 668881     1.49053
  B_dydums26 |  (dropped)
  B_dydums27 |  (dropped)
  B_dydums28 |  (dropped)
  B_dydums29 |  (dropped)
  B_dydums30 |  (dropped)
  B_dydums31 |  (dropped)
  B_dydums32 |  (dropped)
  B_dydums33 |  (dropped)
  B_dydums34 |  (dropped)
  B_dydums35 |  (dropped)
  B_dydums36 |  (dropped)
  B_dydums37 |  (dropped)
  B_dydums38 |  (dropped)
  B_dydums39 |  (dropped)
     B_win_1 |   -.228903   .0341348    -6.71   0.000    -.2
> 959342   -.1618718
     B_win_2 |  -.1888132   .0311498    -6.06   0.000    -.2
> 499827   -.1276438
     B_win_3 |   -.109652   .0278307    -3.94   0.000    -.1
> 643037   -.0550003
     B_win_4 |  -.0966631   .0325107    -2.97   0.003    -.1
> 605049   -.0328212
     B_win_5 |  -.0128851   .0288582    -0.45   0.655    -.0
> 695545    .0437843
     B_win_6 |  -.0095679   .0305403    -0.31   0.754    -.0
> 695405    .0504047
     B_win_7 |   .0043629    .035702     0.12   0.903    -.0
> 657458    .0744717
     B_win_8 |   .0110476   .0453318     0.24   0.808    -.0
> 779713    .1000665
     B_win_9 |   .0666903   .0410619     1.62   0.105    -.0
> 139437    .1473243
    B_win_10 |    .005372   .0409263     0.13   0.896    -.0
> 749958    .0857398
    B_win_11 |   .0265951   .0591242     0.45   0.653    -.0
> 895082    .1426984
    B_win_12 |  -.0036915   .0550608    -0.07   0.947    -.1
> 118155    .1044324
    B_win_13 |   .0588745   .0679208     0.87   0.386    -.0
> 745028    .1922519
    B_win_14 |  -.0762753   .0538094    -1.42   0.157    -.1
> 819418    .0293911
    B_win_15 |  -.0549956   .0843837    -0.65   0.515    -.2
> 207015    .1107102
    B_win_16 |   .0381675    .106464     0.36   0.720     -.
> 170898    .2472329
    B_win_17 |  -.0005299   .1319849    -0.00   0.997    -.2
> 597112    .2586514
    B_win_18 |  -.0873512   .1503214    -0.58   0.561    -.3
> 825401    .2078378
    B_win_19 |  (dropped)
     B_req_1 |  -.0031753   .0016093    -1.97   0.049    -.0
> 063356    -.000015
     B_req_2 |  -.0026238   .0017377    -1.51   0.132    -.0
> 060362    .0007887
     B_req_3 |  -.0012571   .0015364    -0.82   0.414    -.0
> 042741    .0017599
     B_req_4 |  -.0041948   .0024476    -1.71   0.087    -.0
> 090011    .0006116
     B_req_5 |   .0029106   .0029237     1.00   0.320    -.0
> 028308     .008652
     B_req_6 |   .0153817   .0044038     3.49   0.001     .0
> 067339    .0240295
     B_req_7 |   .0120905   .0060962     1.98   0.048     .0
> 001193    .0240616
     B_req_8 |    .012506   .0058964     2.12   0.034     .0
> 009271    .0240849
     B_req_9 |   .0121067   .0063535     1.91   0.057    -.0
> 003697    .0245831
 B_percent_1 |  -.0185189   .0070914    -2.61   0.009    -.0
> 324444   -.0045934
 B_percent_2 |  -.0023615   .0069496    -0.34   0.734    -.0
> 160086    .0112857
 B_percent_3 |  -.0027971   .0058525    -0.48   0.633    -.0
> 142897    .0086955
 B_percent_4 |  -.0035621   .0070298    -0.51   0.613    -.0
> 173667    .0102426
 B_percent_5 |   .0054948   .0062446     0.88   0.379    -.0
> 067678    .0177574
 B_percent_6 |   .0085959   .0098482     0.87   0.383    -.0
> 107433    .0279351
 B_percent_7 |   .0318649   .0104846     3.04   0.002      .
> 011276    .0524538
 B_percent_8 |   .0155507   .0102743     1.51   0.131    -.0
> 046251    .0357266
 B_percent_9 |   .0137505   .0108975     1.26   0.207    -.0
> 076491    .0351501
B_percent2_1 |   .0005525    .000159     3.47   0.001     .0
> 002402    .0008647
B_percent2_2 |   .0001262   .0001814     0.70   0.487      -
> .00023    .0004824
B_percent2_3 |   .0001097    .000142     0.77   0.440    -.0
> 001691    .0003885
B_percent2_4 |    .000122   .0001708     0.71   0.475    -.0
> 002133    .0004574
B_percent2_5 |  -.0000865   .0001461    -0.59   0.554    -.0
> 003735    .0002004
B_percent2_6 |  -.0002706   .0001992    -1.36   0.175    -.0
> 006617    .0001205
B_percent2_7 |  -.0007922   .0002576    -3.08   0.002    -.0
> 012981   -.0002864
B_percent2_8 |  -.0003173   .0002444    -1.30   0.195    -.0
> 007973    .0001627
B_percent2_9 |  -.0002374   .0002296    -1.03   0.302    -.0
> 006882    .0002135
B_percent3_1 |  -3.74e-06   1.01e-06    -3.71   0.000    -5.
> 72e-06   -1.76e-06
B_percent3_2 |  -8.66e-07   1.26e-06    -0.69   0.491    -3.
> 34e-06    1.61e-06
B_percent3_3 |  -6.75e-07   9.59e-07    -0.70   0.482    -2.
> 56e-06    1.21e-06
B_percent3_4 |  -7.48e-07   1.16e-06    -0.65   0.518    -3.
> 02e-06    1.52e-06
B_percent3_5 |   3.65e-07   9.64e-07     0.38   0.705    -1.
> 53e-06    2.26e-06
B_percent3_6 |   2.00e-06   1.31e-06     1.53   0.126    -5.
> 61e-07    4.57e-06
B_percent3_7 |   5.36e-06   1.77e-06     3.03   0.003     1.
> 89e-06    8.84e-06
B_percent3_8 |   1.87e-06   1.66e-06     1.12   0.261    -1.
> 40e-06    5.14e-06
B_percent3_9 |   1.03e-06   1.50e-06     0.69   0.489    -1.
> 90e-06    3.97e-06
    B_req_10 |   .0143488   .0054371     2.64   0.009     .0
> 036718    .0250258
    B_req_11 |   .0125665   .0056783     2.21   0.027      .
> 001416    .0237171
    B_req_12 |    .027947   .0057752     4.84   0.000     .0
> 166062    .0392877
    B_req_13 |   .0122497   .0060452     2.03   0.043     .0
> 003786    .0241207
    B_req_14 |   .0130189   .0057232     2.27   0.023     .0
> 017803    .0242576
    B_req_15 |   .0158153   .0046198     3.42   0.001     .0
> 067433    .0248873
    B_req_16 |   .0137317   .0051763     2.65   0.008      .
> 003567    .0238964
    B_req_17 |   .0166286   .0292491     0.57   0.570    -.0
> 408083    .0740656
    B_req_18 |  -.0114492   .0483108    -0.24   0.813     -.
> 106318    .0834195
    B_req_19 |  (dropped)
B_percent_10 |   .0060673   .0083472     0.73   0.468    -.0
> 103242    .0224587
B_percent_11 |   .0120789   .0107802     1.12   0.263    -.0
> 090904    .0332483
B_percent_12 |  -.0517013   .0072954    -7.09   0.000    -.0
> 660274   -.0373752
B_percent_13 |   .0174211   .0118293     1.47   0.141    -.0
> 058084    .0406505
B_percent_14 |   .0139194   .0119459     1.17   0.244    -.0
> 095389    .0373777
B_percent_15 |    .023551   .0158776     1.48   0.138    -.0
> 076282    .0547302
B_percent_16 |  -.0049678   .0080857    -0.61   0.539    -.0
> 208458    .0109103
B_percent_17 |   -.002053   .1127985    -0.02   0.985    -.2
> 235575    .2194516
B_percent_18 |    .116682   .1911154     0.61   0.542    -.2
> 586148    .4919788
B_percent_19 |  (dropped)
B_percent2~0 |  -.0001446   .0002248    -0.64   0.520    -.0
> 005861    .0002968
B_perce~2_11 |  -.0002195   .0002871    -0.76   0.445    -.0
> 007833    .0003443
B_perce~2_12 |   .0009339   .0001911     4.89   0.000     .0
> 005587    .0013091
B_perce~2_13 |  -.0003149   .0002965    -1.06   0.289    -.0
> 008971    .0002674
B_perce~2_14 |  -.0002909   .0003133    -0.93   0.354    -.0
> 009063    .0003244
B_perce~2_15 |  -.0006846   .0004481    -1.53   0.127    -.0
> 015645    .0001953
B_perce~2_16 |   .0002586   .0002318     1.12   0.265    -.0
> 001966    .0007137
B_perce~2_17 |  -.0000719   .0020623    -0.03   0.972    -.0
> 041217    .0039779
B_perce~2_18 |  -.0021855   .0034411    -0.64   0.526    -.0
> 089428    .0045718
B_perce~2_19 |  (dropped)
B_percent3~0 |   9.36e-07   1.56e-06     0.60   0.549    -2.
> 13e-06    4.00e-06
B_perce~3_11 |   1.17e-06   2.10e-06     0.56   0.579    -2.
> 96e-06    5.30e-06
B_perce~3_12 |  -5.18e-06   1.47e-06    -3.53   0.000    -8.
> 06e-06   -2.30e-06
B_perce~3_13 |   1.43e-06   2.12e-06     0.67   0.501    -2.
> 73e-06    5.58e-06
B_perce~3_14 |   1.86e-06   2.23e-06     0.83   0.404    -2.
> 52e-06    6.25e-06
B_perce~3_15 |   4.99e-06   3.22e-06     1.55   0.122    -1.
> 33e-06    .0000113
B_perce~3_16 |  -2.26e-06   1.66e-06    -1.36   0.175    -5.
> 52e-06    1.01e-06
B_perce~3_17 |   1.34e-06   .0000118     0.11   0.910    -.0
> 000219    .0000246
B_perce~3_18 |   .0000128   .0000192     0.67   0.503    -.0
> 000248    .0000505
B_perce~3_19 |  (dropped)
       _cons |    4446.21   4963.671     0.90   0.371    -53
> 01.043    14193.46
-------------+----------------------------------------------
> ------------------
     refidAB |   absorbed                                   
>  (2452 categories)
------------------------------------------------------------
> ------------------
 totalexp_pp |      Coef.   Std. Err.      z    P>|z|     [9
> 5% Conf. Interval]
-------------+----------------------------------------------
> ------------------
       win_1 |   305.9626   166.3166     1.84   0.066    -20
> .01185    631.9371
       win_2 |   920.4824   225.2116     4.09   0.000     47
> 9.0758    1361.889
       win_3 |   1423.799   297.0089     4.79   0.000      8
> 41.672    2005.926
       win_4 |   1405.409    358.489     3.92   0.000     70
> 2.7839    2108.035
       win_5 |   939.9554   403.7491     2.33   0.020     14
> 8.6217    1731.289
       win_6 |   452.0929   454.8225     0.99   0.320    -43
> 9.3428    1343.529
       win_7 |   209.4001   482.8625     0.43   0.665     -7
> 36.993    1155.793
       win_8 |   96.65103   545.3227     0.18   0.859    -97
> 2.1618    1165.464
       win_9 |  -301.1693   576.3777    -0.52   0.601    -14
> 30.849    828.5103
      win_10 |  -489.7405   601.6446    -0.81   0.416    -16
> 68.942    689.4613
      win_11 |  -423.4176   639.8992    -0.66   0.508    -16
> 77.597    830.7617
      win_12 |  -560.1328   690.8294    -0.81   0.417    -19
> 14.133    793.8679
      win_13 |  -593.0222   745.6899    -0.80   0.426    -20
> 54.548    868.5031
      win_14 |  -376.6999   790.1269    -0.48   0.634     -1
> 925.32     1171.92
      win_15 |  -533.5331   807.0327    -0.66   0.509    -21
> 15.288    1048.222
      win_16 |  -752.5246   961.8173    -0.78   0.434    -26
> 37.652    1132.603
      win_17 |  -942.7021   1002.073    -0.94   0.347    -29
> 06.729    1021.325
      win_18 |  -1514.358   1242.568    -1.22   0.223    -39
> 49.747    921.0313
------------------------------------------------------------
> ------------------

.   *matrix coeffsrecurs=(coeffs_tcapout_pp, coeffs_tcurinst
> _pp);
.   matrix coeffsrecurs=coeffs_totalexp_pp;

. drop _all;

. set obs 19;
obs was 0, now 19

. svmat coeffsdyn, names(eqcol);
number of observations will be reset to 19
Press any key to continue, or Break to abort
obs was 0, now 19

. svmat coeffsrecurs, names(eqcol);

. rename d_totalexp_ppyear year;

. foreach v in  totalexp_pp /*tcapout_pp tcurinst_pp*/ {;
  2.  foreach s in s d {;
  3.   gen `s'_cil_`v'=`s'_`v'b - 1.96*`s'_`v'se;
  4.   gen `s'_ciu_`v'=`s'_`v'b + 1.96*`s'_`v'se;
  5.   };
  6. };

. drop if year>15;
(3 observations deleted)

. scatter s_totalexp_ppb d_totalexp_ppb year, mcolor(black g
> s10 ) c(l l) clcolor(black gs10) ||
> line s_cil_totalexp_pp s_ciu_totalexp_pp
>      d_cil_totalexp_pp d_ciu_totalexp_pp year,
>        clpattern(shortdash shortdash shortdash shortdash)
>        clcolor(black black gs10 gs10)
>        xtitle("Year (relative to election)") xlabel(0 (3) 
> 15)
>        ytitle("Mean expenditures PP") ylabel(-2000 (1000) 
> 2000, nogrid) yline(0, lpattern(dot))
>        legend(label(2 "One-step estimate") label(5 "One-st
> ep 95% CI")
>               label(1 "Recursive estimate") label(3 "Recur
> sive 95% CI") order( 1 2 3 5) cols(2))
>        title("Recursive and one-step estimates of dynamic 
> treatment effects of bond passage "
>              "on capital outlays per pupil, by years since
>  election")
>        note(`"Notes:  Graphs show coefficients and 95% con
> fidence intervals for estimates of bond passage"'
>             `"effects at each lag from the "recursive" and
>  "one-step" estimators discussed in the text."'
>             `"Standard errors are clustered at the distric
> t level."')
>         saving(fig4, replace);
(note: file fig4.gph not found)
(file fig4.gph saved)

. scatter s_totalexp_ppb d_totalexp_ppb year, mcolor(black g
> s10 ) c(l l) clcolor(black gs10) ||
> line s_cil_totalexp_pp s_ciu_totalexp_pp
>      d_cil_totalexp_pp d_ciu_totalexp_pp year,
>        clpattern(shortdash shortdash shortdash shortdash)
>        clcolor(black black gs10 gs10)
>        xtitle("Year (relative to election)") xlabel(0 (3) 
> 15)
>        ytitle("Mean expenditures PP") ylabel(-2000 (1000) 
> 2000, nogrid) yline(0, lpattern(dot))
>        legend(label(2 "One-step estimate") label(5 "One-st
> ep 95% CI")
>               label(1 "Recursive estimate") label(3 "Recur
> sive 95% CI") order( 1 2 3 5) cols(2))
>         saving(fig4_notitle, replace);
(note: file fig4_notitle.gph not found)
(file fig4_notitle.gph saved)

. /*
> scatter s_tcapout_ppb d_tcapout_ppb year, mcolor(black gs1
> 0 ) c(l l) clcolor(black gs10) ||
> line s_cil_tcapout_pp s_ciu_tcapout_pp
>      d_cil_tcapout_pp d_ciu_tcapout_pp year,
>        clpattern(shortdash shortdash shortdash shortdash)
>        clcolor(black black gs10 gs10)
>        xtitle("Year (relative to election)") xlabel(0 (3) 
> 15)
>        ytitle("Mean capital outlays PP") ylabel(-2000 (100
> 0) 2000, nogrid) yline(0, lpattern(dot))
>        legend(label(2 "One-step estimate") label(5 "One-st
> ep 95% CI")
>               label(1 "Recursive estimate") label(3 "Recur
> sive 95% CI") order( 1 2 3 5) cols(2))
>        title("Recursive and one-step estimates of dynamic 
> treatment effects of bond passage "
>              "on capital outlays per pupil, by years since
>  election")
>        note(`"Notes:  Graphs show coefficients and 95% con
> fidence intervals for estimates of bond passage"'
>             `"effects at each lag from the "recursive" and
>  "one-step" estimators discussed in the text."'
>             `"Standard errors are clustered at the distric
> t level."')
>         saving(fig7, replace);
> scatter s_tcapout_ppb d_tcapout_ppb year, mcolor(black gs1
> 0 ) c(l l) clcolor(black gs10) ||
> line s_cil_tcapout_pp s_ciu_tcapout_pp
>      d_cil_tcapout_pp d_ciu_tcapout_pp year,
>        clpattern(shortdash shortdash shortdash shortdash)
>        clcolor(black black gs10 gs10)
>        xtitle("Year (relative to election)") xlabel(0 (3) 
> 15)
>        ytitle("Mean capital outlays PP") ylabel(-2000 (100
> 0) 2000, nogrid) yline(0, lpattern(dot))
>        legend(label(2 "One-step estimate") label(5 "One-st
> ep 95% CI")
>               label(1 "Recursive estimate") label(3 "Recur
> sive 95% CI") order( 1 2 3 5) cols(2))
>         saving(fig7_notitle, replace);
> 
> scatter s_tcurinst_ppb d_tcurinst_ppb year, mcolor(black g
> s10 ) c(l l) clcolor(black gs10) ||
> line s_cil_tcurinst_pp s_ciu_tcurinst_pp
>      d_cil_tcurinst_pp d_ciu_tcurinst_pp year,
>        clpattern(shortdash shortdash shortdash shortdash)
>        clcolor(black black gs10 gs10)
>        xtitle("Year (relative to election)") xlabel(0 (3) 
> 15)
>        ytitle("Mean current instruct. expend. PP") ylabel(
> -2000 (1000) 2000, nogrid) yline(0, lpattern(dot))
>        legend(label(2 "One-step estimate") label(5 "One-st
> ep 95% CI")
>               label(1 "Recursive estimate") label(3 "Recur
> sive 95% CI") order( 1 2 3 5) cols(2))
>        title("Recursive and one-step estimates of dynamic 
> treatment effects of bond passage "
>              "on current instructional expenditures per pu
> pil, by years since election")
>        note(`"Notes:  Graphs show coefficients and 95% con
> fidence intervals for estimates of bond passage"'
>             `"effects at each lag from the "recursive" and
>  "one-step" estimators discussed in the text."'
>             `"Standard errors are clustered at the distric
> t level."')
>         saving(fig7b, replace);
> scatter s_tcurinst_ppb d_tcurinst_ppb year, mcolor(black g
> s10 ) c(l l) clcolor(black gs10) ||
> line s_cil_tcurinst_pp s_ciu_tcurinst_pp
>      d_cil_tcurinst_pp d_ciu_tcurinst_pp year,
>        clpattern(shortdash shortdash shortdash shortdash)
>        clcolor(black black gs10 gs10)
>        xtitle("Year (relative to election)") xlabel(0 (3) 
> 15)
>        ytitle("Mean current instruct. expend. PP") ylabel(
> -2000 (1000) 2000, nogrid) yline(0, lpattern(dot))
>        legend(label(2 "One-step estimate") label(5 "One-st
> ep 95% CI")
>               label(1 "Recursive estimate") label(3 "Recur
> sive 95% CI") order( 1 2 3 5) cols(2))
>         saving(fig7b_notitle, replace);
> */
> log close;
       log:  C:\Documents and Settings\Jesse Rothstein\My Do
> cuments\projects\caelections\archive\figs_treatfx.log
  log type:  text
 closed on:   6 Mar 2010, 13:45:43
------------------------------------------------------------
