------------------------------------------------------------
       log:  C:\Documents and Settings\Jesse Rothstein\My Do
> cuments\projects\caelections\archive\makefullpanel.log
  log type:  text
 opened on:   6 Mar 2010, 13:37:19

. 
. # delimit;
delimiter now ;
. version 9.2;

. set more off;

. clear;

. /*********************************************************
> ***
> * makefullpanel.do
> * Jesse Rothstein
> * April 10, 2008
> *
> * Prepare data for the "full" analysis, using all district
> -year observations and with all leads and
> * lags of the election variables.
> *
> * Modified, June 26, 2008:
> *    1) Extend measures data back to 1987 (there are a cou
> ple in 1986,
> *       but it looks as if most are missing).
> *    2) Modify "bad observation" processing to deal with a
>  couple of
> *       measures where "percent" is missing or "req" is in
> correct in
> *       early years.
> *    3) Change code to select GO Bonds over parcel taxes a
> s a higher
> *       priority than selecting on the vote share when mul
> tiple measures
> *       occur in the same year.
> *
> * HISTORY:
> * Based on:
> * graphs.do
> *    By Francisco Perez Arce Novaro
> *    July 31, 2007
> *
> *    Generates scatter plots of vote share and financial v
> ariables, as well as enrollment.
> *    Uses data created by newleaidsforleafinancepanel.do (
> in this directory)
> *    the dataset used is "newleaidsforleafinancepanel.dta 
> (in this directory)
> *    Creates gphs, stored in a subfolder of this directory
>  (raw)
> *    to run this program: place this do file in the same d
> irectory as "newleaidsforleafinancepanel.dta
> *    and open two subfolders in this directory with names:
>  "raw" and "graphs"
> * prepdata.do (in spending\march2008 directory)
> *    Updated:
> *    8/1/2007, by fpan:  added these comments
> *    8/2/2007, by fpan: created cumulative variables and c
> umulative graphs
> *    8/8/2007, by fpan: changed censors for some variables
> ;
> *    8/13/2007 by fpan: changed censors for some variables
> ;
> *    8/20/2007 by fpan: created `v'_to for year==-2;
> *
> 
> **********************************************************
> ****/
> 
> 
> 
> 
> set mem 100m;

Current memory allocation

                    current                                 
> memory usage
    settable          value     description                 
> (1M = 1024k)
    --------------------------------------------------------
> ------------
    set maxvar         5000     max. variables allowed      
>      1.909M
    set memory          100M    max. data space             
>    100.000M
    set matsize         400     max. RHS vars in models     
>      1.254M
                                                            
> -----------
                                                            
>    103.163M

. if c(os)=="MacOSX" {;
.   local projectbase "/Volumes/Dept/WWS/Research/Rothstein/
> projects/caelections";
. };

. else {;
.   local projectbase "t:\projects\caelections";
. };

. *Get the measure data ready;
. * use "`projectbase'\houseprices\fromfernando\referenda_ne
> wleaids_capital.dta";
.  use "referenda_newleaids_capital.dta";

.  rename year yearref;

.  *note: we are replacing calendar year with schoolyear;
.   clonevar year=yearref;

.   replace yearref = yearref - 1 if month<5;
(598 real changes made)

.   label var yearref "schoolyear starting yr of elec.";

.  *change req threshold and type in one election, look at :
> \\coauthor\referenda_graphing_RDD.do for details;
.   replace req="M" if newleaid=="0615180" & yearref==1992;
(1 real change made)

.   replace election_type="Other" if newleaid=="0615180" & y
> earref==1992;
(1 real change made)

.  *Select sample;
.   *Keep only measures since 1995;
.    *keep if yearref>=1995;
.   *Keep only measures since 1987;
.    keep if yearref>=1987;
(72 observations deleted)

.   *Keep only GO Bonds and parcel taxes;
.    keep if election_type== "GO Bond"  | election_type=="Pa
> rcel Tax";
(88 observations deleted)

.    gen gobond=(election_type=="GO Bond");

.    gen parcel_cap=(capitaloutlays=="Y")*(gobond==0);

.   *Identify measures where percent, passfail, and req dont
>  all match;
.    gen mv=percent-req_num;
(11 missing values generated)

.    gen badobs=(mv>=0 & mv<. & passfail=="F");

.    replace badobs=1 if mv<0 & passfail=="P";
(1 real change made)

.    replace badobs=1 if mv==.;
(11 real changes made)

.    count if badobs==1 & percent<.;
    1

.    assert r(N)==1;

.    count if badobs==1 & percent==.;
   11

.    replace percent=. if badobs==1;
(1 real change made, 1 to missing)

.    label var mv "voteshare-based MARGIN of VICTORY";

.   *If there are multiple measures that meet these criteria
> , keep winning over losing measures
>   *and then keep only the highest vote share.  Break ties 
> by (1) lowest requirement (2) GO over parcel.;
.    gen win=(passfail=="P");

.    gsort newleaid yearref badobs -gobond -win -percent req
> _num ;

.    by newleaid yearref: gen numelec=_N;

.    by newleaid yearref: gen numbad=sum(badobs);

.    by newleaid yearref: replace badobs=(numbad[_N]>0);
(1 real change made)

.    by newleaid yearref: keep if _n==1;
(128 observations deleted)

.    label var numelec "# of GO/parcel elecs in same year";

.    gen fakewin=(percent>=66.7) if percent<. & req_num<=56;
(1168 missing values generated)

.    replace fakewin=(percent>=55) if percent<. & req_num>=6
> 6 & req_num<.;
(1158 real changes made)

.    assert req_num<=56 | req_num>=66;

.    label var fakewin "Indicator for pass at counterfactual
>  threshold";

.  *We only need a few variables;
.    destring proposed_bond, gen(bondamt);
proposed_bond has all characters numeric; bondamt generated 
> as double
(324 missing values generated)

.    replace bondamt=0 if bondamt<. & win~=1;
(405 real changes made)

.   keep newleaid yearref percent win req_num numelec gobond
>  parcel_cap fakewin bondamt;

.   rename req_num req;

.  *Form counts of measures per district since 1983;
.   sort newleaid yearref;

.   by newleaid: gen measnum=_n;

.   by newleaid: gen nummeas=_N;

.   label var measnum "Measure number (chronological) in dis
> trict";

.   label var nummeas "Number of measures in district in sam
> ple";

.   tab measnum;

    Measure |
     number |
(chronologi |
    cal) in |
   district |      Freq.     Percent        Cum.
------------+-----------------------------------
          1 |        656       42.21       42.21
          2 |        423       27.22       69.43
          3 |        238       15.32       84.75
          4 |        123        7.92       92.66
          5 |         62        3.99       96.65
          6 |         31        1.99       98.65
          7 |         14        0.90       99.55
          8 |          6        0.39       99.94
          9 |          1        0.06      100.00
------------+-----------------------------------
      Total |      1,554      100.00

.   tab nummeas if measnum==nummeas;

  Number of |
measures in |
district in |
     sample |      Freq.     Percent        Cum.
------------+-----------------------------------
          1 |        233       35.52       35.52
          2 |        185       28.20       63.72
          3 |        115       17.53       81.25
          4 |         61        9.30       90.55
          5 |         31        4.73       95.27
          6 |         17        2.59       97.87
          7 |          8        1.22       99.09
          8 |          5        0.76       99.85
          9 |          1        0.15      100.00
------------+-----------------------------------
      Total |        656      100.00

.   su measnum, meanonly;

.   local maxnmeas=r(max);

.  *Convert to real 2000$, using "West" CPI-U (CUUR0400SA0,C
> UUS0400SA0);
.   replace bondamt=bondamt*174.8/102.3 if yearref==1984;
(0 real changes made)

.   replace bondamt=bondamt*174.8/106.8 if yearref==1985;
(0 real changes made)

.   replace bondamt=bondamt*174.8/109.8 if yearref==1986;
(0 real changes made)

.   replace bondamt=bondamt*174.8/113.2 if yearref==1987;
(20 real changes made)

.   replace bondamt=bondamt*174.8/117.7 if yearref==1988;
(20 real changes made)

.   replace bondamt=bondamt*174.8/123.3 if yearref==1989;
(14 real changes made)

.   replace bondamt=bondamt*174.8/129.4 if yearref==1990;
(14 real changes made)

.   replace bondamt=bondamt*174.8/136.2 if yearref==1991;
(25 real changes made)

.   replace bondamt=bondamt*174.8/141.0 if yearref==1992;
(22 real changes made)

.   replace bondamt=bondamt*174.8/145.5 if yearref==1993;
(21 real changes made)

.   replace bondamt=bondamt*174.8/148.7 if yearref==1994;
(17 real changes made)

.   replace bondamt=bondamt*174.8/152.9 if yearref==1995;
(39 real changes made)

.   replace bondamt=bondamt*174.8/156.6 if yearref==1996;
(47 real changes made)

.   replace bondamt=bondamt*174.8/160.6 if yearref==1997;
(81 real changes made)

.   replace bondamt=bondamt*174.8/163.6 if yearref==1998;
(54 real changes made)

.   replace bondamt=bondamt*174.8/167.8 if yearref==1999;
(48 real changes made)

.   replace bondamt=bondamt*174.8/173.1 if yearref==2000;
(49 real changes made)

.   replace bondamt=bondamt*174.8/180.2 if yearref==2001;
(83 real changes made)

.   replace bondamt=bondamt*174.8/184.0 if yearref==2002;
(68 real changes made)

.   replace bondamt=bondamt*174.8/188.2 if yearref==2003;
(50 real changes made)

.   replace bondamt=bondamt*174.8/191.9 if yearref==2004;
(48 real changes made)

.   replace bondamt=bondamt*174.8/197.1 if yearref==2005;
(27 real changes made)

.   replace bondamt=bondamt*174.8/204.5 if yearref==2006;
(78 real changes made)

.   replace bondamt=bondamt*174.8/210.890 if yearref==2007;
(0 real changes made)

.  tempfile referenda referenda_wide;

.  sort newleaid yearref;

.  save `referenda';
file C:\DOCUME~1\JESSER~1\LOCALS~1\Temp\ST_00000092.tmp save
> d

.  *Merge on enrollment to get per-pupil bond amounts;
.   /*
>   use newleaid year v33 if v33>=50 & v33<. using financepa
> nel;
>   rename year yearref;
>   sort newleaid yearref;
>   merge newleaid yearref using `referenda', unique;
>   tab yearref _merge;
>   drop if _merge==1;
>   */
>   *Use average enrollment in district;
.    use newleaid year v33 if v33>=50 & v33<. using financep
> anel;

.    collapse (mean) v33, by(newleaid);

.    sort newleaid;

.    merge newleaid using `referenda', uniqmaster;
variable newleaid does not uniquely identify observations in
    C:\DOCUME~1\JESSER~1\LOCALS~1\Temp\ST_00000092.tmp

.    tab yearref _merge;

schoolyear |
  starting |
     yr of |        _merge
     elec. |         2          3 |     Total
-----------+----------------------+----------
      1987 |         1         45 |        46 
      1988 |         0         48 |        48 
      1989 |         0         35 |        35 
      1990 |         1         41 |        42 
      1991 |         2         87 |        89 
      1992 |         0         63 |        63 
      1993 |         1         65 |        66 
      1994 |         0         55 |        55 
      1995 |         1         73 |        74 
      1996 |         0         75 |        75 
      1997 |         1        133 |       134 
      1998 |         0         86 |        86 
      1999 |         0         93 |        93 
      2000 |         0         80 |        80 
      2001 |         4        105 |       109 
      2002 |         0        100 |       100 
      2003 |         1        109 |       110 
      2004 |         1         94 |        95 
      2005 |         1         42 |        43 
      2006 |         0        111 |       111 
-----------+----------------------+----------
     Total |        14      1,540 |     1,554 


.    drop if _merge==1;
(297 observations deleted)

.   gen bondamt_pp=bondamt/v33;
(332 missing values generated)

.   drop v33 bondamt _merge;

.   sort newleaid yearref;

.   save `referenda', replace;
file C:\DOCUME~1\JESSER~1\LOCALS~1\Temp\ST_00000092.tmp save
> d

.  reshape wide yearref percent win fakewin req numelec gobo
> nd bondamt_pp parcel_cap, 
>          i(newleaid) j(measnum);
(note: j = 1 2 3 4 5 6 7 8 9)

Data                               long   ->   wide
------------------------------------------------------------
> -----------------
Number of obs.                     1554   ->     656
Number of variables                  12   ->      83
j variable (9 values)           measnum   ->   (dropped)
xij variables:
                                yearref   ->   yearref1 year
> ref2 ... yearref9
                                percent   ->   percent1 perc
> ent2 ... percent9
                                    win   ->   win1 win2 ...
>  win9
                                fakewin   ->   fakewin1 fake
> win2 ... fakewin9
                                    req   ->   req1 req2 ...
>  req9
                                numelec   ->   numelec1 nume
> lec2 ... numelec9
                                 gobond   ->   gobond1 gobon
> d2 ... gobond9
                             bondamt_pp   ->   bondamt_pp1 b
> ondamt_pp2 ... bondamt_pp9
                             parcel_cap   ->   parcel_cap1 p
> arcel_cap2 ... parcel_cap9
------------------------------------------------------------
> -----------------

.  sort newleaid;

.  save `referenda_wide';
file C:\DOCUME~1\JESSER~1\LOCALS~1\Temp\ST_00000093.tmp save
> d

. *Make counts of referenda to date and victories to date;
. use `referenda';

. gen meastodate=measnum;

. by newleaid (yearref): gen winstodate=sum(win);

. keep newleaid yearref meastodate winstodate;

. fillin newleaid yearref;

. sort newleaid yearref;

. by newleaid: replace meastodate=0 if _n==1 & _fillin;
(610 real changes made)

. by newleaid: replace winstodate=0 if _n==1 & _fillin;
(610 real changes made)

. by newleaid: replace meastodate=meastodate[_n-1] if measto
> date==.;
(10956 real changes made)

. by newleaid: replace winstodate=winstodate[_n-1] if winsto
> date==.;
(10956 real changes made)

. drop _fillin;

. sort newleaid yearref;

. rename yearref year;

. tempfile refs2date;

. save `refs2date';
file C:\DOCUME~1\JESSER~1\LOCALS~1\Temp\ST_0000009f.tmp save
> d

. *Merge to the finance data, and make leads and lags of the
>  referenda variables;
.  use financepanel;

.  *Drop observations with <50 enrollment;
.   drop if v33<50;
(521 observations deleted)

.  sort newleaid year;

.  merge newleaid year using `refs2date', unique;

.  tab _merge;

     _merge |      Freq.     Percent        Cum.
------------+-----------------------------------
          1 |      3,078       19.00       19.00
          2 |      5,984       36.94       55.95
          3 |      7,136       44.05      100.00
------------+-----------------------------------
      Total |     16,198      100.00

.  sort newleaid year;

.  by newleaid: replace meastodate=0 if _merge==1 & _n==1;
(297 real changes made)

.  by newleaid: replace winstodate=0 if _merge==1 & _n==1;
(297 real changes made)

.  by newleaid: replace meastodate=meastodate[_n-1] if _merg
> e==1 & _n>1;
(2781 real changes made)

.  by newleaid: replace winstodate=winstodate[_n-1] if _merg
> e==1 & _n>1;
(2781 real changes made)

.  drop _merge;

.  sort newleaid year;

.  merge newleaid using `referenda_wide', uniqusing;
variable newleaid does not uniquely identify observations in
    the master data

.  tab _merge;

     _merge |      Freq.     Percent        Cum.
------------+-----------------------------------
          1 |      3,078       19.00       19.00
          3 |     13,120       81.00      100.00
------------+-----------------------------------
      Total |     16,198      100.00

.  *Drop districts that never had referenda or that dont hav
> e CCD data;
.   keep if _merge==3;
(3078 observations deleted)

.   drop _merge;

.  *Make leads and lags;
.   *Finance data run from 1995 to 2005, and measures from 1
> 987-2006.
>   *So 19 lags and 11 leads;
.    foreach v in ismeas percent win fakewin req numelec gob
> ond bondamt_pp {;
  2.     forvalues d=0/19 {;
  3.         gen `v'_prev`d'=0;
  4.     };
  5.     forvalues d=1/11 {;
  6.         gen `v'_fut`d'=0;
  7.     };
  8.    };

.   forvalues m=1/`maxnmeas' {;
  2.         gen dyear`m'=year-yearref`m';
  3.         forvalues d=0/19 {;
  4.                 replace ismeas_prev`d'=1 if dyear`m'==`
> d';
  5.       foreach v in percent win fakewin req numelec gobo
> nd bondamt_pp {;
  6.                  replace `v'_prev`d'=`v'`m' if dyear`m'
> ==`d';
  7.                 };
  8.         };
  9.         forvalues d=1/11 {;
 10.                 replace ismeas_fut`d'=1 if dyear`m'==-`
> d';
 11.       foreach v in percent win fakewin req numelec gobo
> nd bondamt_pp {;
 12.                  replace `v'_fut`d'=`v'`m' if dyear`m'=
> =-`d';
 13.                 };
 14.         };
 15.         drop percent`m' win`m' fakewin`m' req`m' numele
> c`m' gobond`m' yearref`m' dyear`m' bondamt_pp`m';
 16.   };
(656 real changes made)
(656 real changes made, 8 to missing)
(390 real changes made)
(536 real changes made, 8 to missing)
(656 real changes made)
(656 real changes made)
(556 real changes made)
(443 real changes made, 105 to missing)
(644 real changes made)
(644 real changes made, 8 to missing)
(381 real changes made)
(532 real changes made, 8 to missing)
(644 real changes made)
(644 real changes made)
(545 real changes made)
(433 real changes made, 104 to missing)
(637 real changes made)
(637 real changes made, 8 to missing)
(375 real changes made)
(529 real changes made, 8 to missing)
(637 real changes made)
(637 real changes made)
(540 real changes made)
(426 real changes made, 102 to missing)
(622 real changes made)
(622 real changes made, 8 to missing)
(362 real changes made)
(517 real changes made, 8 to missing)
(622 real changes made)
(622 real changes made)
(526 real changes made)
(412 real changes made, 101 to missing)
(604 real changes made)
(604 real changes made, 8 to missing)
(348 real changes made)
(508 real changes made, 8 to missing)
(604 real changes made)
(604 real changes made)
(512 real changes made)
(396 real changes made, 97 to missing)
(577 real changes made)
(577 real changes made, 8 to missing)
(331 real changes made)
(492 real changes made, 8 to missing)
(577 real changes made)
(577 real changes made)
(485 real changes made)
(379 real changes made, 97 to missing)
(552 real changes made)
(552 real changes made, 8 to missing)
(312 real changes made)
(480 real changes made, 8 to missing)
(552 real changes made)
(552 real changes made)
(460 real changes made)
(360 real changes made, 97 to missing)
(520 real changes made)
(520 real changes made, 8 to missing)
(287 real changes made)
(451 real changes made, 8 to missing)
(520 real changes made)
(520 real changes made)
(429 real changes made)
(335 real changes made, 96 to missing)
(475 real changes made)
(475 real changes made, 8 to missing)
(261 real changes made)
(409 real changes made, 8 to missing)
(475 real changes made)
(475 real changes made)
(384 real changes made)
(309 real changes made, 96 to missing)
(441 real changes made)
(441 real changes made, 8 to missing)
(234 real changes made)
(378 real changes made, 8 to missing)
(441 real changes made)
(441 real changes made)
(350 real changes made)
(282 real changes made, 96 to missing)
(383 real changes made)
(383 real changes made, 8 to missing)
(196 real changes made)
(327 real changes made, 8 to missing)
(383 real changes made)
(383 real changes made)
(295 real changes made)
(242 real changes made, 92 to missing)
(350 real changes made)
(350 real changes made, 8 to missing)
(172 real changes made)
(295 real changes made, 8 to missing)
(350 real changes made)
(350 real changes made)
(262 real changes made)
(218 real changes made, 92 to missing)
(318 real changes made)
(318 real changes made, 8 to missing)
(153 real changes made)
(269 real changes made, 8 to missing)
(318 real changes made)
(318 real changes made)
(233 real changes made)
(197 real changes made, 89 to missing)
(294 real changes made)
(294 real changes made, 8 to missing)
(148 real changes made)
(248 real changes made, 8 to missing)
(294 real changes made)
(294 real changes made)
(211 real changes made)
(190 real changes made, 87 to missing)
(255 real changes made)
(255 real changes made)
(129 real changes made)
(219 real changes made)
(255 real changes made)
(255 real changes made)
(185 real changes made)
(166 real changes made, 74 to missing)
(220 real changes made)
(220 real changes made)
(114 real changes made)
(193 real changes made)
(220 real changes made)
(220 real changes made)
(154 real changes made)
(148 real changes made, 70 to missing)
(149 real changes made)
(149 real changes made)
(87 real changes made)
(134 real changes made)
(149 real changes made)
(149 real changes made)
(105 real changes made)
(106 real changes made, 46 to missing)
(117 real changes made)
(117 real changes made)
(70 real changes made)
(104 real changes made)
(117 real changes made)
(117 real changes made)
(81 real changes made)
(86 real changes made, 37 to missing)
(89 real changes made)
(89 real changes made)
(53 real changes made)
(79 real changes made)
(89 real changes made)
(89 real changes made)
(62 real changes made)
(65 real changes made, 28 to missing)
(46 real changes made)
(46 real changes made)
(27 real changes made)
(41 real changes made)
(46 real changes made)
(46 real changes made)
(36 real changes made)
(30 real changes made, 11 to missing)
(610 real changes made)
(610 real changes made, 8 to missing)
(363 real changes made)
(495 real changes made, 8 to missing)
(610 real changes made)
(610 real changes made)
(520 real changes made)
(413 real changes made, 94 to missing)
(567 real changes made)
(567 real changes made, 8 to missing)
(337 real changes made)
(457 real changes made, 8 to missing)
(567 real changes made)
(567 real changes made)
(494 real changes made)
(378 real changes made, 77 to missing)
(539 real changes made)
(539 real changes made, 8 to missing)
(320 real changes made)
(432 real changes made, 8 to missing)
(539 real changes made)
(539 real changes made)
(475 real changes made)
(357 real changes made, 68 to missing)
(507 real changes made)
(507 real changes made, 8 to missing)
(303 real changes made)
(402 real changes made, 8 to missing)
(507 real changes made)
(507 real changes made)
(451 real changes made)
(337 real changes made, 59 to missing)
(436 real changes made)
(436 real changes made, 8 to missing)
(276 real changes made)
(343 real changes made, 8 to missing)
(436 real changes made)
(436 real changes made)
(402 real changes made)
(295 real changes made, 35 to missing)
(401 real changes made)
(401 real changes made, 8 to missing)
(261 real changes made)
(317 real changes made, 8 to missing)
(401 real changes made)
(401 real changes made)
(371 real changes made)
(277 real changes made, 31 to missing)
(362 real changes made)
(362 real changes made)
(242 real changes made)
(288 real changes made)
(362 real changes made)
(362 real changes made)
(345 real changes made)
(253 real changes made, 18 to missing)
(338 real changes made)
(338 real changes made)
(237 real changes made)
(267 real changes made)
(338 real changes made)
(338 real changes made)
(323 real changes made)
(246 real changes made, 16 to missing)
(306 real changes made)
(306 real changes made)
(218 real changes made)
(241 real changes made)
(306 real changes made)
(306 real changes made)
(294 real changes made)
(225 real changes made, 13 to missing)
(273 real changes made)
(273 real changes made)
(194 real changes made)
(209 real changes made)
(273 real changes made)
(273 real changes made)
(261 real changes made)
(201 real changes made, 13 to missing)
(215 real changes made)
(215 real changes made)
(156 real changes made)
(158 real changes made)
(215 real changes made)
(215 real changes made)
(206 real changes made)
(161 real changes made, 9 to missing)
(4660 missing values generated)
(423 real changes made)
(422 real changes made, 1 to missing)
(268 real changes made)
(317 real changes made, 1 to missing)
(423 real changes made)
(423 real changes made)
(347 real changes made)
(308 real changes made, 77 to missing)
(390 real changes made)
(389 real changes made, 1 to missing)
(241 real changes made)
(305 real changes made, 1 to missing)
(390 real changes made)
(390 real changes made)
(315 real changes made)
(280 real changes made, 76 to missing)
(379 real changes made)
(378 real changes made, 1 to missing)
(233 real changes made)
(299 real changes made, 1 to missing)
(379 real changes made)
(379 real changes made)
(304 real changes made)
(272 real changes made, 76 to missing)
(350 real changes made)
(349 real changes made, 1 to missing)
(215 real changes made)
(276 real changes made, 1 to missing)
(350 real changes made)
(350 real changes made)
(285 real changes made)
(247 real changes made, 66 to missing)
(317 real changes made)
(316 real changes made, 1 to missing)
(192 real changes made)
(259 real changes made, 1 to missing)
(317 real changes made)
(317 real changes made)
(262 real changes made)
(218 real changes made, 56 to missing)
(284 real changes made)
(283 real changes made, 1 to missing)
(167 real changes made)
(244 real changes made, 1 to missing)
(284 real changes made)
(284 real changes made)
(230 real changes made)
(192 real changes made, 55 to missing)
(254 real changes made)
(253 real changes made, 1 to missing)
(142 real changes made)
(230 real changes made, 1 to missing)
(254 real changes made)
(254 real changes made)
(204 real changes made)
(166 real changes made, 50 to missing)
(237 real changes made)
(236 real changes made, 1 to missing)
(133 real changes made)
(215 real changes made, 1 to missing)
(237 real changes made)
(237 real changes made)
(187 real changes made)
(157 real changes made, 50 to missing)
(217 real changes made)
(216 real changes made, 1 to missing)
(122 real changes made)
(195 real changes made, 1 to missing)
(217 real changes made)
(217 real changes made)
(170 real changes made)
(144 real changes made, 47 to missing)
(191 real changes made)
(190 real changes made, 1 to missing)
(105 real changes made)
(170 real changes made, 1 to missing)
(191 real changes made)
(191 real changes made)
(147 real changes made)
(127 real changes made, 44 to missing)
(151 real changes made)
(150 real changes made, 1 to missing)
(81 real changes made)
(131 real changes made, 1 to missing)
(151 real changes made)
(151 real changes made)
(108 real changes made)
(102 real changes made, 43 to missing)
(121 real changes made)
(120 real changes made, 1 to missing)
(59 real changes made)
(102 real changes made, 1 to missing)
(121 real changes made)
(121 real changes made)
(83 real changes made)
(80 real changes made, 38 to missing)
(96 real changes made)
(95 real changes made, 1 to missing)
(47 real changes made)
(83 real changes made, 1 to missing)
(96 real changes made)
(96 real changes made)
(62 real changes made)
(65 real changes made, 34 to missing)
(76 real changes made)
(75 real changes made, 1 to missing)
(38 real changes made)
(67 real changes made, 1 to missing)
(76 real changes made)
(76 real changes made)
(45 real changes made)
(54 real changes made, 31 to missing)
(60 real changes made)
(59 real changes made)
(30 real changes made)
(52 real changes made)
(60 real changes made)
(60 real changes made)
(35 real changes made)
(43 real changes made, 25 to missing)
(35 real changes made)
(34 real changes made)
(18 real changes made)
(31 real changes made)
(35 real changes made)
(35 real changes made)
(22 real changes made)
(24 real changes made, 13 to missing)
(20 real changes made)
(19 real changes made)
(9 real changes made)
(16 real changes made)
(20 real changes made)
(20 real changes made)
(16 real changes made)
(10 real changes made, 4 to missing)
(12 real changes made)
(12 real changes made)
(6 real changes made)
(9 real changes made)
(12 real changes made)
(12 real changes made)
(10 real changes made)
(6 real changes made, 2 to missing)
(5 real changes made)
(5 real changes made)
(2 real changes made)
(4 real changes made)
(5 real changes made)
(5 real changes made)
(5 real changes made)
(2 real changes made)
(0 real changes made)
(0 real changes made)
(0 real changes made)
(0 real changes made)
(0 real changes made)
(0 real changes made)
(0 real changes made)
(0 real changes made)
(423 real changes made)
(422 real changes made, 1 to missing)
(268 real changes made)
(317 real changes made, 1 to missing)
(423 real changes made)
(423 real changes made)
(347 real changes made)
(308 real changes made, 77 to missing)
(418 real changes made)
(417 real changes made, 1 to missing)
(266 real changes made)
(313 real changes made, 1 to missing)
(418 real changes made)
(418 real changes made)
(342 real changes made)
(306 real changes made, 77 to missing)
(411 real changes made)
(410 real changes made, 1 to missing)
(262 real changes made)
(308 real changes made, 1 to missing)
(411 real changes made)
(411 real changes made)
(337 real changes made)
(302 real changes made, 75 to missing)
(403 real changes made)
(403 real changes made, 1 to missing)
(259 real changes made)
(301 real changes made, 1 to missing)
(403 real changes made)
(403 real changes made)
(331 real changes made)
(298 real changes made, 73 to missing)
(388 real changes made)
(388 real changes made, 1 to missing)
(250 real changes made)
(286 real changes made, 1 to missing)
(388 real changes made)
(388 real changes made)
(325 real changes made)
(284 real changes made, 64 to missing)
(363 real changes made)
(363 real changes made, 1 to missing)
(238 real changes made)
(265 real changes made, 1 to missing)
(363 real changes made)
(363 real changes made)
(312 real changes made)
(265 real changes made, 52 to missing)
(347 real changes made)
(347 real changes made)
(230 real changes made)
(250 real changes made)
(347 real changes made)
(347 real changes made)
(302 real changes made)
(254 real changes made, 46 to missing)
(327 real changes made)
(327 real changes made)
(221 real changes made)
(234 real changes made)
(327 real changes made)
(327 real changes made)
(285 real changes made)
(243 real changes made, 43 to missing)
(302 real changes made)
(302 real changes made)
(209 real changes made)
(215 real changes made)
(302 real changes made)
(302 real changes made)
(264 real changes made)
(228 real changes made, 39 to missing)
(272 real changes made)
(272 real changes made)
(187 real changes made)
(186 real changes made)
(272 real changes made)
(272 real changes made)
(239 real changes made)
(206 real changes made, 34 to missing)
(232 real changes made)
(232 real changes made)
(163 real changes made)
(147 real changes made)
(232 real changes made)
(232 real changes made)
(200 real changes made)
(181 real changes made, 33 to missing)
(8360 missing values generated)
(238 real changes made)
(238 real changes made, 1 to missing)
(170 real changes made)
(172 real changes made, 1 to missing)
(238 real changes made)
(238 real changes made)
(187 real changes made)
(192 real changes made, 53 to missing)
(212 real changes made)
(212 real changes made, 1 to missing)
(151 real changes made)
(165 real changes made, 1 to missing)
(212 real changes made)
(212 real changes made)
(161 real changes made)
(173 real changes made, 53 to missing)
(204 real changes made)
(204 real changes made, 1 to missing)
(144 real changes made)
(162 real changes made, 1 to missing)
(204 real changes made)
(204 real changes made)
(154 real changes made)
(166 real changes made, 52 to missing)
(179 real changes made)
(179 real changes made, 1 to missing)
(129 real changes made)
(142 real changes made, 1 to missing)
(179 real changes made)
(179 real changes made)
(140 real changes made)
(142 real changes made, 41 to missing)
(156 real changes made)
(156 real changes made, 1 to missing)
(115 real changes made)
(131 real changes made, 1 to missing)
(156 real changes made)
(156 real changes made)
(126 real changes made)
(123 real changes made, 32 to missing)
(138 real changes made)
(138 real changes made, 1 to missing)
(102 real changes made)
(123 real changes made, 1 to missing)
(138 real changes made)
(138 real changes made)
(110 real changes made)
(108 real changes made, 30 to missing)
(112 real changes made)
(112 real changes made, 1 to missing)
(79 real changes made)
(107 real changes made, 1 to missing)
(112 real changes made)
(112 real changes made)
(86 real changes made)
(84 real changes made, 26 to missing)
(99 real changes made)
(99 real changes made, 1 to missing)
(71 real changes made)
(94 real changes made, 1 to missing)
(99 real changes made)
(99 real changes made)
(75 real changes made)
(75 real changes made, 24 to missing)
(83 real changes made)
(83 real changes made, 1 to missing)
(60 real changes made)
(78 real changes made, 1 to missing)
(83 real changes made)
(83 real changes made)
(62 real changes made)
(64 real changes made, 21 to missing)
(65 real changes made)
(65 real changes made, 1 to missing)
(49 real changes made)
(61 real changes made, 1 to missing)
(65 real changes made)
(65 real changes made)
(46 real changes made)
(53 real changes made, 19 to missing)
(44 real changes made)
(44 real changes made, 1 to missing)
(31 real changes made)
(42 real changes made, 1 to missing)
(44 real changes made)
(44 real changes made)
(30 real changes made)
(35 real changes made, 14 to missing)
(37 real changes made)
(37 real changes made, 1 to missing)
(24 real changes made)
(35 real changes made, 1 to missing)
(37 real changes made)
(37 real changes made)
(25 real changes made)
(28 real changes made, 12 to missing)
(24 real changes made)
(24 real changes made, 1 to missing)
(14 real changes made)
(22 real changes made, 1 to missing)
(24 real changes made)
(24 real changes made)
(14 real changes made)
(18 real changes made, 10 to missing)
(16 real changes made)
(16 real changes made, 1 to missing)
(9 real changes made)
(14 real changes made, 1 to missing)
(16 real changes made)
(16 real changes made)
(8 real changes made)
(13 real changes made, 8 to missing)
(5 real changes made)
(5 real changes made)
(1 real change made)
(4 real changes made)
(5 real changes made)
(5 real changes made)
(2 real changes made)
(3 real changes made, 3 to missing)
(4 real changes made)
(4 real changes made)
(0 real changes made)
(3 real changes made)
(4 real changes made)
(4 real changes made)
(2 real changes made)
(2 real changes made, 2 to missing)
(2 real changes made)
(2 real changes made)
(0 real changes made)
(2 real changes made)
(2 real changes made)
(2 real changes made)
(2 real changes made)
(0 real changes made)
(0 real changes made)
(0 real changes made)
(0 real changes made)
(0 real changes made)
(0 real changes made)
(0 real changes made)
(0 real changes made)
(0 real changes made)
(0 real changes made)
(0 real changes made)
(0 real changes made)
(0 real changes made)
(0 real changes made)
(0 real changes made)
(0 real changes made)
(0 real changes made)
(0 real changes made)
(0 real changes made)
(0 real changes made)
(0 real changes made)
(0 real changes made)
(0 real changes made)
(0 real changes made)
(0 real changes made)
(238 real changes made)
(238 real changes made, 1 to missing)
(170 real changes made)
(172 real changes made, 1 to missing)
(238 real changes made)
(238 real changes made)
(187 real changes made)
(192 real changes made, 53 to missing)
(238 real changes made)
(238 real changes made, 1 to missing)
(170 real changes made)
(172 real changes made, 1 to missing)
(238 real changes made)
(238 real changes made)
(187 real changes made)
(192 real changes made, 53 to missing)
(238 real changes made)
(238 real changes made, 1 to missing)
(170 real changes made)
(172 real changes made, 1 to missing)
(238 real changes made)
(238 real changes made)
(187 real changes made)
(192 real changes made, 53 to missing)
(236 real changes made)
(236 real changes made, 1 to missing)
(170 real changes made)
(170 real changes made, 1 to missing)
(236 real changes made)
(236 real changes made)
(185 real changes made)
(192 real changes made, 53 to missing)
(234 real changes made)
(234 real changes made, 1 to missing)
(170 real changes made)
(169 real changes made, 1 to missing)
(234 real changes made)
(234 real changes made)
(185 real changes made)
(190 real changes made, 51 to missing)
(233 real changes made)
(233 real changes made, 1 to missing)
(169 real changes made)
(168 real changes made, 1 to missing)
(233 real changes made)
(233 real changes made)
(185 real changes made)
(189 real changes made, 50 to missing)
(222 real changes made)
(222 real changes made)
(161 real changes made)
(158 real changes made)
(222 real changes made)
(222 real changes made)
(179 real changes made)
(179 real changes made, 45 to missing)
(214 real changes made)
(214 real changes made)
(156 real changes made)
(150 real changes made)
(214 real changes made)
(214 real changes made)
(173 real changes made)
(174 real changes made, 43 to missing)
(201 real changes made)
(201 real changes made)
(146 real changes made)
(137 real changes made)
(201 real changes made)
(201 real changes made)
(162 real changes made)
(164 real changes made, 41 to missing)
(194 real changes made)
(194 real changes made)
(139 real changes made)
(130 real changes made)
(194 real changes made)
(194 real changes made)
(157 real changes made)
(157 real changes made, 39 to missing)
(173 real changes made)
(173 real changes made)
(121 real changes made)
(111 real changes made)
(173 real changes made)
(173 real changes made)
(141 real changes made)
(139 real changes made, 34 to missing)
(10660 missing values generated)
(123 real changes made)
(123 real changes made)
(91 real changes made)
(87 real changes made)
(123 real changes made)
(123 real changes made)
(82 real changes made)
(102 real changes made, 41 to missing)
(104 real changes made)
(104 real changes made)
(81 real changes made)
(83 real changes made)
(104 real changes made)
(104 real changes made)
(64 real changes made)
(91 real changes made, 40 to missing)
(96 real changes made)
(96 real changes made)
(75 real changes made)
(77 real changes made)
(96 real changes made)
(96 real changes made)
(61 real changes made)
(83 real changes made, 35 to missing)
(85 real changes made)
(85 real changes made)
(67 real changes made)
(69 real changes made)
(85 real changes made)
(85 real changes made)
(54 real changes made)
(74 real changes made, 31 to missing)
(66 real changes made)
(66 real changes made)
(55 real changes made)
(57 real changes made)
(66 real changes made)
(66 real changes made)
(46 real changes made)
(57 real changes made, 20 to missing)
(60 real changes made)
(60 real changes made)
(50 real changes made)
(52 real changes made)
(60 real changes made)
(60 real changes made)
(41 real changes made)
(51 real changes made, 19 to missing)
(40 real changes made)
(40 real changes made)
(31 real changes made)
(39 real changes made)
(40 real changes made)
(40 real changes made)
(25 real changes made)
(31 real changes made, 15 to missing)
(32 real changes made)
(32 real changes made)
(23 real changes made)
(32 real changes made)
(32 real changes made)
(32 real changes made)
(20 real changes made)
(23 real changes made, 12 to missing)
(26 real changes made)
(26 real changes made)
(21 real changes made)
(26 real changes made)
(26 real changes made)
(26 real changes made)
(15 real changes made)
(21 real changes made, 11 to missing)
(20 real changes made)
(20 real changes made)
(15 real changes made)
(20 real changes made)
(20 real changes made)
(20 real changes made)
(13 real changes made)
(15 real changes made, 7 to missing)
(11 real changes made)
(11 real changes made)
(8 real changes made)
(11 real changes made)
(11 real changes made)
(11 real changes made)
(7 real changes made)
(8 real changes made, 4 to missing)
(8 real changes made)
(8 real changes made)
(5 real changes made)
(8 real changes made)
(8 real changes made)
(8 real changes made)
(6 real changes made)
(5 real changes made, 2 to missing)
(6 real changes made)
(6 real changes made)
(4 real changes made)
(6 real changes made)
(6 real changes made)
(6 real changes made)
(4 real changes made)
(4 real changes made, 2 to missing)
(3 real changes made)
(3 real changes made)
(2 real changes made)
(3 real changes made)
(3 real changes made)
(3 real changes made)
(2 real changes made)
(2 real changes made, 1 to missing)
(3 real changes made)
(3 real changes made)
(2 real changes made)
(3 real changes made)
(3 real changes made)
(3 real changes made)
(2 real changes made)
(2 real changes made, 1 to missing)
(1 real change made)
(1 real change made)
(0 real changes made)
(1 real change made)
(1 real change made)
(1 real change made)
(1 real change made)
(0 real changes made)
(0 real changes made)
(0 real changes made)
(0 real changes made)
(0 real changes made)
(0 real changes made)
(0 real changes made)
(0 real changes made)
(0 real changes made)
(0 real changes made)
(0 real changes made)
(0 real changes made)
(0 real changes made)
(0 real changes made)
(0 real changes made)
(0 real changes made)
(0 real changes made)
(0 real changes made)
(0 real changes made)
(0 real changes made)
(0 real changes made)
(0 real changes made)
(0 real changes made)
(0 real changes made)
(0 real changes made)
(0 real changes made)
(0 real changes made)
(0 real changes made)
(0 real changes made)
(0 real changes made)
(0 real changes made)
(0 real changes made)
(0 real changes made)
(123 real changes made)
(123 real changes made)
(91 real changes made)
(87 real changes made)
(123 real changes made)
(123 real changes made)
(82 real changes made)
(102 real changes made, 41 to missing)
(123 real changes made)
(123 real changes made)
(91 real changes made)
(87 real changes made)
(123 real changes made)
(123 real changes made)
(82 real changes made)
(102 real changes made, 41 to missing)
(123 real changes made)
(123 real changes made)
(91 real changes made)
(87 real changes made)
(123 real changes made)
(123 real changes made)
(82 real changes made)
(102 real changes made, 41 to missing)
(123 real changes made)
(123 real changes made)
(91 real changes made)
(87 real changes made)
(123 real changes made)
(123 real changes made)
(82 real changes made)
(102 real changes made, 41 to missing)
(122 real changes made)
(122 real changes made)
(91 real changes made)
(86 real changes made)
(122 real changes made)
(122 real changes made)
(81 real changes made)
(102 real changes made, 41 to missing)
(120 real changes made)
(120 real changes made)
(89 real changes made)
(84 real changes made)
(120 real changes made)
(120 real changes made)
(80 real changes made)
(100 real changes made, 40 to missing)
(120 real changes made)
(120 real changes made)
(89 real changes made)
(84 real changes made)
(120 real changes made)
(120 real changes made)
(80 real changes made)
(100 real changes made, 40 to missing)
(117 real changes made)
(117 real changes made)
(87 real changes made)
(81 real changes made)
(117 real changes made)
(117 real changes made)
(78 real changes made)
(98 real changes made, 39 to missing)
(115 real changes made)
(115 real changes made)
(86 real changes made)
(79 real changes made)
(115 real changes made)
(115 real changes made)
(76 real changes made)
(97 real changes made, 39 to missing)
(112 real changes made)
(112 real changes made)
(83 real changes made)
(76 real changes made)
(112 real changes made)
(112 real changes made)
(75 real changes made)
(94 real changes made, 37 to missing)
(103 real changes made)
(103 real changes made)
(76 real changes made)
(67 real changes made)
(103 real changes made)
(103 real changes made)
(69 real changes made)
(87 real changes made, 34 to missing)
(11880 missing values generated)
(62 real changes made)
(62 real changes made)
(47 real changes made)
(50 real changes made)
(62 real changes made)
(62 real changes made)
(35 real changes made)
(55 real changes made, 27 to missing)
(49 real changes made)
(49 real changes made)
(38 real changes made)
(44 real changes made)
(49 real changes made)
(49 real changes made)
(24 real changes made)
(44 real changes made, 25 to missing)
(43 real changes made)
(43 real changes made)
(32 real changes made)
(39 real changes made)
(43 real changes made)
(43 real changes made)
(21 real changes made)
(38 real changes made, 22 to missing)
(40 real changes made)
(40 real changes made)
(29 real changes made)
(36 real changes made)
(40 real changes made)
(40 real changes made)
(20 real changes made)
(35 real changes made, 20 to missing)
(31 real changes made)
(31 real changes made)
(21 real changes made)
(28 real changes made)
(31 real changes made)
(31 real changes made)
(17 real changes made)
(26 real changes made, 14 to missing)
(24 real changes made)
(24 real changes made)
(17 real changes made)
(23 real changes made)
(24 real changes made)
(24 real changes made)
(13 real changes made)
(20 real changes made, 11 to missing)
(18 real changes made)
(18 real changes made)
(13 real changes made)
(18 real changes made)
(18 real changes made)
(18 real changes made)
(11 real changes made)
(14 real changes made, 7 to missing)
(12 real changes made)
(12 real changes made)
(8 real changes made)
(12 real changes made)
(12 real changes made)
(12 real changes made)
(7 real changes made)
(9 real changes made, 5 to missing)
(7 real changes made)
(7 real changes made)
(5 real changes made)
(7 real changes made)
(7 real changes made)
(7 real changes made)
(4 real changes made)
(5 real changes made, 3 to missing)
(7 real changes made)
(7 real changes made)
(5 real changes made)
(7 real changes made)
(7 real changes made)
(7 real changes made)
(4 real changes made)
(5 real changes made, 3 to missing)
(3 real changes made)
(3 real changes made)
(2 real changes made)
(3 real changes made)
(3 real changes made)
(3 real changes made)
(2 real changes made)
(2 real changes made, 1 to missing)
(2 real changes made)
(2 real changes made)
(1 real change made)
(2 real changes made)
(2 real changes made)
(2 real changes made)
(2 real changes made)
(1 real change made)
(0 real changes made)
(0 real changes made)
(0 real changes made)
(0 real changes made)
(0 real changes made)
(0 real changes made)
(0 real changes made)
(0 real changes made)
(0 real changes made)
(0 real changes made)
(0 real changes made)
(0 real changes made)
(0 real changes made)
(0 real changes made)
(0 real changes made)
(0 real changes made)
(0 real changes made)
(0 real changes made)
(0 real changes made)
(0 real changes made)
(0 real changes made)
(0 real changes made)
(0 real changes made)
(0 real changes made)
(0 real changes made)
(0 real changes made)
(0 real changes made)
(0 real changes made)
(0 real changes made)
(0 real changes made)
(0 real changes made)
(0 real changes made)
(0 real changes made)
(0 real changes made)
(0 real changes made)
(0 real changes made)
(0 real changes made)
(0 real changes made)
(0 real changes made)
(0 real changes made)
(0 real changes made)
(0 real changes made)
(0 real changes made)
(0 real changes made)
(0 real changes made)
(0 real changes made)
(0 real changes made)
(0 real changes made)
(0 real changes made)
(0 real changes made)
(0 real changes made)
(0 real changes made)
(0 real changes made)
(0 real changes made)
(0 real changes made)
(0 real changes made)
(0 real changes made)
(0 real changes made)
(0 real changes made)
(0 real changes made)
(0 real changes made)
(0 real changes made)
(0 real changes made)
(0 real changes made)
(62 real changes made)
(62 real changes made)
(47 real changes made)
(50 real changes made)
(62 real changes made)
(62 real changes made)
(35 real changes made)
(55 real changes made, 27 to missing)
(62 real changes made)
(62 real changes made)
(47 real changes made)
(50 real changes made)
(62 real changes made)
(62 real changes made)
(35 real changes made)
(55 real changes made, 27 to missing)
(62 real changes made)
(62 real changes made)
(47 real changes made)
(50 real changes made)
(62 real changes made)
(62 real changes made)
(35 real changes made)
(55 real changes made, 27 to missing)
(62 real changes made)
(62 real changes made)
(47 real changes made)
(50 real changes made)
(62 real changes made)
(62 real changes made)
(35 real changes made)
(55 real changes made, 27 to missing)
(62 real changes made)
(62 real changes made)
(47 real changes made)
(50 real changes made)
(62 real changes made)
(62 real changes made)
(35 real changes made)
(55 real changes made, 27 to missing)
(62 real changes made)
(62 real changes made)
(47 real changes made)
(50 real changes made)
(62 real changes made)
(62 real changes made)
(35 real changes made)
(55 real changes made, 27 to missing)
(62 real changes made)
(62 real changes made)
(47 real changes made)
(50 real changes made)
(62 real changes made)
(62 real changes made)
(35 real changes made)
(55 real changes made, 27 to missing)
(62 real changes made)
(62 real changes made)
(47 real changes made)
(50 real changes made)
(62 real changes made)
(62 real changes made)
(35 real changes made)
(55 real changes made, 27 to missing)
(60 real changes made)
(60 real changes made)
(46 real changes made)
(48 real changes made)
(60 real changes made)
(60 real changes made)
(33 real changes made)
(54 real changes made, 27 to missing)
(59 real changes made)
(59 real changes made)
(45 real changes made)
(47 real changes made)
(59 real changes made)
(59 real changes made)
(33 real changes made)
(53 real changes made, 26 to missing)
(55 real changes made)
(55 real changes made)
(42 real changes made)
(43 real changes made)
(55 real changes made)
(55 real changes made)
(31 real changes made)
(50 real changes made, 24 to missing)
(12500 missing values generated)
(31 real changes made)
(31 real changes made)
(23 real changes made)
(27 real changes made)
(31 real changes made)
(31 real changes made)
(14 real changes made)
(28 real changes made, 17 to missing)
(29 real changes made)
(29 real changes made)
(22 real changes made)
(25 real changes made)
(29 real changes made)
(29 real changes made)
(13 real changes made)
(26 real changes made, 16 to missing)
(28 real changes made)
(28 real changes made)
(21 real changes made)
(24 real changes made)
(28 real changes made)
(28 real changes made)
(12 real changes made)
(25 real changes made, 16 to missing)
(20 real changes made)
(20 real changes made)
(15 real changes made)
(16 real changes made)
(20 real changes made)
(20 real changes made)
(11 real changes made)
(17 real changes made, 9 to missing)
(15 real changes made)
(15 real changes made)
(13 real changes made)
(14 real changes made)
(15 real changes made)
(15 real changes made)
(9 real changes made)
(14 real changes made, 6 to missing)
(10 real changes made)
(10 real changes made)
(9 real changes made)
(9 real changes made)
(10 real changes made)
(10 real changes made)
(8 real changes made)
(9 real changes made, 2 to missing)
(8 real changes made)
(8 real changes made)
(7 real changes made)
(8 real changes made)
(8 real changes made)
(8 real changes made)
(6 real changes made)
(7 real changes made, 2 to missing)
(5 real changes made)
(5 real changes made)
(4 real changes made)
(5 real changes made)
(5 real changes made)
(5 real changes made)
(5 real changes made)
(4 real changes made)
(4 real changes made)
(4 real changes made)
(3 real changes made)
(4 real changes made)
(4 real changes made)
(4 real changes made)
(4 real changes made)
(3 real changes made)
(2 real changes made)
(2 real changes made)
(1 real change made)
(2 real changes made)
(2 real changes made)
(2 real changes made)
(2 real changes made)
(1 real change made)
(1 real change made)
(1 real change made)
(0 real changes made)
(1 real change made)
(1 real change made)
(1 real change made)
(1 real change made)
(0 real changes made)
(0 real changes made)
(0 real changes made)
(0 real changes made)
(0 real changes made)
(0 real changes made)
(0 real changes made)
(0 real changes made)
(0 real changes made)
(0 real changes made)
(0 real changes made)
(0 real changes made)
(0 real changes made)
(0 real changes made)
(0 real changes made)
(0 real changes made)
(0 real changes made)
(0 real changes made)
(0 real changes made)
(0 real changes made)
(0 real changes made)
(0 real changes made)
(0 real changes made)
(0 real changes made)
(0 real changes made)
(0 real changes made)
(0 real changes made)
(0 real changes made)
(0 real changes made)
(0 real changes made)
(0 real changes made)
(0 real changes made)
(0 real changes made)
(0 real changes made)
(0 real changes made)
(0 real changes made)
(0 real changes made)
(0 real changes made)
(0 real changes made)
(0 real changes made)
(0 real changes made)
(0 real changes made)
(0 real changes made)
(0 real changes made)
(0 real changes made)
(0 real changes made)
(0 real changes made)
(0 real changes made)
(0 real changes made)
(0 real changes made)
(0 real changes made)
(0 real changes made)
(0 real changes made)
(0 real changes made)
(0 real changes made)
(0 real changes made)
(0 real changes made)
(0 real changes made)
(0 real changes made)
(0 real changes made)
(0 real changes made)
(0 real changes made)
(0 real changes made)
(0 real changes made)
(0 real changes made)
(0 real changes made)
(0 real changes made)
(0 real changes made)
(0 real changes made)
(0 real changes made)
(0 real changes made)
(0 real changes made)
(0 real changes made)
(31 real changes made)
(31 real changes made)
(23 real changes made)
(27 real changes made)
(31 real changes made)
(31 real changes made)
(14 real changes made)
(28 real changes made, 17 to missing)
(31 real changes made)
(31 real changes made)
(23 real changes made)
(27 real changes made)
(31 real changes made)
(31 real changes made)
(14 real changes made)
(28 real changes made, 17 to missing)
(31 real changes made)
(31 real changes made)
(23 real changes made)
(27 real changes made)
(31 real changes made)
(31 real changes made)
(14 real changes made)
(28 real changes made, 17 to missing)
(31 real changes made)
(31 real changes made)
(23 real changes made)
(27 real changes made)
(31 real changes made)
(31 real changes made)
(14 real changes made)
(28 real changes made, 17 to missing)
(31 real changes made)
(31 real changes made)
(23 real changes made)
(27 real changes made)
(31 real changes made)
(31 real changes made)
(14 real changes made)
(28 real changes made, 17 to missing)
(31 real changes made)
(31 real changes made)
(23 real changes made)
(27 real changes made)
(31 real changes made)
(31 real changes made)
(14 real changes made)
(28 real changes made, 17 to missing)
(31 real changes made)
(31 real changes made)
(23 real changes made)
(27 real changes made)
(31 real changes made)
(31 real changes made)
(14 real changes made)
(28 real changes made, 17 to missing)
(31 real changes made)
(31 real changes made)
(23 real changes made)
(27 real changes made)
(31 real changes made)
(31 real changes made)
(14 real changes made)
(28 real changes made, 17 to missing)
(31 real changes made)
(31 real changes made)
(23 real changes made)
(27 real changes made)
(31 real changes made)
(31 real changes made)
(14 real changes made)
(28 real changes made, 17 to missing)
(30 real changes made)
(30 real changes made)
(23 real changes made)
(26 real changes made)
(30 real changes made)
(30 real changes made)
(13 real changes made)
(28 real changes made, 17 to missing)
(29 real changes made)
(29 real changes made)
(22 real changes made)
(25 real changes made)
(29 real changes made)
(29 real changes made)
(12 real changes made)
(27 real changes made, 17 to missing)
(12840 missing values generated)
(14 real changes made)
(14 real changes made)
(14 real changes made)
(11 real changes made)
(14 real changes made)
(14 real changes made)
(5 real changes made)
(14 real changes made, 9 to missing)
(10 real changes made)
(10 real changes made)
(10 real changes made)
(9 real changes made)
(10 real changes made)
(10 real changes made)
(4 real changes made)
(10 real changes made, 6 to missing)
(9 real changes made)
(9 real changes made)
(9 real changes made)
(8 real changes made)
(9 real changes made)
(9 real changes made)
(4 real changes made)
(9 real changes made, 5 to missing)
(7 real changes made)
(7 real changes made)
(7 real changes made)
(6 real changes made)
(7 real changes made)
(7 real changes made)
(4 real changes made)
(7 real changes made, 3 to missing)
(5 real changes made)
(5 real changes made)
(5 real changes made)
(4 real changes made)
(5 real changes made)
(5 real changes made)
(4 real changes made)
(5 real changes made, 1 to missing)
(2 real changes made)
(2 real changes made)
(2 real changes made)
(2 real changes made)
(2 real changes made)
(2 real changes made)
(1 real change made)
(2 real changes made, 1 to missing)
(2 real changes made)
(2 real changes made)
(2 real changes made)
(2 real changes made)
(2 real changes made)
(2 real changes made)
(1 real change made)
(2 real changes made, 1 to missing)
(1 real change made)
(1 real change made)
(1 real change made)
(1 real change made)
(1 real change made)
(1 real change made)
(1 real change made)
(1 real change made)
(1 real change made)
(1 real change made)
(1 real change made)
(1 real change made)
(1 real change made)
(1 real change made)
(1 real change made)
(1 real change made)
(1 real change made)
(1 real change made)
(1 real change made)
(1 real change made)
(1 real change made)
(1 real change made)
(1 real change made)
(1 real change made)
(0 real changes made)
(0 real changes made)
(0 real changes made)
(0 real changes made)
(0 real changes made)
(0 real changes made)
(0 real changes made)
(0 real changes made)
(0 real changes made)
(0 real changes made)
(0 real changes made)
(0 real changes made)
(0 real changes made)
(0 real changes made)
(0 real changes made)
(0 real changes made)
(0 real changes made)
(0 real changes made)
(0 real changes made)
(0 real changes made)
(0 real changes made)
(0 real changes made)
(0 real changes made)
(0 real changes made)
(0 real changes made)
(0 real changes made)
(0 real changes made)
(0 real changes made)
(0 real changes made)
(0 real changes made)
(0 real changes made)
(0 real changes made)
(0 real changes made)
(0 real changes made)
(0 real changes made)
(0 real changes made)
(0 real changes made)
(0 real changes made)
(0 real changes made)
(0 real changes made)
(0 real changes made)
(0 real changes made)
(0 real changes made)
(0 real changes made)
(0 real changes made)
(0 real changes made)
(0 real changes made)
(0 real changes made)
(0 real changes made)
(0 real changes made)
(0 real changes made)
(0 real changes made)
(0 real changes made)
(0 real changes made)
(0 real changes made)
(0 real changes made)
(0 real changes made)
(0 real changes made)
(0 real changes made)
(0 real changes made)
(0 real changes made)
(0 real changes made)
(0 real changes made)
(0 real changes made)
(0 real changes made)
(0 real changes made)
(0 real changes made)
(0 real changes made)
(0 real changes made)
(0 real changes made)
(0 real changes made)
(0 real changes made)
(0 real changes made)
(0 real changes made)
(0 real changes made)
(0 real changes made)
(0 real changes made)
(0 real changes made)
(0 real changes made)
(0 real changes made)
(14 real changes made)
(14 real changes made)
(14 real changes made)
(11 real changes made)
(14 real changes made)
(14 real changes made)
(5 real changes made)
(14 real changes made, 9 to missing)
(14 real changes made)
(14 real changes made)
(14 real changes made)
(11 real changes made)
(14 real changes made)
(14 real changes made)
(5 real changes made)
(14 real changes made, 9 to missing)
(14 real changes made)
(14 real changes made)
(14 real changes made)
(11 real changes made)
(14 real changes made)
(14 real changes made)
(5 real changes made)
(14 real changes made, 9 to missing)
(14 real changes made)
(14 real changes made)
(14 real changes made)
(11 real changes made)
(14 real changes made)
(14 real changes made)
(5 real changes made)
(14 real changes made, 9 to missing)
(14 real changes made)
(14 real changes made)
(14 real changes made)
(11 real changes made)
(14 real changes made)
(14 real changes made)
(5 real changes made)
(14 real changes made, 9 to missing)
(14 real changes made)
(14 real changes made)
(14 real changes made)
(11 real changes made)
(14 real changes made)
(14 real changes made)
(5 real changes made)
(14 real changes made, 9 to missing)
(14 real changes made)
(14 real changes made)
(14 real changes made)
(11 real changes made)
(14 real changes made)
(14 real changes made)
(5 real changes made)
(14 real changes made, 9 to missing)
(14 real changes made)
(14 real changes made)
(14 real changes made)
(11 real changes made)
(14 real changes made)
(14 real changes made)
(5 real changes made)
(14 real changes made, 9 to missing)
(14 real changes made)
(14 real changes made)
(14 real changes made)
(11 real changes made)
(14 real changes made)
(14 real changes made)
(5 real changes made)
(14 real changes made, 9 to missing)
(14 real changes made)
(14 real changes made)
(14 real changes made)
(11 real changes made)
(14 real changes made)
(14 real changes made)
(5 real changes made)
(14 real changes made, 9 to missing)
(13 real changes made)
(13 real changes made)
(13 real changes made)
(10 real changes made)
(13 real changes made)
(13 real changes made)
(4 real changes made)
(13 real changes made, 9 to missing)
(13000 missing values generated)
(6 real changes made)
(6 real changes made)
(6 real changes made)
(5 real changes made)
(6 real changes made)
(6 real changes made)
(3 real changes made)
(6 real changes made, 3 to missing)
(5 real changes made)
(5 real changes made)
(5 real changes made)
(4 real changes made)
(5 real changes made)
(5 real changes made)
(2 real changes made)
(5 real changes made, 3 to missing)
(4 real changes made)
(4 real changes made)
(4 real changes made)
(4 real changes made)
(4 real changes made)
(4 real changes made)
(1 real change made)
(4 real changes made, 3 to missing)
(2 real changes made)
(2 real changes made)
(2 real changes made)
(2 real changes made)
(2 real changes made)
(2 real changes made)
(1 real change made)
(2 real changes made, 1 to missing)
(1 real change made)
(1 real change made)
(1 real change made)
(1 real change made)
(1 real change made)
(1 real change made)
(1 real change made)
(1 real change made)
(0 real changes made)
(0 real changes made)
(0 real changes made)
(0 real changes made)
(0 real changes made)
(0 real changes made)
(0 real changes made)
(0 real changes made)
(0 real changes made)
(0 real changes made)
(0 real changes made)
(0 real changes made)
(0 real changes made)
(0 real changes made)
(0 real changes made)
(0 real changes made)
(0 real changes made)
(0 real changes made)
(0 real changes made)
(0 real changes made)
(0 real changes made)
(0 real changes made)
(0 real changes made)
(0 real changes made)
(0 real changes made)
(0 real changes made)
(0 real changes made)
(0 real changes made)
(0 real changes made)
(0 real changes made)
(0 real changes made)
(0 real changes made)
(0 real changes made)
(0 real changes made)
(0 real changes made)
(0 real changes made)
(0 real changes made)
(0 real changes made)
(0 real changes made)
(0 real changes made)
(0 real changes made)
(0 real changes made)
(0 real changes made)
(0 real changes made)
(0 real changes made)
(0 real changes made)
(0 real changes made)
(0 real changes made)
(0 real changes made)
(0 real changes made)
(0 real changes made)
(0 real changes made)
(0 real changes made)
(0 real changes made)
(0 real changes made)
(0 real changes made)
(0 real changes made)
(0 real changes made)
(0 real changes made)
(0 real changes made)
(0 real changes made)
(0 real changes made)
(0 real changes made)
(0 real changes made)
(0 real changes made)
(0 real changes made)
(0 real changes made)
(0 real changes made)
(0 real changes made)
(0 real changes made)
(0 real changes made)
(0 real changes made)
(0 real changes made)
(0 real changes made)
(0 real changes made)
(0 real changes made)
(0 real changes made)
(0 real changes made)
(0 real changes made)
(0 real changes made)
(0 real changes made)
(0 real changes made)
(0 real changes made)
(0 real changes made)
(0 real changes made)
(0 real changes made)
(0 real changes made)
(0 real changes made)
(0 real changes made)
(0 real changes made)
(0 real changes made)
(0 real changes made)
(0 real changes made)
(0 real changes made)
(0 real changes made)
(0 real changes made)
(0 real changes made)
(0 real changes made)
(0 real changes made)
(0 real changes made)
(0 real changes made)
(0 real changes made)
(0 real changes made)
(0 real changes made)
(0 real changes made)
(0 real changes made)
(0 real changes made)
(0 real changes made)
(0 real changes made)
(0 real changes made)
(0 real changes made)
(0 real changes made)
(0 real changes made)
(0 real changes made)
(0 real changes made)
(0 real changes made)
(0 real changes made)
(0 real changes made)
(0 real changes made)
(0 real changes made)
(6 real changes made)
(6 real changes made)
(6 real changes made)
(5 real changes made)
(6 real changes made)
(6 real changes made)
(3 real changes made)
(6 real changes made, 3 to missing)
(6 real changes made)
(6 real changes made)
(6 real changes made)
(5 real changes made)
(6 real changes made)
(6 real changes made)
(3 real changes made)
(6 real changes made, 3 to missing)
(6 real changes made)
(6 real changes made)
(6 real changes made)
(5 real changes made)
(6 real changes made)
(6 real changes made)
(3 real changes made)
(6 real changes made, 3 to missing)
(6 real changes made)
(6 real changes made)
(6 real changes made)
(5 real changes made)
(6 real changes made)
(6 real changes made)
(3 real changes made)
(6 real changes made, 3 to missing)
(6 real changes made)
(6 real changes made)
(6 real changes made)
(5 real changes made)
(6 real changes made)
(6 real changes made)
(3 real changes made)
(6 real changes made, 3 to missing)
(6 real changes made)
(6 real changes made)
(6 real changes made)
(5 real changes made)
(6 real changes made)
(6 real changes made)
(3 real changes made)
(6 real changes made, 3 to missing)
(6 real changes made)
(6 real changes made)
(6 real changes made)
(5 real changes made)
(6 real changes made)
(6 real changes made)
(3 real changes made)
(6 real changes made, 3 to missing)
(6 real changes made)
(6 real changes made)
(6 real changes made)
(5 real changes made)
(6 real changes made)
(6 real changes made)
(3 real changes made)
(6 real changes made, 3 to missing)
(6 real changes made)
(6 real changes made)
(6 real changes made)
(5 real changes made)
(6 real changes made)
(6 real changes made)
(3 real changes made)
(6 real changes made, 3 to missing)
(6 real changes made)
(6 real changes made)
(6 real changes made)
(5 real changes made)
(6 real changes made)
(6 real changes made)
(3 real changes made)
(6 real changes made, 3 to missing)
(6 real changes made)
(6 real changes made)
(6 real changes made)
(5 real changes made)
(6 real changes made)
(6 real changes made)
(3 real changes made)
(6 real changes made, 3 to missing)
(13100 missing values generated)
(1 real change made)
(1 real change made)
(1 real change made)
(0 real changes made)
(1 real change made)
(1 real change made)
(1 real change made)
(1 real change made)
(0 real changes made)
(0 real changes made)
(0 real changes made)
(0 real changes made)
(0 real changes made)
(0 real changes made)
(0 real changes made)
(0 real changes made)
(0 real changes made)
(0 real changes made)
(0 real changes made)
(0 real changes made)
(0 real changes made)
(0 real changes made)
(0 real changes made)
(0 real changes made)
(0 real changes made)
(0 real changes made)
(0 real changes made)
(0 real changes made)
(0 real changes made)
(0 real changes made)
(0 real changes made)
(0 real changes made)
(0 real changes made)
(0 real changes made)
(0 real changes made)
(0 real changes made)
(0 real changes made)
(0 real changes made)
(0 real changes made)
(0 real changes made)
(0 real changes made)
(0 real changes made)
(0 real changes made)
(0 real changes made)
(0 real changes made)
(0 real changes made)
(0 real changes made)
(0 real changes made)
(0 real changes made)
(0 real changes made)
(0 real changes made)
(0 real changes made)
(0 real changes made)
(0 real changes made)
(0 real changes made)
(0 real changes made)
(0 real changes made)
(0 real changes made)
(0 real changes made)
(0 real changes made)
(0 real changes made)
(0 real changes made)
(0 real changes made)
(0 real changes made)
(0 real changes made)
(0 real changes made)
(0 real changes made)
(0 real changes made)
(0 real changes made)
(0 real changes made)
(0 real changes made)
(0 real changes made)
(0 real changes made)
(0 real changes made)
(0 real changes made)
(0 real changes made)
(0 real changes made)
(0 real changes made)
(0 real changes made)
(0 real changes made)
(0 real changes made)
(0 real changes made)
(0 real changes made)
(0 real changes made)
(0 real changes made)
(0 real changes made)
(0 real changes made)
(0 real changes made)
(0 real changes made)
(0 real changes made)
(0 real changes made)
(0 real changes made)
(0 real changes made)
(0 real changes made)
(0 real changes made)
(0 real changes made)
(0 real changes made)
(0 real changes made)
(0 real changes made)
(0 real changes made)
(0 real changes made)
(0 real changes made)
(0 real changes made)
(0 real changes made)
(0 real changes made)
(0 real changes made)
(0 real changes made)
(0 real changes made)
(0 real changes made)
(0 real changes made)
(0 real changes made)
(0 real changes made)
(0 real changes made)
(0 real changes made)
(0 real changes made)
(0 real changes made)
(0 real changes made)
(0 real changes made)
(0 real changes made)
(0 real changes made)
(0 real changes made)
(0 real changes made)
(0 real changes made)
(0 real changes made)
(0 real changes made)
(0 real changes made)
(0 real changes made)
(0 real changes made)
(0 real changes made)
(0 real changes made)
(0 real changes made)
(0 real changes made)
(0 real changes made)
(0 real changes made)
(0 real changes made)
(0 real changes made)
(0 real changes made)
(0 real changes made)
(0 real changes made)
(0 real changes made)
(0 real changes made)
(0 real changes made)
(0 real changes made)
(0 real changes made)
(0 real changes made)
(0 real changes made)
(0 real changes made)
(0 real changes made)
(0 real changes made)
(0 real changes made)
(0 real changes made)
(0 real changes made)
(0 real changes made)
(0 real changes made)
(0 real changes made)
(0 real changes made)
(0 real changes made)
(0 real changes made)
(0 real changes made)
(0 real changes made)
(1 real change made)
(1 real change made)
(1 real change made)
(0 real changes made)
(1 real change made)
(1 real change made)
(1 real change made)
(1 real change made)
(1 real change made)
(1 real change made)
(1 real change made)
(0 real changes made)
(1 real change made)
(1 real change made)
(1 real change made)
(1 real change made)
(1 real change made)
(1 real change made)
(1 real change made)
(0 real changes made)
(1 real change made)
(1 real change made)
(1 real change made)
(1 real change made)
(1 real change made)
(1 real change made)
(1 real change made)
(0 real changes made)
(1 real change made)
(1 real change made)
(1 real change made)
(1 real change made)
(1 real change made)
(1 real change made)
(1 real change made)
(0 real changes made)
(1 real change made)
(1 real change made)
(1 real change made)
(1 real change made)
(1 real change made)
(1 real change made)
(1 real change made)
(0 real changes made)
(1 real change made)
(1 real change made)
(1 real change made)
(1 real change made)
(1 real change made)
(1 real change made)
(1 real change made)
(0 real changes made)
(1 real change made)
(1 real change made)
(1 real change made)
(1 real change made)
(1 real change made)
(1 real change made)
(1 real change made)
(0 real changes made)
(1 real change made)
(1 real change made)
(1 real change made)
(1 real change made)
(1 real change made)
(1 real change made)
(1 real change made)
(0 real changes made)
(1 real change made)
(1 real change made)
(1 real change made)
(1 real change made)
(1 real change made)
(1 real change made)
(1 real change made)
(0 real changes made)
(1 real change made)
(1 real change made)
(1 real change made)
(1 real change made)
(1 real change made)
(1 real change made)
(1 real change made)
(0 real changes made)
(1 real change made)
(1 real change made)
(1 real change made)
(1 real change made)

.          *Clean up some variables;
.  gen dltdebt=_41f-_19h;
(5984 missing values generated)

.  gen dstdebt=_66v-_61v;
(5984 missing values generated)

.  *note: this generates a column of ceros;
.  *note: checking back, since leafinane_panel_ca those vari
> ables were only zeros;
.   rename _21f ltdebtiss;

.   rename _31f ltdebtret;

.   rename _41f ltdebt;

.   rename i86 interest;

.   rename t06 locproptax;

.   rename v40 curexp_oper;

.   rename v45 curexp_xport;

.   rename v60 curexp_entop;

.   rename f12 cap_constr;

.   rename g15 cap_land;

.   gen cap_equip=k09+k10+k11;
(5984 missing values generated)

.   rename z33 instrsal;

.   rename _66v stdebt;

.   rename w01 assets_sink;

.   rename w31 assets_bond;

.   rename w61 assets_other;

.   rename u22 interestearned;

. *Current non-instructional expenditure:
> *(Total current elem/sec - instructional) + total non-elem
> /sec
> * Excludes the following that are otherwise included in to
> tal expenditures:
> * L12: Payments to state governments
> * M12: Payments to local governments
> * Q11: Payments to other school systems
> * I86: Interest on debt;
.  gen tcurnoninst=tcurelsc-tcurinst+tnonelse;
(5984 missing values generated)

.  gen igpmts = l12 + m12 + q11;
(5984 missing values generated)

.  gen totassets=assets_sink+assets_bond+assets_other;
(5984 missing values generated)

. gen othlocrev = tlocrev - locproptax - interestearned;
(5984 missing values generated)

. gen othcurelsc = tcurelsc - tcurinst - curexp_oper;
(5984 missing values generated)

. gen netrev = totalrev - totalexp;
(5984 missing values generated)

. gen totdebt = ltdebt + stdebt;
(5984 missing values generated)

. gen netassets = totassets - totdebt;
(5984 missing values generated)

. foreach v of varlist tcapout tcurelsc totalexp tcurinst dl
> tdebt ltdebtiss ltdebtret ltdebt interest
>              locproptax curexp_oper curexp_xport curexp_en
> top cap_constr cap_land cap_equip instrsal
>              tstrev tfedrev c11 c12 c01 c13 c35 tcurnonins
> t
>              stdebt assets_sink assets_bond assets_other d
> stdebt tlocrev interestearned
>              totalrev tnonelse igpmts totassets othlocrev 
> othcurelsc netrev totdebt netassets
>              {;
  2.  *Convert to real 2000$, using "West" CPI for 1st half 
> of yr;
.   replace `v'=`v'*174.8/152.9 if year==1995;
  3.   replace `v'=`v'*174.8/156.6 if year==1996;
  4.   replace `v'=`v'*174.8/160.6 if year==1997;
  5.   replace `v'=`v'*174.8/163.6 if year==1998;
  6.   replace `v'=`v'*174.8/167.8 if year==1999;
  7.   replace `v'=`v'*174.8/173.1 if year==2000;
  8.   replace `v'=`v'*174.8/180.2 if year==2001;
  9.   replace `v'=`v'*174.8/184.0 if year==2002;
 10.   replace `v'=`v'*174.8/188.2 if year==2003;
 11.   replace `v'=`v'*174.8/191.9 if year==2004;
 12.   replace `v'=`v'*174.8/197.1 if year==2005;
 13.   replace `v'=`v'*174.8/204.5 if year==2006;
 14.   replace `v'=`v'*174.8/210.890 if year==2007;
 15.         gen `v'_pp=`v'/v33;
 16.  };
(649 real changes made)
(650 real changes made)
(648 real changes made)
(648 real changes made)
(648 real changes made)
(650 real changes made)
(650 real changes made)
(647 real changes made)
(648 real changes made)
(642 real changes made)
(639 real changes made)
(0 real changes made)
(0 real changes made)
(5984 missing values generated)
(649 real changes made)
(650 real changes made)
(648 real changes made)
(648 real changes made)
(648 real changes made)
(650 real changes made)
(650 real changes made)
(650 real changes made)
(650 real changes made)
(648 real changes made)
(645 real changes made)
(0 real changes made)
(0 real changes made)
(5984 missing values generated)
(649 real changes made)
(650 real changes made)
(648 real changes made)
(648 real changes made)
(648 real changes made)
(650 real changes made)
(650 real changes made)
(650 real changes made)
(650 real changes made)
(648 real changes made)
(645 real changes made)
(0 real changes made)
(0 real changes made)
(5984 missing values generated)
(649 real changes made)
(650 real changes made)
(648 real changes made)
(648 real changes made)
(648 real changes made)
(650 real changes made)
(650 real changes made)
(650 real changes made)
(650 real changes made)
(648 real changes made)
(645 real changes made)
(0 real changes made)
(0 real changes made)
(5984 missing values generated)
(191 real changes made)
(198 real changes made)
(359 real changes made)
(358 real changes made)
(398 real changes made)
(425 real changes made)
(454 real changes made)
(470 real changes made)
(504 real changes made)
(516 real changes made)
(551 real changes made)
(0 real changes made)
(0 real changes made)
(5984 missing values generated)
(48 real changes made)
(66 real changes made)
(81 real changes made)
(138 real changes made)
(174 real changes made)
(150 real changes made)
(178 real changes made)
(199 real changes made)
(201 real changes made)
(162 real changes made)
(235 real changes made)
(0 real changes made)
(0 real changes made)
(5984 missing values generated)
(178 real changes made)
(171 real changes made)
(325 real changes made)
(307 real changes made)
(349 real changes made)
(380 real changes made)
(398 real changes made)
(435 real changes made)
(464 real changes made)
(498 real changes made)
(528 real changes made)
(0 real changes made)
(0 real changes made)
(5984 missing values generated)
(198 real changes made)
(213 real changes made)
(389 real changes made)
(399 real changes made)
(435 real changes made)
(459 real changes made)
(488 real changes made)
(498 real changes made)
(531 real changes made)
(553 real changes made)
(564 real changes made)
(0 real changes made)
(0 real changes made)
(5984 missing values generated)
(192 real changes made)
(187 real changes made)
(303 real changes made)
(320 real changes made)
(367 real changes made)
(406 real changes made)
(466 real changes made)
(501 real changes made)
(552 real changes made)
(589 real changes made)
(601 real changes made)
(0 real changes made)
(0 real changes made)
(5984 missing values generated)
(649 real changes made)
(650 real changes made)
(648 real changes made)
(648 real changes made)
(648 real changes made)
(650 real changes made)
(650 real changes made)
(650 real changes made)
(650 real changes made)
(647 real changes made)
(645 real changes made)
(0 real changes made)
(0 real changes made)
(5984 missing values generated)
(205 real changes made)
(205 real changes made)
(205 real changes made)
(180 real changes made)
(176 real changes made)
(418 real changes made)
(495 real changes made)
(610 real changes made)
(635 real changes made)
(648 real changes made)
(645 real changes made)
(0 real changes made)
(0 real changes made)
(5984 missing values generated)
(205 real changes made)
(205 real changes made)
(202 real changes made)
(178 real changes made)
(173 real changes made)
(397 real changes made)
(472 real changes made)
(582 real changes made)
(612 real changes made)
(624 real changes made)
(621 real changes made)
(0 real changes made)
(0 real changes made)
(5984 missing values generated)
(0 real changes made)
(0 real changes made)
(14 real changes made)
(14 real changes made)
(15 real changes made)
(31 real changes made)
(67 real changes made)
(105 real changes made)
(93 real changes made)
(105 real changes made)
(112 real changes made)
(0 real changes made)
(0 real changes made)
(5984 missing values generated)
(605 real changes made)
(597 real changes made)
(644 real changes made)
(644 real changes made)
(640 real changes made)
(640 real changes made)
(639 real changes made)
(634 real changes made)
(635 real changes made)
(621 real changes made)
(624 real changes made)
(0 real changes made)
(0 real changes made)
(5984 missing values generated)
(513 real changes made)
(511 real changes made)
(565 real changes made)
(553 real changes made)
(599 real changes made)
(615 real changes made)
(606 real changes made)
(598 real changes made)
(594 real changes made)
(587 real changes made)
(556 real changes made)
(0 real changes made)
(0 real changes made)
(5984 missing values generated)
(645 real changes made)
(648 real changes made)
(648 real changes made)
(648 real changes made)
(648 real changes made)
(650 real changes made)
(650 real changes made)
(635 real changes made)
(588 real changes made)
(531 real changes made)
(523 real changes made)
(0 real changes made)
(0 real changes made)
(5984 missing values generated)
(649 real changes made)
(650 real changes made)
(648 real changes made)
(648 real changes made)
(648 real changes made)
(650 real changes made)
(650 real changes made)
(650 real changes made)
(650 real changes made)
(648 real changes made)
(645 real changes made)
(0 real changes made)
(0 real changes made)
(5984 missing values generated)
(649 real changes made)
(650 real changes made)
(648 real changes made)
(648 real changes made)
(648 real changes made)
(650 real changes made)
(650 real changes made)
(650 real changes made)
(650 real changes made)
(648 real changes made)
(645 real changes made)
(0 real changes made)
(0 real changes made)
(5984 missing values generated)
(648 real changes made)
(649 real changes made)
(648 real changes made)
(648 real changes made)
(648 real changes made)
(650 real changes made)
(650 real changes made)
(650 real changes made)
(650 real changes made)
(648 real changes made)
(645 real changes made)
(0 real changes made)
(0 real changes made)
(5984 missing values generated)
(213 real changes made)
(168 real changes made)
(261 real changes made)
(290 real changes made)
(229 real changes made)
(316 real changes made)
(308 real changes made)
(225 real changes made)
(371 real changes made)
(368 real changes made)
(302 real changes made)
(0 real changes made)
(0 real changes made)
(5984 missing values generated)
(610 real changes made)
(609 real changes made)
(609 real changes made)
(598 real changes made)
(600 real changes made)
(601 real changes made)
(600 real changes made)
(601 real changes made)
(603 real changes made)
(600 real changes made)
(597 real changes made)
(0 real changes made)
(0 real changes made)
(5984 missing values generated)
(649 real changes made)
(650 real changes made)
(648 real changes made)
(648 real changes made)
(648 real changes made)
(650 real changes made)
(650 real changes made)
(650 real changes made)
(650 real changes made)
(643 real changes made)
(640 real changes made)
(0 real changes made)
(0 real changes made)
(5984 missing values generated)
(649 real changes made)
(650 real changes made)
(648 real changes made)
(648 real changes made)
(648 real changes made)
(650 real changes made)
(650 real changes made)
(650 real changes made)
(650 real changes made)
(648 real changes made)
(645 real changes made)
(0 real changes made)
(0 real changes made)
(5984 missing values generated)
(0 real changes made)
(0 real changes made)
(0 real changes made)
(0 real changes made)
(0 real changes made)
(0 real changes made)
(0 real changes made)
(0 real changes made)
(0 real changes made)
(0 real changes made)
(0 real changes made)
(0 real changes made)
(0 real changes made)
(5984 missing values generated)
(649 real changes made)
(650 real changes made)
(648 real changes made)
(648 real changes made)
(648 real changes made)
(650 real changes made)
(650 real changes made)
(650 real changes made)
(650 real changes made)
(648 real changes made)
(645 real changes made)
(0 real changes made)
(0 real changes made)
(5984 missing values generated)
(0 real changes made)
(0 real changes made)
(0 real changes made)
(0 real changes made)
(0 real changes made)
(0 real changes made)
(0 real changes made)
(0 real changes made)
(0 real changes made)
(0 real changes made)
(388 real changes made)
(0 real changes made)
(0 real changes made)
(5984 missing values generated)
(0 real changes made)
(0 real changes made)
(38 real changes made)
(43 real changes made)
(49 real changes made)
(52 real changes made)
(414 real changes made)
(441 real changes made)
(487 real changes made)
(514 real changes made)
(545 real changes made)
(0 real changes made)
(0 real changes made)
(5984 missing values generated)
(2 real changes made)
(5 real changes made)
(247 real changes made)
(293 real changes made)
(330 real changes made)
(359 real changes made)
(392 real changes made)
(424 real changes made)
(467 real changes made)
(466 real changes made)
(476 real changes made)
(0 real changes made)
(0 real changes made)
(5984 missing values generated)
(649 real changes made)
(650 real changes made)
(648 real changes made)
(645 real changes made)
(648 real changes made)
(645 real changes made)
(650 real changes made)
(650 real changes made)
(650 real changes made)
(648 real changes made)
(645 real changes made)
(0 real changes made)
(0 real changes made)
(5984 missing values generated)
(0 real changes made)
(0 real changes made)
(0 real changes made)
(0 real changes made)
(0 real changes made)
(0 real changes made)
(0 real changes made)
(0 real changes made)
(0 real changes made)
(0 real changes made)
(388 real changes made)
(0 real changes made)
(0 real changes made)
(5984 missing values generated)
(649 real changes made)
(650 real changes made)
(648 real changes made)
(648 real changes made)
(648 real changes made)
(650 real changes made)
(650 real changes made)
(650 real changes made)
(650 real changes made)
(648 real changes made)
(645 real changes made)
(0 real changes made)
(0 real changes made)
(5984 missing values generated)
(649 real changes made)
(650 real changes made)
(648 real changes made)
(648 real changes made)
(647 real changes made)
(649 real changes made)
(650 real changes made)
(650 real changes made)
(650 real changes made)
(647 real changes made)
(643 real changes made)
(0 real changes made)
(0 real changes made)
(5984 missing values generated)
(649 real changes made)
(650 real changes made)
(648 real changes made)
(648 real changes made)
(648 real changes made)
(650 real changes made)
(650 real changes made)
(650 real changes made)
(650 real changes made)
(648 real changes made)
(645 real changes made)
(0 real changes made)
(0 real changes made)
(5984 missing values generated)
(631 real changes made)
(633 real changes made)
(333 real changes made)
(325 real changes made)
(321 real changes made)
(415 real changes made)
(441 real changes made)
(474 real changes made)
(490 real changes made)
(488 real changes made)
(481 real changes made)
(0 real changes made)
(0 real changes made)
(5984 missing values generated)
(546 real changes made)
(542 real changes made)
(528 real changes made)
(542 real changes made)
(542 real changes made)
(535 real changes made)
(544 real changes made)
(535 real changes made)
(548 real changes made)
(542 real changes made)
(547 real changes made)
(0 real changes made)
(0 real changes made)
(5984 missing values generated)
(649 real changes made)
(650 real changes made)
(648 real changes made)
(648 real changes made)
(648 real changes made)
(649 real changes made)
(650 real changes made)
(650 real changes made)
(650 real changes made)
(648 real changes made)
(645 real changes made)
(0 real changes made)
(0 real changes made)
(5984 missing values generated)
(648 real changes made)
(650 real changes made)
(648 real changes made)
(648 real changes made)
(648 real changes made)
(650 real changes made)
(650 real changes made)
(650 real changes made)
(650 real changes made)
(648 real changes made)
(645 real changes made)
(0 real changes made)
(0 real changes made)
(5984 missing values generated)
(649 real changes made)
(650 real changes made)
(648 real changes made)
(648 real changes made)
(648 real changes made)
(650 real changes made)
(650 real changes made)
(650 real changes made)
(650 real changes made)
(648 real changes made)
(645 real changes made)
(0 real changes made)
(0 real changes made)
(5984 missing values generated)
(647 real changes made)
(649 real changes made)
(647 real changes made)
(648 real changes made)
(648 real changes made)
(650 real changes made)
(650 real changes made)
(650 real changes made)
(650 real changes made)
(648 real changes made)
(645 real changes made)
(0 real changes made)
(0 real changes made)
(5984 missing values generated)
(198 real changes made)
(213 real changes made)
(389 real changes made)
(399 real changes made)
(435 real changes made)
(459 real changes made)
(488 real changes made)
(498 real changes made)
(531 real changes made)
(553 real changes made)
(564 real changes made)
(0 real changes made)
(0 real changes made)
(5984 missing values generated)
(649 real changes made)
(650 real changes made)
(648 real changes made)
(648 real changes made)
(648 real changes made)
(649 real changes made)
(650 real changes made)
(650 real changes made)
(650 real changes made)
(647 real changes made)
(645 real changes made)
(0 real changes made)
(0 real changes made)
(5984 missing values generated)

. *replace totalexp_pp = totalexp_pp/1000;
. *replace tcurelsc_pp = tcurelsc_pp/1000;
. *replace tcapout_pp= tcapout_pp/1000;
. *Make squared, cubed, etc. vars;
.  forvalues d=0/19 {;
  2.         gen percent2_prev`d'=percent_prev`d'^2;
  3.         gen percent3_prev`d'=percent_prev`d'^3;
  4.  };
(10 missing values generated)
(10 missing values generated)
(10 missing values generated)
(10 missing values generated)
(10 missing values generated)
(10 missing values generated)
(10 missing values generated)
(10 missing values generated)
(10 missing values generated)
(10 missing values generated)
(10 missing values generated)
(10 missing values generated)
(10 missing values generated)
(10 missing values generated)
(10 missing values generated)
(10 missing values generated)
(10 missing values generated)
(10 missing values generated)
(10 missing values generated)
(10 missing values generated)
(10 missing values generated)
(10 missing values generated)
(10 missing values generated)
(10 missing values generated)
(10 missing values generated)
(10 missing values generated)
(10 missing values generated)
(10 missing values generated)

.  forvalues d=1/11 {;
  2.         gen percent2_fut`d'=percent_fut`d'^2;
  3.         gen percent3_fut`d'=percent_fut`d'^3;
  4.  };
(10 missing values generated)
(10 missing values generated)
(10 missing values generated)
(10 missing values generated)
(10 missing values generated)
(10 missing values generated)
(10 missing values generated)
(10 missing values generated)
(10 missing values generated)
(10 missing values generated)
(10 missing values generated)
(10 missing values generated)

. save "fullpanel.dta", replace;
file fullpanel.dta saved

. log close;
       log:  C:\Documents and Settings\Jesse Rothstein\My Do
> cuments\projects\caelections\archive\makefullpanel.log
  log type:  text
 closed on:   6 Mar 2010, 13:37:46
------------------------------------------------------------
