This is pdfTeX, Version 3.141592653-2.6-1.40.26 (MiKTeX 24.3.31) (preloaded format=pdflatex 2024.4.6)  15 OCT 2024 13:57
entering extended mode
 restricted \write18 enabled.
 file:line:error style messages enabled.
 %&-line parsing enabled.
**"c:/Users/rawatsa/OneDrive - University of Cincinnati/StataProjects/ohio_taxation/docs/presentations/econ_real_estate_uc_brown_bag_seminar/re_seminar_main-2233-ECONO.tex"
(c:/Users/rawatsa/OneDrive - University of Cincinnati/StataProjects/ohio_taxation/docs/presentations/econ_real_estate_uc_brown_bag_seminar/re_seminar_main-2233-ECONO.tex
LaTeX2e <2023-11-01> patch level 1
L3 programming layer <2024-03-14>
(C:\Users\rawatsa\AppData\Local\Programs\MiKTeX\tex/latex/beamer\beamer.cls
Document Class: beamer 2024/01/06 v3.71 A class for typesetting presentations
(C:\Users\rawatsa\AppData\Local\Programs\MiKTeX\tex/latex/beamer\beamerbasemodes.sty (C:\Users\rawatsa\AppData\Local\Programs\MiKTeX\tex/latex/etoolbox\etoolbox.sty
Package: etoolbox 2020/10/05 v2.5k e-TeX tools for LaTeX (JAW)
\etb@tempcnta=\count188
)
\beamer@tempbox=\box51
\beamer@tempcount=\count189
\c@beamerpauses=\count190
 (C:\Users\rawatsa\AppData\Local\Programs\MiKTeX\tex/latex/beamer\beamerbasedecode.sty
\beamer@slideinframe=\count191
\beamer@minimum=\count192
\beamer@decode@box=\box52
)
\beamer@commentbox=\box53
\beamer@modecount=\count193
) (C:\Users\rawatsa\AppData\Local\Programs\MiKTeX\tex/generic/iftex\iftex.sty
Package: iftex 2022/02/03 v1.0f TeX engine tests
)
\headdp=\dimen140
\footheight=\dimen141
\sidebarheight=\dimen142
\beamer@tempdim=\dimen143
\beamer@finalheight=\dimen144
\beamer@animht=\dimen145
\beamer@animdp=\dimen146
\beamer@animwd=\dimen147
\beamer@leftmargin=\dimen148
\beamer@rightmargin=\dimen149
\beamer@leftsidebar=\dimen150
\beamer@rightsidebar=\dimen151
\beamer@boxsize=\dimen152
\beamer@vboxoffset=\dimen153
\beamer@descdefault=\dimen154
\beamer@descriptionwidth=\dimen155
\beamer@lastskip=\skip48
\beamer@areabox=\box54
\beamer@animcurrent=\box55
\beamer@animshowbox=\box56
\beamer@sectionbox=\box57
\beamer@logobox=\box58
\beamer@linebox=\box59
\beamer@sectioncount=\count194
\beamer@subsubsectionmax=\count195
\beamer@subsectionmax=\count196
\beamer@sectionmax=\count197
\beamer@totalheads=\count198
\beamer@headcounter=\count199
\beamer@partstartpage=\count266
\beamer@sectionstartpage=\count267
\beamer@subsectionstartpage=\count268
\beamer@animationtempa=\count269
\beamer@animationtempb=\count270
\beamer@xpos=\count271
\beamer@ypos=\count272
\beamer@ypos@offset=\count273
\beamer@showpartnumber=\count274
\beamer@currentsubsection=\count275
\beamer@coveringdepth=\count276
\beamer@sectionadjust=\count277
\beamer@toclastsection=\count278
\beamer@tocsectionnumber=\count279
 (C:\Users\rawatsa\AppData\Local\Programs\MiKTeX\tex/latex/beamer\beamerbaseoptions.sty (C:\Users\rawatsa\AppData\Local\Programs\MiKTeX\tex/latex/graphics\keyval.sty
Package: keyval 2022/05/29 v1.15 key=value parser (DPC)
\KV@toks@=\toks17
))
\beamer@paperwidth=\skip49
\beamer@paperheight=\skip50
 (C:\Users\rawatsa\AppData\Local\Programs\MiKTeX\tex/latex/geometry\geometry.sty
Package: geometry 2020/01/02 v5.9 Page Geometry
 (C:\Users\rawatsa\AppData\Local\Programs\MiKTeX\tex/generic/iftex\ifvtex.sty
Package: ifvtex 2019/10/25 v1.7 ifvtex legacy package. Use iftex instead.
)
\Gm@cnth=\count280
\Gm@cntv=\count281
\c@Gm@tempcnt=\count282
\Gm@bindingoffset=\dimen156
\Gm@wd@mp=\dimen157
\Gm@odd@mp=\dimen158
\Gm@even@mp=\dimen159
\Gm@layoutwidth=\dimen160
\Gm@layoutheight=\dimen161
\Gm@layouthoffset=\dimen162
\Gm@layoutvoffset=\dimen163
\Gm@dimlist=\toks18
 (C:\Users\rawatsa\AppData\Local\Programs\MiKTeX\tex/latex/geometry\geometry.cfg)) (C:\Users\rawatsa\AppData\Local\Programs\MiKTeX\tex/latex/pgf/math\pgfmath.sty (C:\Users\rawatsa\AppData\Local\Programs\MiKTeX\tex/latex/pgf/utilities\pgfrcs.sty (C:\Users\rawatsa\AppData\Local\Programs\MiKTeX\tex/generic/pgf/utilities\pgfutil-common.tex
\pgfutil@everybye=\toks19
\pgfutil@tempdima=\dimen164
\pgfutil@tempdimb=\dimen165
) (C:\Users\rawatsa\AppData\Local\Programs\MiKTeX\tex/generic/pgf/utilities\pgfutil-latex.def
\pgfutil@abb=\box60
) (C:\Users\rawatsa\AppData\Local\Programs\MiKTeX\tex/generic/pgf/utilities\pgfrcs.code.tex (C:\Users\rawatsa\AppData\Local\Programs\MiKTeX\tex/generic/pgf\pgf.revision.tex)
Package: pgfrcs 2023-01-15 v3.1.10 (3.1.10)
)) (C:\Users\rawatsa\AppData\Local\Programs\MiKTeX\tex/latex/pgf/utilities\pgfkeys.sty (C:\Users\rawatsa\AppData\Local\Programs\MiKTeX\tex/generic/pgf/utilities\pgfkeys.code.tex
\pgfkeys@pathtoks=\toks20
\pgfkeys@temptoks=\toks21
 (C:\Users\rawatsa\AppData\Local\Programs\MiKTeX\tex/generic/pgf/utilities\pgfkeyslibraryfiltered.code.tex
\pgfkeys@tmptoks=\toks22
))) (C:\Users\rawatsa\AppData\Local\Programs\MiKTeX\tex/generic/pgf/math\pgfmath.code.tex (C:\Users\rawatsa\AppData\Local\Programs\MiKTeX\tex/generic/pgf/math\pgfmathutil.code.tex
\pgf@x=\dimen166
\pgf@xa=\dimen167
\pgf@xb=\dimen168
\pgf@xc=\dimen169
\pgf@y=\dimen170
\pgf@ya=\dimen171
\pgf@yb=\dimen172
\pgf@yc=\dimen173
\c@pgf@counta=\count283
\c@pgf@countb=\count284
\c@pgf@countc=\count285
\c@pgf@countd=\count286
) (C:\Users\rawatsa\AppData\Local\Programs\MiKTeX\tex/generic/pgf/math\pgfmathparser.code.tex
\pgfmath@dimen=\dimen174
\pgfmath@count=\count287
\pgfmath@box=\box61
\pgfmath@toks=\toks23
\pgfmath@stack@operand=\toks24
\pgfmath@stack@operation=\toks25
) (C:\Users\rawatsa\AppData\Local\Programs\MiKTeX\tex/generic/pgf/math\pgfmathfunctions.code.tex) (C:\Users\rawatsa\AppData\Local\Programs\MiKTeX\tex/generic/pgf/math\pgfmathfunctions.basic.code.tex) (C:\Users\rawatsa\AppData\Local\Programs\MiKTeX\tex/generic/pgf/math\pgfmathfunctions.trigonometric.code.tex) (C:\Users\rawatsa\AppData\Local\Programs\MiKTeX\tex/generic/pgf/math\pgfmathfunctions.random.code.tex) (C:\Users\rawatsa\AppData\Local\Programs\MiKTeX\tex/generic/pgf/math\pgfmathfunctions.comparison.code.tex) (C:\Users\rawatsa\AppData\Local\Programs\MiKTeX\tex/generic/pgf/math\pgfmathfunctions.base.code.tex) (C:\Users\rawatsa\AppData\Local\Programs\MiKTeX\tex/generic/pgf/math\pgfmathfunctions.round.code.tex) (C:\Users\rawatsa\AppData\Local\Programs\MiKTeX\tex/generic/pgf/math\pgfmathfunctions.misc.code.tex) (C:\Users\rawatsa\AppData\Local\Programs\MiKTeX\tex/generic/pgf/math\pgfmathfunctions.integerarithmetics.code.tex) (C:\Users\rawatsa\AppData\Local\Programs\MiKTeX\tex/generic/pgf/math\pgfmathcalc.code.tex) (C:\Users\rawatsa\AppData\Local\Programs\MiKTeX\tex/generic/pgf/math\pgfmathfloat.code.tex
\c@pgfmathroundto@lastzeros=\count288
))) (C:\Users\rawatsa\AppData\Local\Programs\MiKTeX\tex/latex/base\size11.clo
File: size11.clo 2023/05/17 v1.4n Standard LaTeX file (size option)
) (C:\Users\rawatsa\AppData\Local\Programs\MiKTeX\tex/latex/pgf/basiclayer\pgfcore.sty (C:\Users\rawatsa\AppData\Local\Programs\MiKTeX\tex/latex/graphics\graphicx.sty
Package: graphicx 2021/09/16 v1.2d Enhanced LaTeX Graphics (DPC,SPQR)
 (C:\Users\rawatsa\AppData\Local\Programs\MiKTeX\tex/latex/graphics\graphics.sty
Package: graphics 2022/03/10 v1.4e Standard LaTeX Graphics (DPC,SPQR)
 (C:\Users\rawatsa\AppData\Local\Programs\MiKTeX\tex/latex/graphics\trig.sty
Package: trig 2021/08/11 v1.11 sin cos tan (DPC)
) (C:\Users\rawatsa\AppData\Local\Programs\MiKTeX\tex/latex/graphics-cfg\graphics.cfg
File: graphics.cfg 2016/06/04 v1.11 sample graphics configuration
)
Package graphics Info: Driver file: pdftex.def on input line 107.
 (C:\Users\rawatsa\AppData\Local\Programs\MiKTeX\tex/latex/graphics-def\pdftex.def
File: pdftex.def 2022/09/22 v1.2b Graphics/color driver for pdftex
))
\Gin@req@height=\dimen175
\Gin@req@width=\dimen176
) (C:\Users\rawatsa\AppData\Local\Programs\MiKTeX\tex/latex/pgf/systemlayer\pgfsys.sty (C:\Users\rawatsa\AppData\Local\Programs\MiKTeX\tex/generic/pgf/systemlayer\pgfsys.code.tex
Package: pgfsys 2023-01-15 v3.1.10 (3.1.10)
\pgf@x=\dimen177
\pgf@y=\dimen178
\pgf@xa=\dimen179
\pgf@ya=\dimen180
\pgf@xb=\dimen181
\pgf@yb=\dimen182
\pgf@xc=\dimen183
\pgf@yc=\dimen184
\pgf@xd=\dimen185
\pgf@yd=\dimen186
\w@pgf@writea=\write3
\r@pgf@reada=\read2
\c@pgf@counta=\count289
\c@pgf@countb=\count290
\c@pgf@countc=\count291
\c@pgf@countd=\count292
\t@pgf@toka=\toks26
\t@pgf@tokb=\toks27
\t@pgf@tokc=\toks28
\pgf@sys@id@count=\count293
 (C:\Users\rawatsa\AppData\Local\Programs\MiKTeX\tex/generic/pgf/systemlayer\pgf.cfg
File: pgf.cfg 2023-01-15 v3.1.10 (3.1.10)
)
Driver file for pgf: pgfsys-pdftex.def
 (C:\Users\rawatsa\AppData\Local\Programs\MiKTeX\tex/generic/pgf/systemlayer\pgfsys-pdftex.def
File: pgfsys-pdftex.def 2023-01-15 v3.1.10 (3.1.10)
 (C:\Users\rawatsa\AppData\Local\Programs\MiKTeX\tex/generic/pgf/systemlayer\pgfsys-common-pdf.def
File: pgfsys-common-pdf.def 2023-01-15 v3.1.10 (3.1.10)
))) (C:\Users\rawatsa\AppData\Local\Programs\MiKTeX\tex/generic/pgf/systemlayer\pgfsyssoftpath.code.tex
File: pgfsyssoftpath.code.tex 2023-01-15 v3.1.10 (3.1.10)
\pgfsyssoftpath@smallbuffer@items=\count294
\pgfsyssoftpath@bigbuffer@items=\count295
) (C:\Users\rawatsa\AppData\Local\Programs\MiKTeX\tex/generic/pgf/systemlayer\pgfsysprotocol.code.tex
File: pgfsysprotocol.code.tex 2023-01-15 v3.1.10 (3.1.10)
)) (C:\Users\rawatsa\AppData\Local\Programs\MiKTeX\tex/latex/xcolor\xcolor.sty
Package: xcolor 2023/11/15 v3.01 LaTeX color extensions (UK)
 (C:\Users\rawatsa\AppData\Local\Programs\MiKTeX\tex/latex/graphics-cfg\color.cfg
File: color.cfg 2016/01/02 v1.6 sample color configuration
)
Package xcolor Info: Driver file: pdftex.def on input line 274.
 (C:\Users\rawatsa\AppData\Local\Programs\MiKTeX\tex/latex/graphics\mathcolor.ltx)
Package xcolor Info: Model `cmy' substituted by `cmy0' on input line 1350.
Package xcolor Info: Model `hsb' substituted by `rgb' on input line 1354.
Package xcolor Info: Model `RGB' extended on input line 1366.
Package xcolor Info: Model `HTML' substituted by `rgb' on input line 1368.
Package xcolor Info: Model `Hsb' substituted by `hsb' on input line 1369.
Package xcolor Info: Model `tHsb' substituted by `hsb' on input line 1370.
Package xcolor Info: Model `HSB' substituted by `hsb' on input line 1371.
Package xcolor Info: Model `Gray' substituted by `gray' on input line 1372.
Package xcolor Info: Model `wave' substituted by `hsb' on input line 1373.
) (C:\Users\rawatsa\AppData\Local\Programs\MiKTeX\tex/generic/pgf/basiclayer\pgfcore.code.tex
Package: pgfcore 2023-01-15 v3.1.10 (3.1.10)
 (C:\Users\rawatsa\AppData\Local\Programs\MiKTeX\tex/generic/pgf/math\pgfint.code.tex) (C:\Users\rawatsa\AppData\Local\Programs\MiKTeX\tex/generic/pgf/basiclayer\pgfcorepoints.code.tex
File: pgfcorepoints.code.tex 2023-01-15 v3.1.10 (3.1.10)
\pgf@picminx=\dimen187
\pgf@picmaxx=\dimen188
\pgf@picminy=\dimen189
\pgf@picmaxy=\dimen190
\pgf@pathminx=\dimen191
\pgf@pathmaxx=\dimen192
\pgf@pathminy=\dimen193
\pgf@pathmaxy=\dimen194
\pgf@xx=\dimen195
\pgf@xy=\dimen196
\pgf@yx=\dimen197
\pgf@yy=\dimen198
\pgf@zx=\dimen199
\pgf@zy=\dimen256
) (C:\Users\rawatsa\AppData\Local\Programs\MiKTeX\tex/generic/pgf/basiclayer\pgfcorepathconstruct.code.tex
File: pgfcorepathconstruct.code.tex 2023-01-15 v3.1.10 (3.1.10)
\pgf@path@lastx=\dimen257
\pgf@path@lasty=\dimen258
) (C:\Users\rawatsa\AppData\Local\Programs\MiKTeX\tex/generic/pgf/basiclayer\pgfcorepathusage.code.tex
File: pgfcorepathusage.code.tex 2023-01-15 v3.1.10 (3.1.10)
\pgf@shorten@end@additional=\dimen259
\pgf@shorten@start@additional=\dimen260
) (C:\Users\rawatsa\AppData\Local\Programs\MiKTeX\tex/generic/pgf/basiclayer\pgfcorescopes.code.tex
File: pgfcorescopes.code.tex 2023-01-15 v3.1.10 (3.1.10)
\pgfpic=\box62
\pgf@hbox=\box63
\pgf@layerbox@main=\box64
\pgf@picture@serial@count=\count296
) (C:\Users\rawatsa\AppData\Local\Programs\MiKTeX\tex/generic/pgf/basiclayer\pgfcoregraphicstate.code.tex
File: pgfcoregraphicstate.code.tex 2023-01-15 v3.1.10 (3.1.10)
\pgflinewidth=\dimen261
) (C:\Users\rawatsa\AppData\Local\Programs\MiKTeX\tex/generic/pgf/basiclayer\pgfcoretransformations.code.tex
File: pgfcoretransformations.code.tex 2023-01-15 v3.1.10 (3.1.10)
\pgf@pt@x=\dimen262
\pgf@pt@y=\dimen263
\pgf@pt@temp=\dimen264
) (C:\Users\rawatsa\AppData\Local\Programs\MiKTeX\tex/generic/pgf/basiclayer\pgfcorequick.code.tex
File: pgfcorequick.code.tex 2023-01-15 v3.1.10 (3.1.10)
) (C:\Users\rawatsa\AppData\Local\Programs\MiKTeX\tex/generic/pgf/basiclayer\pgfcoreobjects.code.tex
File: pgfcoreobjects.code.tex 2023-01-15 v3.1.10 (3.1.10)
) (C:\Users\rawatsa\AppData\Local\Programs\MiKTeX\tex/generic/pgf/basiclayer\pgfcorepathprocessing.code.tex
File: pgfcorepathprocessing.code.tex 2023-01-15 v3.1.10 (3.1.10)
) (C:\Users\rawatsa\AppData\Local\Programs\MiKTeX\tex/generic/pgf/basiclayer\pgfcorearrows.code.tex
File: pgfcorearrows.code.tex 2023-01-15 v3.1.10 (3.1.10)
\pgfarrowsep=\dimen265
) (C:\Users\rawatsa\AppData\Local\Programs\MiKTeX\tex/generic/pgf/basiclayer\pgfcoreshade.code.tex
File: pgfcoreshade.code.tex 2023-01-15 v3.1.10 (3.1.10)
\pgf@max=\dimen266
\pgf@sys@shading@range@num=\count297
\pgf@shadingcount=\count298
) (C:\Users\rawatsa\AppData\Local\Programs\MiKTeX\tex/generic/pgf/basiclayer\pgfcoreimage.code.tex
File: pgfcoreimage.code.tex 2023-01-15 v3.1.10 (3.1.10)
) (C:\Users\rawatsa\AppData\Local\Programs\MiKTeX\tex/generic/pgf/basiclayer\pgfcoreexternal.code.tex
File: pgfcoreexternal.code.tex 2023-01-15 v3.1.10 (3.1.10)
\pgfexternal@startupbox=\box65
) (C:\Users\rawatsa\AppData\Local\Programs\MiKTeX\tex/generic/pgf/basiclayer\pgfcorelayers.code.tex
File: pgfcorelayers.code.tex 2023-01-15 v3.1.10 (3.1.10)
) (C:\Users\rawatsa\AppData\Local\Programs\MiKTeX\tex/generic/pgf/basiclayer\pgfcoretransparency.code.tex
File: pgfcoretransparency.code.tex 2023-01-15 v3.1.10 (3.1.10)
) (C:\Users\rawatsa\AppData\Local\Programs\MiKTeX\tex/generic/pgf/basiclayer\pgfcorepatterns.code.tex
File: pgfcorepatterns.code.tex 2023-01-15 v3.1.10 (3.1.10)
) (C:\Users\rawatsa\AppData\Local\Programs\MiKTeX\tex/generic/pgf/basiclayer\pgfcorerdf.code.tex
File: pgfcorerdf.code.tex 2023-01-15 v3.1.10 (3.1.10)
))) (C:\Users\rawatsa\AppData\Local\Programs\MiKTeX\tex/latex/pgf/utilities\xxcolor.sty
Package: xxcolor 2003/10/24 ver 0.1
\XC@nummixins=\count299
\XC@countmixins=\count300
) (C:\Users\rawatsa\AppData\Local\Programs\MiKTeX\tex/latex/base\atbegshi-ltx.sty
Package: atbegshi-ltx 2021/01/10 v1.0c Emulation of the original atbegshi
package with kernel methods
) (C:\Users\rawatsa\AppData\Local\Programs\MiKTeX\tex/latex/hyperref\hyperref.sty
Package: hyperref 2024-01-20 v7.01h Hypertext links for LaTeX
 (C:\Users\rawatsa\AppData\Local\Programs\MiKTeX\tex/latex/kvsetkeys\kvsetkeys.sty
Package: kvsetkeys 2022-10-05 v1.19 Key value parser (HO)
) (C:\Users\rawatsa\AppData\Local\Programs\MiKTeX\tex/generic/kvdefinekeys\kvdefinekeys.sty
Package: kvdefinekeys 2019-12-19 v1.6 Define keys (HO)
) (C:\Users\rawatsa\AppData\Local\Programs\MiKTeX\tex/generic/pdfescape\pdfescape.sty
Package: pdfescape 2019/12/09 v1.15 Implements pdfTeX's escape features (HO)
 (C:\Users\rawatsa\AppData\Local\Programs\MiKTeX\tex/generic/ltxcmds\ltxcmds.sty
Package: ltxcmds 2023-12-04 v1.26 LaTeX kernel commands for general use (HO)
) (C:\Users\rawatsa\AppData\Local\Programs\MiKTeX\tex/generic/pdftexcmds\pdftexcmds.sty
Package: pdftexcmds 2020-06-27 v0.33 Utility functions of pdfTeX for LuaTeX (HO)
 (C:\Users\rawatsa\AppData\Local\Programs\MiKTeX\tex/generic/infwarerr\infwarerr.sty
Package: infwarerr 2019/12/03 v1.5 Providing info/warning/error messages (HO)
)
Package pdftexcmds Info: \pdf@primitive is available.
Package pdftexcmds Info: \pdf@ifprimitive is available.
Package pdftexcmds Info: \pdfdraftmode found.
)) (C:\Users\rawatsa\AppData\Local\Programs\MiKTeX\tex/latex/hycolor\hycolor.sty
Package: hycolor 2020-01-27 v1.10 Color options for hyperref/bookmark (HO)
) (C:\Users\rawatsa\AppData\Local\Programs\MiKTeX\tex/latex/auxhook\auxhook.sty
Package: auxhook 2019-12-17 v1.6 Hooks for auxiliary files (HO)
) (C:\Users\rawatsa\AppData\Local\Programs\MiKTeX\tex/latex/hyperref\nameref.sty
Package: nameref 2023-11-26 v2.56 Cross-referencing by name of section
 (C:\Users\rawatsa\AppData\Local\Programs\MiKTeX\tex/latex/refcount\refcount.sty
Package: refcount 2019/12/15 v3.6 Data extraction from label references (HO)
) (C:\Users\rawatsa\AppData\Local\Programs\MiKTeX\tex/generic/gettitlestring\gettitlestring.sty
Package: gettitlestring 2019/12/15 v1.6 Cleanup title references (HO)
 (C:\Users\rawatsa\AppData\Local\Programs\MiKTeX\tex/latex/kvoptions\kvoptions.sty
Package: kvoptions 2022-06-15 v3.15 Key value format for package options (HO)
))
\c@section@level=\count301
)
\@linkdim=\dimen267
\Hy@linkcounter=\count302
\Hy@pagecounter=\count303
 (C:\Users\rawatsa\AppData\Local\Programs\MiKTeX\tex/latex/hyperref\pd1enc.def
File: pd1enc.def 2024-01-20 v7.01h Hyperref: PDFDocEncoding definition (HO)
Now handling font encoding PD1 ...
... no UTF-8 mapping file for font encoding PD1
) (C:\Users\rawatsa\AppData\Local\Programs\MiKTeX\tex/generic/intcalc\intcalc.sty
Package: intcalc 2019/12/15 v1.3 Expandable calculations with integers (HO)
)
\Hy@SavedSpaceFactor=\count304
 (C:\Users\rawatsa\AppData\Local\Programs\MiKTeX\tex/latex/hyperref\puenc.def
File: puenc.def 2024-01-20 v7.01h Hyperref: PDF Unicode definition (HO)
Now handling font encoding PU ...
... no UTF-8 mapping file for font encoding PU
)
Package hyperref Info: Option `bookmarks' set `true' on input line 4062.
Package hyperref Info: Option `bookmarksopen' set `true' on input line 4062.
Package hyperref Info: Option `implicit' set `false' on input line 4062.
Package hyperref Info: Hyper figures OFF on input line 4179.
Package hyperref Info: Link nesting OFF on input line 4184.
Package hyperref Info: Hyper index ON on input line 4187.
Package hyperref Info: Plain pages OFF on input line 4194.
Package hyperref Info: Backreferencing OFF on input line 4199.
Package hyperref Info: Implicit mode OFF; no redefinition of LaTeX internals.
Package hyperref Info: Bookmarks ON on input line 4446.
\c@Hy@tempcnt=\count305
 (C:\Users\rawatsa\AppData\Local\Programs\MiKTeX\tex/latex/url\url.sty
\Urlmuskip=\muskip16
Package: url 2013/09/16  ver 3.4  Verb mode for urls, etc.
)
LaTeX Info: Redefining \url on input line 4784.
\XeTeXLinkMargin=\dimen268
 (C:\Users\rawatsa\AppData\Local\Programs\MiKTeX\tex/generic/bitset\bitset.sty
Package: bitset 2019/12/09 v1.3 Handle bit-vector datatype (HO)
 (C:\Users\rawatsa\AppData\Local\Programs\MiKTeX\tex/generic/bigintcalc\bigintcalc.sty
Package: bigintcalc 2019/12/15 v1.5 Expandable calculations on big integers (HO)
))
\Fld@menulength=\count306
\Field@Width=\dimen269
\Fld@charsize=\dimen270
Package hyperref Info: Hyper figures OFF on input line 6063.
Package hyperref Info: Link nesting OFF on input line 6068.
Package hyperref Info: Hyper index ON on input line 6071.
Package hyperref Info: backreferencing OFF on input line 6078.
Package hyperref Info: Link coloring OFF on input line 6083.
Package hyperref Info: Link coloring with OCG OFF on input line 6088.
Package hyperref Info: PDF/A mode OFF on input line 6093.
\Hy@abspage=\count307


Package hyperref Message: Stopped early.

)
Package hyperref Info: Driver (autodetected): hpdftex.
 (C:\Users\rawatsa\AppData\Local\Programs\MiKTeX\tex/latex/hyperref\hpdftex.def
File: hpdftex.def 2024-01-20 v7.01h Hyperref driver for pdfTeX
 (C:\Users\rawatsa\AppData\Local\Programs\MiKTeX\tex/latex/base\atveryend-ltx.sty
Package: atveryend-ltx 2020/08/19 v1.0a Emulation of the original atveryend package
with kernel methods
)
\Fld@listcount=\count308
\c@bookmark@seq@number=\count309
 (C:\Users\rawatsa\AppData\Local\Programs\MiKTeX\tex/latex/rerunfilecheck\rerunfilecheck.sty
Package: rerunfilecheck 2022-07-10 v1.10 Rerun checks for auxiliary files (HO)
 (C:\Users\rawatsa\AppData\Local\Programs\MiKTeX\tex/generic/uniquecounter\uniquecounter.sty
Package: uniquecounter 2019/12/15 v1.4 Provide unlimited unique counter (HO)
)
Package uniquecounter Info: New unique counter `rerunfilecheck' on input line 285.
)) (C:\Users\rawatsa\AppData\Local\Programs\MiKTeX\tex/latex/beamer\beamerbaserequires.sty (C:\Users\rawatsa\AppData\Local\Programs\MiKTeX\tex/latex/beamer\beamerbasecompatibility.sty) (C:\Users\rawatsa\AppData\Local\Programs\MiKTeX\tex/latex/beamer\beamerbasefont.sty (C:\Users\rawatsa\AppData\Local\Programs\MiKTeX\tex/latex/amsfonts\amssymb.sty
Package: amssymb 2013/01/14 v3.01 AMS font symbols
 (C:\Users\rawatsa\AppData\Local\Programs\MiKTeX\tex/latex/amsfonts\amsfonts.sty
Package: amsfonts 2013/01/14 v3.01 Basic AMSFonts support
\@emptytoks=\toks29
\symAMSa=\mathgroup4
\symAMSb=\mathgroup5
LaTeX Font Info:    Redeclaring math symbol \hbar on input line 98.
LaTeX Font Info:    Overwriting math alphabet `\mathfrak' in version `bold'
(Font)                  U/euf/m/n --> U/euf/b/n on input line 106.
)) (C:\Users\rawatsa\AppData\Local\Programs\MiKTeX\tex/latex/sansmathaccent\sansmathaccent.sty
Package: sansmathaccent 2020/01/31
 (C:\Users\rawatsa\AppData\Local\Programs\MiKTeX\tex/latex/koma-script\scrlfile.sty
Package: scrlfile 2023/07/07 v3.41 KOMA-Script package (file load hooks)
 (C:\Users\rawatsa\AppData\Local\Programs\MiKTeX\tex/latex/koma-script\scrlfile-hook.sty
Package: scrlfile-hook 2023/07/07 v3.41 KOMA-Script package (using LaTeX hooks)
 (C:\Users\rawatsa\AppData\Local\Programs\MiKTeX\tex/latex/koma-script\scrlogo.sty
Package: scrlogo 2023/07/07 v3.41 KOMA-Script package (logo)
))))) (C:\Users\rawatsa\AppData\Local\Programs\MiKTeX\tex/latex/beamer\beamerbasetranslator.sty (C:\Users\rawatsa\AppData\Local\Programs\MiKTeX\tex/latex/translator\translator.sty
Package: translator 2021-05-31 v1.12d Easy translation of strings in LaTeX
)) (C:\Users\rawatsa\AppData\Local\Programs\MiKTeX\tex/latex/beamer\beamerbasemisc.sty) (C:\Users\rawatsa\AppData\Local\Programs\MiKTeX\tex/latex/beamer\beamerbasetwoscreens.sty) (C:\Users\rawatsa\AppData\Local\Programs\MiKTeX\tex/latex/beamer\beamerbaseoverlay.sty
\beamer@argscount=\count310
\beamer@lastskipcover=\skip51
\beamer@trivlistdepth=\count311
) (C:\Users\rawatsa\AppData\Local\Programs\MiKTeX\tex/latex/beamer\beamerbasetitle.sty) (C:\Users\rawatsa\AppData\Local\Programs\MiKTeX\tex/latex/beamer\beamerbasesection.sty
\c@lecture=\count312
\c@part=\count313
\c@section=\count314
\c@subsection=\count315
\c@subsubsection=\count316
) (C:\Users\rawatsa\AppData\Local\Programs\MiKTeX\tex/latex/beamer\beamerbaseframe.sty
\beamer@framebox=\box66
\beamer@frametitlebox=\box67
\beamer@zoombox=\box68
\beamer@zoomcount=\count317
\beamer@zoomframecount=\count318
\beamer@frametextheight=\dimen271
\c@subsectionslide=\count319
\beamer@frametopskip=\skip52
\beamer@framebottomskip=\skip53
\beamer@frametopskipautobreak=\skip54
\beamer@framebottomskipautobreak=\skip55
\beamer@envbody=\toks30
\framewidth=\dimen272
\c@framenumber=\count320
) (C:\Users\rawatsa\AppData\Local\Programs\MiKTeX\tex/latex/beamer\beamerbaseverbatim.sty
\beamer@verbatimfileout=\write4
) (C:\Users\rawatsa\AppData\Local\Programs\MiKTeX\tex/latex/beamer\beamerbaseframesize.sty
\beamer@splitbox=\box69
\beamer@autobreakcount=\count321
\beamer@autobreaklastheight=\dimen273
\beamer@frametitletoks=\toks31
\beamer@framesubtitletoks=\toks32
) (C:\Users\rawatsa\AppData\Local\Programs\MiKTeX\tex/latex/beamer\beamerbaseframecomponents.sty
\beamer@footins=\box70
) (C:\Users\rawatsa\AppData\Local\Programs\MiKTeX\tex/latex/beamer\beamerbasecolor.sty) (C:\Users\rawatsa\AppData\Local\Programs\MiKTeX\tex/latex/beamer\beamerbasenotes.sty
\beamer@frameboxcopy=\box71
) (C:\Users\rawatsa\AppData\Local\Programs\MiKTeX\tex/latex/beamer\beamerbasetoc.sty) (C:\Users\rawatsa\AppData\Local\Programs\MiKTeX\tex/latex/beamer\beamerbasetemplates.sty
\beamer@sbttoks=\toks33
 (C:\Users\rawatsa\AppData\Local\Programs\MiKTeX\tex/latex/beamer\beamerbaseauxtemplates.sty (C:\Users\rawatsa\AppData\Local\Programs\MiKTeX\tex/latex/beamer\beamerbaseboxes.sty
\bmb@box=\box72
\bmb@colorbox=\box73
\bmb@boxwidth=\dimen274
\bmb@boxheight=\dimen275
\bmb@prevheight=\dimen276
\bmb@temp=\dimen277
\bmb@dima=\dimen278
\bmb@dimb=\dimen279
\bmb@prevheight=\dimen280
)
\beamer@blockheadheight=\dimen281
)) (C:\Users\rawatsa\AppData\Local\Programs\MiKTeX\tex/latex/beamer\beamerbaselocalstructure.sty (C:\Users\rawatsa\AppData\Local\Programs\MiKTeX\tex/latex/tools\enumerate.sty
Package: enumerate 2023/07/04 v3.00 enumerate extensions (DPC)
\@enLab=\toks34
)
\beamer@bibiconwidth=\skip56
\c@figure=\count322
\c@table=\count323
\abovecaptionskip=\skip57
\belowcaptionskip=\skip58
) (C:\Users\rawatsa\AppData\Local\Programs\MiKTeX\tex/latex/beamer\beamerbasenavigation.sty (C:\Users\rawatsa\AppData\Local\Programs\MiKTeX\tex/latex/beamer\beamerbasenavigationsymbols.tex)
\beamer@section@min@dim=\dimen282
) (C:\Users\rawatsa\AppData\Local\Programs\MiKTeX\tex/latex/beamer\beamerbasetheorems.sty (C:\Users\rawatsa\AppData\Local\Programs\MiKTeX\tex/latex/amsmath\amsmath.sty
Package: amsmath 2023/05/13 v2.17o AMS math features
\@mathmargin=\skip59

For additional information on amsmath, use the `?' option.
(C:\Users\rawatsa\AppData\Local\Programs\MiKTeX\tex/latex/amsmath\amstext.sty
Package: amstext 2021/08/26 v2.01 AMS text
 (C:\Users\rawatsa\AppData\Local\Programs\MiKTeX\tex/latex/amsmath\amsgen.sty
File: amsgen.sty 1999/11/30 v2.0 generic functions
\@emptytoks=\toks35
\ex@=\dimen283
)) (C:\Users\rawatsa\AppData\Local\Programs\MiKTeX\tex/latex/amsmath\amsbsy.sty
Package: amsbsy 1999/11/29 v1.2d Bold Symbols
\pmbraise@=\dimen284
) (C:\Users\rawatsa\AppData\Local\Programs\MiKTeX\tex/latex/amsmath\amsopn.sty
Package: amsopn 2022/04/08 v2.04 operator names
)
\inf@bad=\count324
LaTeX Info: Redefining \frac on input line 234.
\uproot@=\count325
\leftroot@=\count326
LaTeX Info: Redefining \overline on input line 399.
LaTeX Info: Redefining \colon on input line 410.
\classnum@=\count327
\DOTSCASE@=\count328
LaTeX Info: Redefining \ldots on input line 496.
LaTeX Info: Redefining \dots on input line 499.
LaTeX Info: Redefining \cdots on input line 620.
\Mathstrutbox@=\box74
\strutbox@=\box75
LaTeX Info: Redefining \big on input line 722.
LaTeX Info: Redefining \Big on input line 723.
LaTeX Info: Redefining \bigg on input line 724.
LaTeX Info: Redefining \Bigg on input line 725.
\big@size=\dimen285
LaTeX Font Info:    Redeclaring font encoding OML on input line 743.
LaTeX Font Info:    Redeclaring font encoding OMS on input line 744.
\macc@depth=\count329
LaTeX Info: Redefining \bmod on input line 905.
LaTeX Info: Redefining \pmod on input line 910.
LaTeX Info: Redefining \smash on input line 940.
LaTeX Info: Redefining \relbar on input line 970.
LaTeX Info: Redefining \Relbar on input line 971.
\c@MaxMatrixCols=\count330
\dotsspace@=\muskip17
\c@parentequation=\count331
\dspbrk@lvl=\count332
\tag@help=\toks36
\row@=\count333
\column@=\count334
\maxfields@=\count335
\andhelp@=\toks37
\eqnshift@=\dimen286
\alignsep@=\dimen287
\tagshift@=\dimen288
\tagwidth@=\dimen289
\totwidth@=\dimen290
\lineht@=\dimen291
\@envbody=\toks38
\multlinegap=\skip60
\multlinetaggap=\skip61
\mathdisplay@stack=\toks39
LaTeX Info: Redefining \[ on input line 2953.
LaTeX Info: Redefining \] on input line 2954.
) (C:\Users\rawatsa\AppData\Local\Programs\MiKTeX\tex/latex/amscls\amsthm.sty
Package: amsthm 2020/05/29 v2.20.6
\thm@style=\toks40
\thm@bodyfont=\toks41
\thm@headfont=\toks42
\thm@notefont=\toks43
\thm@headpunct=\toks44
\thm@preskip=\skip62
\thm@postskip=\skip63
\thm@headsep=\skip64
\dth@everypar=\toks45
)
\c@theorem=\count336
) (C:\Users\rawatsa\AppData\Local\Programs\MiKTeX\tex/latex/beamer\beamerbasethemes.sty)) (C:\Users\rawatsa\AppData\Local\Programs\MiKTeX\tex/latex/beamer\beamerthemedefault.sty (C:\Users\rawatsa\AppData\Local\Programs\MiKTeX\tex/latex/beamer\beamerfontthemedefault.sty) (C:\Users\rawatsa\AppData\Local\Programs\MiKTeX\tex/latex/beamer\beamercolorthemedefault.sty) (C:\Users\rawatsa\AppData\Local\Programs\MiKTeX\tex/latex/beamer\beamerinnerthemedefault.sty
\beamer@dima=\dimen292
\beamer@dimb=\dimen293
) (C:\Users\rawatsa\AppData\Local\Programs\MiKTeX\tex/latex/beamer\beamerouterthemedefault.sty))) (C:\Users\rawatsa\AppData\Local\Programs\MiKTeX\tex/latex/caption\subcaption.sty
Package: subcaption 2023/07/28 v1.6b Sub-captions (AR)
 (C:\Users\rawatsa\AppData\Local\Programs\MiKTeX\tex/latex/caption\caption.sty
Package: caption 2023/08/05 v3.6o Customizing captions (AR)
 (C:\Users\rawatsa\AppData\Local\Programs\MiKTeX\tex/latex/caption\caption3.sty
Package: caption3 2023/07/31 v2.4d caption3 kernel (AR)
\caption@tempdima=\dimen294
\captionmargin=\dimen295
\caption@leftmargin=\dimen296
\caption@rightmargin=\dimen297
\caption@width=\dimen298
\caption@indent=\dimen299
\caption@parindent=\dimen300
\caption@hangindent=\dimen301
Package caption Info: beamer document class detected.
 (C:\Users\rawatsa\AppData\Local\Programs\MiKTeX\tex/latex/caption\caption-beamer.sto
File: caption-beamer.sto 2022/01/06 v2.0c Adaption of the caption package to the beamer document classes (AR)
))
\c@caption@flags=\count337
\c@continuedfloat=\count338
Package caption Info: hyperref package is loaded.
Package caption Info: Hyperref support is turned off
(caption)             because hyperref has stopped early.
)
Package caption Info: New subtype `subfigure' on input line 238.
\c@subfigure=\count339
Package caption Info: New subtype `subtable' on input line 238.
\c@subtable=\count340
) (C:\Users\rawatsa\AppData\Local\Programs\MiKTeX\tex/latex/pgf/frontendlayer\tikz.sty (C:\Users\rawatsa\AppData\Local\Programs\MiKTeX\tex/latex/pgf/basiclayer\pgf.sty
Package: pgf 2023-01-15 v3.1.10 (3.1.10)
 (C:\Users\rawatsa\AppData\Local\Programs\MiKTeX\tex/generic/pgf/modules\pgfmoduleshapes.code.tex
File: pgfmoduleshapes.code.tex 2023-01-15 v3.1.10 (3.1.10)
\pgfnodeparttextbox=\box76
) (C:\Users\rawatsa\AppData\Local\Programs\MiKTeX\tex/generic/pgf/modules\pgfmoduleplot.code.tex
File: pgfmoduleplot.code.tex 2023-01-15 v3.1.10 (3.1.10)
) (C:\Users\rawatsa\AppData\Local\Programs\MiKTeX\tex/latex/pgf/compatibility\pgfcomp-version-0-65.sty
Package: pgfcomp-version-0-65 2023-01-15 v3.1.10 (3.1.10)
\pgf@nodesepstart=\dimen302
\pgf@nodesepend=\dimen303
) (C:\Users\rawatsa\AppData\Local\Programs\MiKTeX\tex/latex/pgf/compatibility\pgfcomp-version-1-18.sty
Package: pgfcomp-version-1-18 2023-01-15 v3.1.10 (3.1.10)
)) (C:\Users\rawatsa\AppData\Local\Programs\MiKTeX\tex/latex/pgf/utilities\pgffor.sty (C:\Users\rawatsa\AppData\Local\Programs\MiKTeX\tex/generic/pgf/utilities\pgffor.code.tex
Package: pgffor 2023-01-15 v3.1.10 (3.1.10)
\pgffor@iter=\dimen304
\pgffor@skip=\dimen305
\pgffor@stack=\toks46
\pgffor@toks=\toks47
)) (C:\Users\rawatsa\AppData\Local\Programs\MiKTeX\tex/generic/pgf/frontendlayer/tikz\tikz.code.tex
Package: tikz 2023-01-15 v3.1.10 (3.1.10)
 (C:\Users\rawatsa\AppData\Local\Programs\MiKTeX\tex/generic/pgf/libraries\pgflibraryplothandlers.code.tex
File: pgflibraryplothandlers.code.tex 2023-01-15 v3.1.10 (3.1.10)
\pgf@plot@mark@count=\count341
\pgfplotmarksize=\dimen306
)
\tikz@lastx=\dimen307
\tikz@lasty=\dimen308
\tikz@lastxsaved=\dimen309
\tikz@lastysaved=\dimen310
\tikz@lastmovetox=\dimen311
\tikz@lastmovetoy=\dimen312
\tikzleveldistance=\dimen313
\tikzsiblingdistance=\dimen314
\tikz@figbox=\box77
\tikz@figbox@bg=\box78
\tikz@tempbox=\box79
\tikz@tempbox@bg=\box80
\tikztreelevel=\count342
\tikznumberofchildren=\count343
\tikznumberofcurrentchild=\count344
\tikz@fig@count=\count345
 (C:\Users\rawatsa\AppData\Local\Programs\MiKTeX\tex/generic/pgf/modules\pgfmodulematrix.code.tex
File: pgfmodulematrix.code.tex 2023-01-15 v3.1.10 (3.1.10)
\pgfmatrixcurrentrow=\count346
\pgfmatrixcurrentcolumn=\count347
\pgf@matrix@numberofcolumns=\count348
)
\tikz@expandcount=\count349
 (C:\Users\rawatsa\AppData\Local\Programs\MiKTeX\tex/generic/pgf/frontendlayer/tikz/libraries\tikzlibrarytopaths.code.tex
File: tikzlibrarytopaths.code.tex 2023-01-15 v3.1.10 (3.1.10)
))) (C:\Users\rawatsa\AppData\Local\Programs\MiKTeX\tex/latex/beamer\beamerthemeWarsaw.sty (C:\Users\rawatsa\AppData\Local\Programs\MiKTeX\tex/latex/beamer\beamerinnerthemerounded.sty) (C:\Users\rawatsa\AppData\Local\Programs\MiKTeX\tex/latex/beamer\beamerouterthemeshadow.sty (C:\Users\rawatsa\AppData\Local\Programs\MiKTeX\tex/latex/beamer\beamerouterthemesplit.sty)) (C:\Users\rawatsa\AppData\Local\Programs\MiKTeX\tex/latex/beamer\beamercolorthemeorchid.sty) (C:\Users\rawatsa\AppData\Local\Programs\MiKTeX\tex/latex/beamer\beamercolorthemewhale.sty)) (C:\Users\rawatsa\AppData\Local\Programs\MiKTeX\tex/latex/beamer\beamerouterthememiniframes.sty) (C:\Users\rawatsa\AppData\Local\Programs\MiKTeX\tex/latex/beamer\beamercolorthemestructure.sty) (C:\Users\rawatsa\AppData\Local\Programs\MiKTeX\tex/latex/l3backend\l3backend-pdftex.def
File: l3backend-pdftex.def 2024-03-14 L3 backend support: PDF output (pdfTeX)
\l__color_backend_stack_int=\count350
\l__pdf_internal_box=\box81
) (re_seminar_main-2233-ECONO.aux

LaTeX Warning: Label `fig:image1' multiply defined.


LaTeX Warning: Label `fig:image2' multiply defined.

)
\openout1 = `re_seminar_main-2233-ECONO.aux'.

LaTeX Font Info:    Checking defaults for OML/cmm/m/it on input line 40.
LaTeX Font Info:    ... okay on input line 40.
LaTeX Font Info:    Checking defaults for OMS/cmsy/m/n on input line 40.
LaTeX Font Info:    ... okay on input line 40.
LaTeX Font Info:    Checking defaults for OT1/cmr/m/n on input line 40.
LaTeX Font Info:    ... okay on input line 40.
LaTeX Font Info:    Checking defaults for T1/cmr/m/n on input line 40.
LaTeX Font Info:    ... okay on input line 40.
LaTeX Font Info:    Checking defaults for TS1/cmr/m/n on input line 40.
LaTeX Font Info:    ... okay on input line 40.
LaTeX Font Info:    Checking defaults for OMX/cmex/m/n on input line 40.
LaTeX Font Info:    ... okay on input line 40.
LaTeX Font Info:    Checking defaults for U/cmr/m/n on input line 40.
LaTeX Font Info:    ... okay on input line 40.
LaTeX Font Info:    Checking defaults for PD1/pdf/m/n on input line 40.
LaTeX Font Info:    ... okay on input line 40.
LaTeX Font Info:    Checking defaults for PU/pdf/m/n on input line 40.
LaTeX Font Info:    ... okay on input line 40.

*geometry* driver: auto-detecting
*geometry* detected driver: pdftex
*geometry* verbose mode - [ preamble ] result:
* driver: pdftex
* paper: custom
* layout: <same size as paper>
* layoutoffset:(h,v)=(0.0pt,0.0pt)
* modes: includehead includefoot 
* h-part:(L,W,R)=(28.45274pt, 307.28987pt, 28.45274pt)
* v-part:(T,H,B)=(0.0pt, 273.14662pt, 0.0pt)
* \paperwidth=364.19536pt
* \paperheight=273.14662pt
* \textwidth=307.28987pt
* \textheight=244.6939pt
* \oddsidemargin=-43.81725pt
* \evensidemargin=-43.81725pt
* \topmargin=-72.26999pt
* \headheight=14.22636pt
* \headsep=0.0pt
* \topskip=11.0pt
* \footskip=14.22636pt
* \marginparwidth=4.0pt
* \marginparsep=10.0pt
* \columnsep=10.0pt
* \skip\footins=10.0pt plus 4.0pt minus 2.0pt
* \hoffset=0.0pt
* \voffset=0.0pt
* \mag=1000
* \@twocolumnfalse
* \@twosidefalse
* \@mparswitchfalse
* \@reversemarginfalse
* (1in=72.27pt=25.4mm, 1cm=28.453pt)

(C:\Users\rawatsa\AppData\Local\Programs\MiKTeX\tex/context/base/mkii\supp-pdf.mkii
[Loading MPS to PDF converter (version 2006.09.02).]
\scratchcounter=\count351
\scratchdimen=\dimen315
\scratchbox=\box82
\nofMPsegments=\count352
\nofMParguments=\count353
\everyMPshowfont=\toks48
\MPscratchCnt=\count354
\MPscratchDim=\dimen316
\MPnumerator=\count355
\makeMPintoPDFobject=\count356
\everyMPtoPDFconversion=\toks49
) (C:\Users\rawatsa\AppData\Local\Programs\MiKTeX\tex/latex/epstopdf-pkg\epstopdf-base.sty
Package: epstopdf-base 2020-01-24 v2.11 Base part for package epstopdf
Package epstopdf-base Info: Redefining graphics rule for `.eps' on input line 485.
 (C:\Users\rawatsa\AppData\Local\Programs\MiKTeX\tex/latex/00miktex\epstopdf-sys.cfg
File: epstopdf-sys.cfg 2021/03/18 v2.0 Configuration of epstopdf for MiKTeX
))
Package hyperref Info: Link coloring OFF on input line 40.
 (re_seminar_main-2233-ECONO.out) (re_seminar_main-2233-ECONO.out)
\@outlinefile=\write5
\openout5 = `re_seminar_main-2233-ECONO.out'.

LaTeX Font Info:    Overwriting symbol font `operators' in version `normal'
(Font)                  OT1/cmr/m/n --> OT1/cmss/m/n on input line 40.
LaTeX Font Info:    Overwriting symbol font `operators' in version `bold'
(Font)                  OT1/cmr/bx/n --> OT1/cmss/b/n on input line 40.
\symnumbers=\mathgroup6
\sympureletters=\mathgroup7
LaTeX Font Info:    Overwriting math alphabet `\mathrm' in version `normal'
(Font)                  OT1/cmss/m/n --> OT1/cmr/m/n on input line 40.
LaTeX Font Info:    Redeclaring math alphabet \mathbf on input line 40.
LaTeX Font Info:    Overwriting math alphabet `\mathbf' in version `normal'
(Font)                  OT1/cmr/bx/n --> OT1/cmss/b/n on input line 40.
LaTeX Font Info:    Overwriting math alphabet `\mathbf' in version `bold'
(Font)                  OT1/cmr/bx/n --> OT1/cmss/b/n on input line 40.
LaTeX Font Info:    Redeclaring math alphabet \mathsf on input line 40.
LaTeX Font Info:    Overwriting math alphabet `\mathsf' in version `normal'
(Font)                  OT1/cmss/m/n --> OT1/cmss/m/n on input line 40.
LaTeX Font Info:    Overwriting math alphabet `\mathsf' in version `bold'
(Font)                  OT1/cmss/bx/n --> OT1/cmss/m/n on input line 40.
LaTeX Font Info:    Redeclaring math alphabet \mathit on input line 40.
LaTeX Font Info:    Overwriting math alphabet `\mathit' in version `normal'
(Font)                  OT1/cmr/m/it --> OT1/cmss/m/it on input line 40.
LaTeX Font Info:    Overwriting math alphabet `\mathit' in version `bold'
(Font)                  OT1/cmr/bx/it --> OT1/cmss/m/it on input line 40.
LaTeX Font Info:    Redeclaring math alphabet \mathtt on input line 40.
LaTeX Font Info:    Overwriting math alphabet `\mathtt' in version `normal'
(Font)                  OT1/cmtt/m/n --> OT1/cmtt/m/n on input line 40.
LaTeX Font Info:    Overwriting math alphabet `\mathtt' in version `bold'
(Font)                  OT1/cmtt/m/n --> OT1/cmtt/m/n on input line 40.
LaTeX Font Info:    Overwriting symbol font `numbers' in version `bold'
(Font)                  OT1/cmss/m/n --> OT1/cmss/b/n on input line 40.
LaTeX Font Info:    Overwriting symbol font `pureletters' in version `bold'
(Font)                  OT1/cmss/m/it --> OT1/cmss/b/it on input line 40.
LaTeX Font Info:    Overwriting math alphabet `\mathrm' in version `bold'
(Font)                  OT1/cmss/b/n --> OT1/cmr/b/n on input line 40.
LaTeX Font Info:    Overwriting math alphabet `\mathbf' in version `bold'
(Font)                  OT1/cmss/b/n --> OT1/cmss/b/n on input line 40.
LaTeX Font Info:    Overwriting math alphabet `\mathsf' in version `bold'
(Font)                  OT1/cmss/m/n --> OT1/cmss/b/n on input line 40.
LaTeX Font Info:    Overwriting math alphabet `\mathit' in version `bold'
(Font)                  OT1/cmss/m/it --> OT1/cmss/b/it on input line 40.
LaTeX Font Info:    Overwriting math alphabet `\mathtt' in version `bold'
(Font)                  OT1/cmtt/m/n --> OT1/cmtt/b/n on input line 40.
LaTeX Font Info:    Redeclaring symbol font `pureletters' on input line 40.
LaTeX Font Info:    Overwriting symbol font `pureletters' in version `normal'
(Font)                  OT1/cmss/m/it --> OT1/mathkerncmss/m/sl on input line 40.
LaTeX Font Info:    Overwriting symbol font `pureletters' in version `bold'
(Font)                  OT1/cmss/b/it --> OT1/mathkerncmss/m/sl on input line 40.
LaTeX Font Info:    Overwriting symbol font `pureletters' in version `bold'
(Font)                  OT1/mathkerncmss/m/sl --> OT1/mathkerncmss/bx/sl on input line 40.
 (C:\Users\rawatsa\AppData\Local\Programs\MiKTeX\tex/latex/translator\translator-basic-dictionary-English.dict
Dictionary: translator-basic-dictionary, Language: English 
) (C:\Users\rawatsa\AppData\Local\Programs\MiKTeX\tex/latex/translator\translator-bibliography-dictionary-English.dict
Dictionary: translator-bibliography-dictionary, Language: English 
) (C:\Users\rawatsa\AppData\Local\Programs\MiKTeX\tex/latex/translator\translator-environment-dictionary-English.dict
Dictionary: translator-environment-dictionary, Language: English 
) (C:\Users\rawatsa\AppData\Local\Programs\MiKTeX\tex/latex/translator\translator-months-dictionary-English.dict
Dictionary: translator-months-dictionary, Language: English 
) (C:\Users\rawatsa\AppData\Local\Programs\MiKTeX\tex/latex/translator\translator-numbers-dictionary-English.dict
Dictionary: translator-numbers-dictionary, Language: English 
) (C:\Users\rawatsa\AppData\Local\Programs\MiKTeX\tex/latex/translator\translator-theorem-dictionary-English.dict
Dictionary: translator-theorem-dictionary, Language: English 
)
Package caption Info: Begin \AtBeginDocument code.
Package caption Info: End \AtBeginDocument code.
 (re_seminar_main-2233-ECONO.nav)
<assets/imgs/uc_logo.png, id=127, 331.2375pt x 153.57375pt>
File: assets/imgs/uc_logo.png Graphic file (type png)
<use assets/imgs/uc_logo.png>
Package pdftex.def Info: assets/imgs/uc_logo.png  used on input line 45.
(pdftex.def)             Requested size: 56.9055pt x 26.38135pt.
<assets/imgs/download2.jpg, id=128, 301.125pt x 168.63pt>
File: assets/imgs/download2.jpg Graphic file (type jpg)
<use assets/imgs/download2.jpg>
Package pdftex.def Info: assets/imgs/download2.jpg  used on input line 45.
(pdftex.def)             Requested size: 56.9055pt x 31.86505pt.
 [1{C:/Users/rawatsa/AppData/Local/MiKTeX/fonts/map/pdftex/pdftex.map}

 <./assets/imgs/uc_logo.png> <./assets/imgs/download2.jpg>]
<assets/imgs/road_quality_vs_gdp_per_cap.png, id=266, 566.115pt x 399.74344pt>
File: assets/imgs/road_quality_vs_gdp_per_cap.png Graphic file (type png)
<use assets/imgs/road_quality_vs_gdp_per_cap.png>
Package pdftex.def Info: assets/imgs/road_quality_vs_gdp_per_cap.png  used on input line 80.
(pdftex.def)             Requested size: 256.0748pt x 180.8222pt.
File: assets/imgs/uc_logo.png Graphic file (type png)
<use assets/imgs/uc_logo.png>
Package pdftex.def Info: assets/imgs/uc_logo.png  used on input line 80.
(pdftex.def)             Requested size: 56.9055pt x 26.38135pt.
File: assets/imgs/download2.jpg Graphic file (type jpg)
<use assets/imgs/download2.jpg>
Package pdftex.def Info: assets/imgs/download2.jpg  used on input line 80.
(pdftex.def)             Requested size: 56.9055pt x 31.86505pt.
 [2

 <./assets/imgs/road_quality_vs_gdp_per_cap.png>]
LaTeX Font Info:    Trying to load font information for TS1+cmss on input line 95.
 (C:\Users\rawatsa\AppData\Local\Programs\MiKTeX\tex/latex/base\ts1cmss.fd
File: ts1cmss.fd 2023/04/13 v2.5m Standard LaTeX font definitions
)
File: assets/imgs/uc_logo.png Graphic file (type png)
<use assets/imgs/uc_logo.png>
Package pdftex.def Info: assets/imgs/uc_logo.png  used on input line 95.
(pdftex.def)             Requested size: 56.9055pt x 26.38135pt.
File: assets/imgs/download2.jpg Graphic file (type jpg)
<use assets/imgs/download2.jpg>
Package pdftex.def Info: assets/imgs/download2.jpg  used on input line 95.
(pdftex.def)             Requested size: 56.9055pt x 31.86505pt.
 [3

]
<assets/imgs/odot_exp_2024.png, id=476, 525.819pt x 352.59pt>
File: assets/imgs/odot_exp_2024.png Graphic file (type png)
<use assets/imgs/odot_exp_2024.png>
Package pdftex.def Info: assets/imgs/odot_exp_2024.png  used on input line 103.
(pdftex.def)             Requested size: 256.0748pt x 171.71072pt.
File: assets/imgs/uc_logo.png Graphic file (type png)
<use assets/imgs/uc_logo.png>
Package pdftex.def Info: assets/imgs/uc_logo.png  used on input line 103.
(pdftex.def)             Requested size: 56.9055pt x 26.38135pt.
File: assets/imgs/download2.jpg Graphic file (type jpg)
<use assets/imgs/download2.jpg>
Package pdftex.def Info: assets/imgs/download2.jpg  used on input line 103.
(pdftex.def)             Requested size: 56.9055pt x 31.86505pt.
 [4

 <./assets/imgs/odot_exp_2024.png>]
File: assets/imgs/uc_logo.png Graphic file (type png)
<use assets/imgs/uc_logo.png>
Package pdftex.def Info: assets/imgs/uc_logo.png  used on input line 117.
(pdftex.def)             Requested size: 56.9055pt x 26.38135pt.
File: assets/imgs/download2.jpg Graphic file (type jpg)
<use assets/imgs/download2.jpg>
Package pdftex.def Info: assets/imgs/download2.jpg  used on input line 117.
(pdftex.def)             Requested size: 56.9055pt x 31.86505pt.
 [5

]
LaTeX Font Info:    Trying to load font information for U+msa on input line 124.
 (C:\Users\rawatsa\AppData\Local\Programs\MiKTeX\tex/latex/amsfonts\umsa.fd
File: umsa.fd 2013/01/14 v3.01 AMS symbols A
)
LaTeX Font Info:    Trying to load font information for U+msb on input line 124.
 (C:\Users\rawatsa\AppData\Local\Programs\MiKTeX\tex/latex/amsfonts\umsb.fd
File: umsb.fd 2013/01/14 v3.01 AMS symbols B
)
LaTeX Font Info:    Trying to load font information for OT1+mathkerncmss on input line 124.
 (C:\Users\rawatsa\AppData\Local\Programs\MiKTeX\tex/latex/sansmathaccent\ot1mathkerncmss.fd
File: ot1mathkerncmss.fd 2020/01/31 Fontinst v1.933 font definitions for OT1/mathkerncmss.
)
File: assets/imgs/uc_logo.png Graphic file (type png)
<use assets/imgs/uc_logo.png>
Package pdftex.def Info: assets/imgs/uc_logo.png  used on input line 124.
(pdftex.def)             Requested size: 56.9055pt x 26.38135pt.
File: assets/imgs/download2.jpg Graphic file (type jpg)
<use assets/imgs/download2.jpg>
Package pdftex.def Info: assets/imgs/download2.jpg  used on input line 124.
(pdftex.def)             Requested size: 56.9055pt x 31.86505pt.
 [6

]
File: assets/imgs/uc_logo.png Graphic file (type png)
<use assets/imgs/uc_logo.png>
Package pdftex.def Info: assets/imgs/uc_logo.png  used on input line 130.
(pdftex.def)             Requested size: 56.9055pt x 26.38135pt.
File: assets/imgs/download2.jpg Graphic file (type jpg)
<use assets/imgs/download2.jpg>
Package pdftex.def Info: assets/imgs/download2.jpg  used on input line 130.
(pdftex.def)             Requested size: 56.9055pt x 31.86505pt.
 [7

]
<assets/imgs/thought_process.png, id=880, 967.98pt x 339.669pt>
File: assets/imgs/thought_process.png Graphic file (type png)
<use assets/imgs/thought_process.png>
Package pdftex.def Info: assets/imgs/thought_process.png  used on input line 141.
(pdftex.def)             Requested size: 312.9803pt x 109.82617pt.

Overfull \hbox (5.69043pt too wide) in paragraph at lines 141--141
[][]  
 []

File: assets/imgs/uc_logo.png Graphic file (type png)
<use assets/imgs/uc_logo.png>
Package pdftex.def Info: assets/imgs/uc_logo.png  used on input line 141.
(pdftex.def)             Requested size: 56.9055pt x 26.38135pt.
File: assets/imgs/download2.jpg Graphic file (type jpg)
<use assets/imgs/download2.jpg>
Package pdftex.def Info: assets/imgs/download2.jpg  used on input line 141.
(pdftex.def)             Requested size: 56.9055pt x 31.86505pt.
[8

 <./assets/imgs/thought_process.png>]
File: assets/imgs/uc_logo.png Graphic file (type png)
<use assets/imgs/uc_logo.png>
Package pdftex.def Info: assets/imgs/uc_logo.png  used on input line 153.
(pdftex.def)             Requested size: 56.9055pt x 26.38135pt.
File: assets/imgs/download2.jpg Graphic file (type jpg)
<use assets/imgs/download2.jpg>
Package pdftex.def Info: assets/imgs/download2.jpg  used on input line 153.
(pdftex.def)             Requested size: 56.9055pt x 31.86505pt.
 [9

]
File: assets/imgs/uc_logo.png Graphic file (type png)
<use assets/imgs/uc_logo.png>
Package pdftex.def Info: assets/imgs/uc_logo.png  used on input line 164.
(pdftex.def)             Requested size: 56.9055pt x 26.38135pt.
File: assets/imgs/download2.jpg Graphic file (type jpg)
<use assets/imgs/download2.jpg>
Package pdftex.def Info: assets/imgs/download2.jpg  used on input line 164.
(pdftex.def)             Requested size: 56.9055pt x 31.86505pt.
 [10

]
File: assets/imgs/uc_logo.png Graphic file (type png)
<use assets/imgs/uc_logo.png>
Package pdftex.def Info: assets/imgs/uc_logo.png  used on input line 196.
(pdftex.def)             Requested size: 56.9055pt x 26.38135pt.
File: assets/imgs/download2.jpg Graphic file (type jpg)
<use assets/imgs/download2.jpg>
Package pdftex.def Info: assets/imgs/download2.jpg  used on input line 196.
(pdftex.def)             Requested size: 56.9055pt x 31.86505pt.
 [11

]
File: assets/imgs/uc_logo.png Graphic file (type png)
<use assets/imgs/uc_logo.png>
Package pdftex.def Info: assets/imgs/uc_logo.png  used on input line 225.
(pdftex.def)             Requested size: 56.9055pt x 26.38135pt.
File: assets/imgs/download2.jpg Graphic file (type jpg)
<use assets/imgs/download2.jpg>
Package pdftex.def Info: assets/imgs/download2.jpg  used on input line 225.
(pdftex.def)             Requested size: 56.9055pt x 31.86505pt.
 [12

]
File: assets/imgs/uc_logo.png Graphic file (type png)
<use assets/imgs/uc_logo.png>
Package pdftex.def Info: assets/imgs/uc_logo.png  used on input line 254.
(pdftex.def)             Requested size: 56.9055pt x 26.38135pt.
File: assets/imgs/download2.jpg Graphic file (type jpg)
<use assets/imgs/download2.jpg>
Package pdftex.def Info: assets/imgs/download2.jpg  used on input line 254.
(pdftex.def)             Requested size: 56.9055pt x 31.86505pt.
 [13

]
Underfull \hbox (badness 10000) in paragraph at lines 272--272
[]\OT1/cmss/m/n/8 County
 []


Underfull \hbox (badness 10000) in paragraph at lines 272--272
\OT1/cmss/m/n/8 Sub-di-
 []


Underfull \hbox (badness 10000) in paragraph at lines 272--272
[]\OT1/cmss/m/n/8 Subdivision
 []


Overfull \hbox (0.83932pt too wide) in paragraph at lines 272--272
[]\OT1/cmss/m/n/8 Andover| 
 []


Overfull \hbox (6.90329pt too wide) in paragraph at lines 272--272
[]\OT1/cmss/m/n/8 Ashtabula| 
 []


Overfull \hbox (6.90329pt too wide) in paragraph at lines 272--272
[]\OT1/cmss/m/n/8 Ashtabula| 
 []

File: assets/imgs/uc_logo.png Graphic file (type png)
<use assets/imgs/uc_logo.png>
Package pdftex.def Info: assets/imgs/uc_logo.png  used on input line 272.
(pdftex.def)             Requested size: 56.9055pt x 26.38135pt.
File: assets/imgs/download2.jpg Graphic file (type jpg)
<use assets/imgs/download2.jpg>
Package pdftex.def Info: assets/imgs/download2.jpg  used on input line 272.
(pdftex.def)             Requested size: 56.9055pt x 31.86505pt.
[14

]
<assets/imgs/andover_township_14grandarmy_2007.png, id=1655, 253.9305pt x 164.25pt>
File: assets/imgs/andover_township_14grandarmy_2007.png Graphic file (type png)
<use assets/imgs/andover_township_14grandarmy_2007.png>
Package pdftex.def Info: assets/imgs/andover_township_14grandarmy_2007.png  used on input line 330.
(pdftex.def)             Requested size: 150.57372pt x 97.39787pt.
<assets/imgs/andover_township_14grandarmy_2022.png, id=1656, 242.7615pt x 164.5785pt>
File: assets/imgs/andover_township_14grandarmy_2022.png Graphic file (type png)
<use assets/imgs/andover_township_14grandarmy_2022.png>
Package pdftex.def Info: assets/imgs/andover_township_14grandarmy_2022.png  used on input line 330.
(pdftex.def)             Requested size: 150.57372pt x 102.08281pt.
File: assets/imgs/uc_logo.png Graphic file (type png)
<use assets/imgs/uc_logo.png>
Package pdftex.def Info: assets/imgs/uc_logo.png  used on input line 330.
(pdftex.def)             Requested size: 56.9055pt x 26.38135pt.
File: assets/imgs/download2.jpg Graphic file (type jpg)
<use assets/imgs/download2.jpg>
Package pdftex.def Info: assets/imgs/download2.jpg  used on input line 330.
(pdftex.def)             Requested size: 56.9055pt x 31.86505pt.
 [15

 <./assets/imgs/andover_township_14grandarmy_2007.png> <./assets/imgs/andover_township_14grandarmy_2022.png>]
<assets/imgs/morgan_township_2801OH-45_2009.png, id=1764, 264.4425pt x 178.3755pt>
File: assets/imgs/morgan_township_2801OH-45_2009.png Graphic file (type png)
<use assets/imgs/morgan_township_2801OH-45_2009.png>
Package pdftex.def Info: assets/imgs/morgan_township_2801OH-45_2009.png  used on input line 360.
(pdftex.def)             Requested size: 150.57372pt x 101.56621pt.
<assets/imgs/morgan_township_2801OH-45_2018.png, id=1765, 244.404pt x 174.762pt>
File: assets/imgs/morgan_township_2801OH-45_2018.png Graphic file (type png)
<use assets/imgs/morgan_township_2801OH-45_2018.png>
Package pdftex.def Info: assets/imgs/morgan_township_2801OH-45_2018.png  used on input line 360.
(pdftex.def)             Requested size: 150.57372pt x 107.67131pt.
File: assets/imgs/uc_logo.png Graphic file (type png)
<use assets/imgs/uc_logo.png>
Package pdftex.def Info: assets/imgs/uc_logo.png  used on input line 360.
(pdftex.def)             Requested size: 56.9055pt x 26.38135pt.
File: assets/imgs/download2.jpg Graphic file (type jpg)
<use assets/imgs/download2.jpg>
Package pdftex.def Info: assets/imgs/download2.jpg  used on input line 360.
(pdftex.def)             Requested size: 56.9055pt x 31.86505pt.
 [16

 <./assets/imgs/morgan_township_2801OH-45_2009.png> <./assets/imgs/morgan_township_2801OH-45_2018.png>]
File: assets/imgs/uc_logo.png Graphic file (type png)
<use assets/imgs/uc_logo.png>
Package pdftex.def Info: assets/imgs/uc_logo.png  used on input line 371.
(pdftex.def)             Requested size: 56.9055pt x 26.38135pt.
File: assets/imgs/download2.jpg Graphic file (type jpg)
<use assets/imgs/download2.jpg>
Package pdftex.def Info: assets/imgs/download2.jpg  used on input line 371.
(pdftex.def)             Requested size: 56.9055pt x 31.86505pt.
 [17

]
<assets/imgs/mlk_bad.png, id=1972, 1117.17375pt x 712.91344pt>
File: assets/imgs/mlk_bad.png Graphic file (type png)
<use assets/imgs/mlk_bad.png>
Package pdftex.def Info: assets/imgs/mlk_bad.png  used on input line 395.
(pdftex.def)             Requested size: 150.57372pt x 96.08687pt.
<assets/imgs/road_good.png, id=1973, 1072.75781pt x 656.4525pt>
File: assets/imgs/road_good.png Graphic file (type png)
<use assets/imgs/road_good.png>
Package pdftex.def Info: assets/imgs/road_good.png  used on input line 395.
(pdftex.def)             Requested size: 150.57372pt x 92.1331pt.
File: assets/imgs/uc_logo.png Graphic file (type png)
<use assets/imgs/uc_logo.png>
Package pdftex.def Info: assets/imgs/uc_logo.png  used on input line 395.
(pdftex.def)             Requested size: 56.9055pt x 26.38135pt.
File: assets/imgs/download2.jpg Graphic file (type jpg)
<use assets/imgs/download2.jpg>
Package pdftex.def Info: assets/imgs/download2.jpg  used on input line 395.
(pdftex.def)             Requested size: 56.9055pt x 31.86505pt.
 [18

 <./assets/imgs/mlk_bad.png> <./assets/imgs/road_good.png>]
<assets/imgs/rd_plot_median_sale_amount_t_plus_5_tri_mserd_1_2_within.png, id=2078, 855.195pt x 622.325pt>
File: assets/imgs/rd_plot_median_sale_amount_t_plus_5_tri_mserd_1_2_within.png Graphic file (type png)
<use assets/imgs/rd_plot_median_sale_amount_t_plus_5_tri_mserd_1_2_within.png>
Package pdftex.def Info: assets/imgs/rd_plot_median_sale_amount_t_plus_5_tri_mserd_1_2_within.png  used on input line 414.
(pdftex.def)             Requested size: 245.83282pt x 178.8933pt.

Overfull \vbox (7.47261pt too high) detected at line 414
 []

File: assets/imgs/uc_logo.png Graphic file (type png)
<use assets/imgs/uc_logo.png>
Package pdftex.def Info: assets/imgs/uc_logo.png  used on input line 414.
(pdftex.def)             Requested size: 56.9055pt x 26.38135pt.
File: assets/imgs/download2.jpg Graphic file (type jpg)
<use assets/imgs/download2.jpg>
Package pdftex.def Info: assets/imgs/download2.jpg  used on input line 414.
(pdftex.def)             Requested size: 56.9055pt x 31.86505pt.
[19

 <./assets/imgs/rd_plot_median_sale_amount_t_plus_5_tri_mserd_1_2_within.png (PNG copy)>]
File: assets/imgs/uc_logo.png Graphic file (type png)
<use assets/imgs/uc_logo.png>
Package pdftex.def Info: assets/imgs/uc_logo.png  used on input line 440.
(pdftex.def)             Requested size: 56.9055pt x 26.38135pt.
File: assets/imgs/download2.jpg Graphic file (type jpg)
<use assets/imgs/download2.jpg>
Package pdftex.def Info: assets/imgs/download2.jpg  used on input line 440.
(pdftex.def)             Requested size: 56.9055pt x 31.86505pt.
 [20

]
File: assets/imgs/uc_logo.png Graphic file (type png)
<use assets/imgs/uc_logo.png>
Package pdftex.def Info: assets/imgs/uc_logo.png  used on input line 452.
(pdftex.def)             Requested size: 56.9055pt x 26.38135pt.
File: assets/imgs/download2.jpg Graphic file (type jpg)
<use assets/imgs/download2.jpg>
Package pdftex.def Info: assets/imgs/download2.jpg  used on input line 452.
(pdftex.def)             Requested size: 56.9055pt x 31.86505pt.
 [21

]
<assets/imgs/tes_gs.png, id=2402, 578.16pt x 346.29375pt>
File: assets/imgs/tes_gs.png Graphic file (type png)
<use assets/imgs/tes_gs.png>
Package pdftex.def Info: assets/imgs/tes_gs.png  used on input line 464.
(pdftex.def)             Requested size: 245.83282pt x 147.23894pt.
File: assets/imgs/uc_logo.png Graphic file (type png)
<use assets/imgs/uc_logo.png>
Package pdftex.def Info: assets/imgs/uc_logo.png  used on input line 464.
(pdftex.def)             Requested size: 56.9055pt x 26.38135pt.
File: assets/imgs/download2.jpg Graphic file (type jpg)
<use assets/imgs/download2.jpg>
Package pdftex.def Info: assets/imgs/download2.jpg  used on input line 464.
(pdftex.def)             Requested size: 56.9055pt x 31.86505pt.
 [22

 <./assets/imgs/tes_gs.png>]
<assets/imgs/tes_covs_ua_new.png, id=2505, 558.58687pt x 380.17032pt>
File: assets/imgs/tes_covs_ua_new.png Graphic file (type png)
<use assets/imgs/tes_covs_ua_new.png>
Package pdftex.def Info: assets/imgs/tes_covs_ua_new.png  used on input line 474.
(pdftex.def)             Requested size: 245.83282pt x 167.31026pt.
File: assets/imgs/uc_logo.png Graphic file (type png)
<use assets/imgs/uc_logo.png>
Package pdftex.def Info: assets/imgs/uc_logo.png  used on input line 474.
(pdftex.def)             Requested size: 56.9055pt x 26.38135pt.
File: assets/imgs/download2.jpg Graphic file (type jpg)
<use assets/imgs/download2.jpg>
Package pdftex.def Info: assets/imgs/download2.jpg  used on input line 474.
(pdftex.def)             Requested size: 56.9055pt x 31.86505pt.
 [23

 <./assets/imgs/tes_covs_ua_new.png>]
<assets/imgs/tes_qte_covs.png, id=2608, 651.93562pt x 469.00218pt>
File: assets/imgs/tes_qte_covs.png Graphic file (type png)
<use assets/imgs/tes_qte_covs.png>
Package pdftex.def Info: assets/imgs/tes_qte_covs.png  used on input line 484.
(pdftex.def)             Requested size: 245.83282pt x 176.84865pt.
File: assets/imgs/uc_logo.png Graphic file (type png)
<use assets/imgs/uc_logo.png>
Package pdftex.def Info: assets/imgs/uc_logo.png  used on input line 484.
(pdftex.def)             Requested size: 56.9055pt x 26.38135pt.
File: assets/imgs/download2.jpg Graphic file (type jpg)
<use assets/imgs/download2.jpg>
Package pdftex.def Info: assets/imgs/download2.jpg  used on input line 484.
(pdftex.def)             Requested size: 56.9055pt x 31.86505pt.
 [24

 <./assets/imgs/tes_qte_covs.png>]
<assets/imgs/tes_wages_per_emp_hp.png, id=2711, 522.45187pt x 374.14781pt>
File: assets/imgs/tes_wages_per_emp_hp.png Graphic file (type png)
<use assets/imgs/tes_wages_per_emp_hp.png>
Package pdftex.def Info: assets/imgs/tes_wages_per_emp_hp.png  used on input line 494.
(pdftex.def)             Requested size: 245.83282pt x 176.0493pt.
File: assets/imgs/uc_logo.png Graphic file (type png)
<use assets/imgs/uc_logo.png>
Package pdftex.def Info: assets/imgs/uc_logo.png  used on input line 494.
(pdftex.def)             Requested size: 56.9055pt x 26.38135pt.
File: assets/imgs/download2.jpg Graphic file (type jpg)
<use assets/imgs/download2.jpg>
Package pdftex.def Info: assets/imgs/download2.jpg  used on input line 494.
(pdftex.def)             Requested size: 56.9055pt x 31.86505pt.
 [25

 <./assets/imgs/tes_wages_per_emp_hp.png>]
File: assets/imgs/uc_logo.png Graphic file (type png)
<use assets/imgs/uc_logo.png>
Package pdftex.def Info: assets/imgs/uc_logo.png  used on input line 505.
(pdftex.def)             Requested size: 56.9055pt x 26.38135pt.
File: assets/imgs/download2.jpg Graphic file (type jpg)
<use assets/imgs/download2.jpg>
Package pdftex.def Info: assets/imgs/download2.jpg  used on input line 505.
(pdftex.def)             Requested size: 56.9055pt x 31.86505pt.
 [26

]
<assets/imgs/rd_plot_median_sale_amount_t_plus_1_tri_mserd_1_2_within.png, id=2916, 855.195pt x 622.325pt>
File: assets/imgs/rd_plot_median_sale_amount_t_plus_1_tri_mserd_1_2_within.png Graphic file (type png)
<use assets/imgs/rd_plot_median_sale_amount_t_plus_1_tri_mserd_1_2_within.png>
Package pdftex.def Info: assets/imgs/rd_plot_median_sale_amount_t_plus_1_tri_mserd_1_2_within.png  used on input line 542.
(pdftex.def)             Requested size: 107.55333pt x 78.26523pt.

pdfTeX warning (ext4): destination with the same identifier (name{fig:image1}) has been already used, duplicate ignored
<to be read again> 
                   \relax 
l.542 \end{frame}
                 
<assets/imgs/rd_plot_median_sale_amount_t_plus_2_tri_mserd_1_2_within.png, id=2917, 855.195pt x 622.325pt>
File: assets/imgs/rd_plot_median_sale_amount_t_plus_2_tri_mserd_1_2_within.png Graphic file (type png)
<use assets/imgs/rd_plot_median_sale_amount_t_plus_2_tri_mserd_1_2_within.png>
Package pdftex.def Info: assets/imgs/rd_plot_median_sale_amount_t_plus_2_tri_mserd_1_2_within.png  used on input line 542.
(pdftex.def)             Requested size: 107.55333pt x 78.26523pt.

pdfTeX warning (ext4): destination with the same identifier (name{fig:image2}) has been already used, duplicate ignored
<to be read again> 
                   \relax 
l.542 \end{frame}
                 
<assets/imgs/rd_plot_median_sale_amount_t_plus_3_tri_mserd_1_2_within.png, id=2918, 855.195pt x 622.325pt>
File: assets/imgs/rd_plot_median_sale_amount_t_plus_3_tri_mserd_1_2_within.png Graphic file (type png)
<use assets/imgs/rd_plot_median_sale_amount_t_plus_3_tri_mserd_1_2_within.png>
Package pdftex.def Info: assets/imgs/rd_plot_median_sale_amount_t_plus_3_tri_mserd_1_2_within.png  used on input line 542.
(pdftex.def)             Requested size: 107.55333pt x 78.26523pt.
<assets/imgs/rd_plot_median_sale_amount_t_plus_4_tri_mserd_1_2_within.png, id=2919, 855.195pt x 622.325pt>
File: assets/imgs/rd_plot_median_sale_amount_t_plus_4_tri_mserd_1_2_within.png Graphic file (type png)
<use assets/imgs/rd_plot_median_sale_amount_t_plus_4_tri_mserd_1_2_within.png>
Package pdftex.def Info: assets/imgs/rd_plot_median_sale_amount_t_plus_4_tri_mserd_1_2_within.png  used on input line 542.
(pdftex.def)             Requested size: 107.55333pt x 78.26523pt.

Overfull \vbox (5.4598pt too high) detected at line 542
 []

File: assets/imgs/uc_logo.png Graphic file (type png)
<use assets/imgs/uc_logo.png>
Package pdftex.def Info: assets/imgs/uc_logo.png  used on input line 542.
(pdftex.def)             Requested size: 56.9055pt x 26.38135pt.
File: assets/imgs/download2.jpg Graphic file (type jpg)
<use assets/imgs/download2.jpg>
Package pdftex.def Info: assets/imgs/download2.jpg  used on input line 542.
(pdftex.def)             Requested size: 56.9055pt x 31.86505pt.
[27

 <./assets/imgs/rd_plot_median_sale_amount_t_plus_1_tri_mserd_1_2_within.png (PNG copy)> <./assets/imgs/rd_plot_median_sale_amount_t_plus_2_tri_mserd_1_2_within.png (PNG copy)> <./assets/imgs/rd_plot_median_sale_amount_t_plus_3_tri_mserd_1_2_within.png (PNG copy)> <./assets/imgs/rd_plot_median_sale_amount_t_plus_4_tri_mserd_1_2_within.png (PNG copy)>]
File: assets/imgs/rd_plot_median_sale_amount_t_plus_5_tri_mserd_1_2_within.png Graphic file (type png)
<use assets/imgs/rd_plot_median_sale_amount_t_plus_5_tri_mserd_1_2_within.png>
Package pdftex.def Info: assets/imgs/rd_plot_median_sale_amount_t_plus_5_tri_mserd_1_2_within.png  used on input line 576.
(pdftex.def)             Requested size: 107.55333pt x 78.26523pt.
<assets/imgs/rd_plot_median_sale_amount_t_plus_6_tri_mserd_1_2_within.png, id=3022, 855.195pt x 622.325pt>
File: assets/imgs/rd_plot_median_sale_amount_t_plus_6_tri_mserd_1_2_within.png Graphic file (type png)
<use assets/imgs/rd_plot_median_sale_amount_t_plus_6_tri_mserd_1_2_within.png>
Package pdftex.def Info: assets/imgs/rd_plot_median_sale_amount_t_plus_6_tri_mserd_1_2_within.png  used on input line 576.
(pdftex.def)             Requested size: 107.55333pt x 78.26523pt.
<assets/imgs/rd_plot_median_sale_amount_t_plus_7_tri_mserd_1_2_within.png, id=3023, 855.195pt x 622.325pt>
File: assets/imgs/rd_plot_median_sale_amount_t_plus_7_tri_mserd_1_2_within.png Graphic file (type png)
<use assets/imgs/rd_plot_median_sale_amount_t_plus_7_tri_mserd_1_2_within.png>
Package pdftex.def Info: assets/imgs/rd_plot_median_sale_amount_t_plus_7_tri_mserd_1_2_within.png  used on input line 576.
(pdftex.def)             Requested size: 107.55333pt x 78.26523pt.
<assets/imgs/rd_plot_median_sale_amount_t_plus_8_tri_mserd_1_2_within.png, id=3024, 855.195pt x 622.325pt>
File: assets/imgs/rd_plot_median_sale_amount_t_plus_8_tri_mserd_1_2_within.png Graphic file (type png)
<use assets/imgs/rd_plot_median_sale_amount_t_plus_8_tri_mserd_1_2_within.png>
Package pdftex.def Info: assets/imgs/rd_plot_median_sale_amount_t_plus_8_tri_mserd_1_2_within.png  used on input line 576.
(pdftex.def)             Requested size: 107.55333pt x 78.26523pt.

Overfull \vbox (19.0598pt too high) detected at line 576
 []

File: assets/imgs/uc_logo.png Graphic file (type png)
<use assets/imgs/uc_logo.png>
Package pdftex.def Info: assets/imgs/uc_logo.png  used on input line 576.
(pdftex.def)             Requested size: 56.9055pt x 26.38135pt.
File: assets/imgs/download2.jpg Graphic file (type jpg)
<use assets/imgs/download2.jpg>
Package pdftex.def Info: assets/imgs/download2.jpg  used on input line 576.
(pdftex.def)             Requested size: 56.9055pt x 31.86505pt.
[28

 <./assets/imgs/rd_plot_median_sale_amount_t_plus_6_tri_mserd_1_2_within.png (PNG copy)> <./assets/imgs/rd_plot_median_sale_amount_t_plus_7_tri_mserd_1_2_within.png (PNG copy)> <./assets/imgs/rd_plot_median_sale_amount_t_plus_8_tri_mserd_1_2_within.png (PNG copy)>]
File: assets/imgs/uc_logo.png Graphic file (type png)
<use assets/imgs/uc_logo.png>
Package pdftex.def Info: assets/imgs/uc_logo.png  used on input line 599.
(pdftex.def)             Requested size: 56.9055pt x 26.38135pt.
File: assets/imgs/download2.jpg Graphic file (type jpg)
<use assets/imgs/download2.jpg>
Package pdftex.def Info: assets/imgs/download2.jpg  used on input line 599.
(pdftex.def)             Requested size: 56.9055pt x 31.86505pt.
 [29

]
File: assets/imgs/uc_logo.png Graphic file (type png)
<use assets/imgs/uc_logo.png>
Package pdftex.def Info: assets/imgs/uc_logo.png  used on input line 628.
(pdftex.def)             Requested size: 56.9055pt x 26.38135pt.
File: assets/imgs/download2.jpg Graphic file (type jpg)
<use assets/imgs/download2.jpg>
Package pdftex.def Info: assets/imgs/download2.jpg  used on input line 628.
(pdftex.def)             Requested size: 56.9055pt x 31.86505pt.
 [30

]
Underfull \hbox (badness 10000) in paragraph at lines 651--651
[]\OT1/cmss/bx/n/8 Year rel-a-
 []


Underfull \hbox (badness 10000) in paragraph at lines 651--651
[]\OT1/cmss/m/n/8 Treatment
 []


Underfull \hbox (badness 10000) in paragraph at lines 651--651
[]\OT1/cmss/m/n/8 Standard
 []


Underfull \hbox (badness 10000) in paragraph at lines 651--651
[]\OT1/cmss/m/n/8 Effective
 []


Underfull \hbox (badness 10000) in paragraph at lines 651--651
\OT1/cmss/m/n/8 band-width
 []


Underfull \hbox (badness 3701) in paragraph at lines 651--651
[]\OT1/cmss/m/n/8 Bias band-
 []


Underfull \hbox (badness 10000) in paragraph at lines 651--651
[]\OT1/cmss/m/n/8 Effective
 []


Underfull \hbox (badness 10000) in paragraph at lines 651--651
\OT1/cmss/m/n/8 Ob-ser-va-
 []


Underfull \hbox (badness 10000) in paragraph at lines 651--651
[]\OT1/cmss/m/n/8 Total Ob-
 []


Overfull \hbox (16.50313pt too wide) in paragraph at lines 651--651
 [] 
 []

File: assets/imgs/uc_logo.png Graphic file (type png)
<use assets/imgs/uc_logo.png>
Package pdftex.def Info: assets/imgs/uc_logo.png  used on input line 651.
(pdftex.def)             Requested size: 56.9055pt x 26.38135pt.
File: assets/imgs/download2.jpg Graphic file (type jpg)
<use assets/imgs/download2.jpg>
Package pdftex.def Info: assets/imgs/download2.jpg  used on input line 651.
(pdftex.def)             Requested size: 56.9055pt x 31.86505pt.
[31

]
Overfull \hbox (6.26996pt too wide) in paragraph at lines 680--680
[]\OT1/cmss/m/n/8 Percentile| 
 []


Overfull \hbox (28.72157pt too wide) in paragraph at lines 680--680
 [][] 
 []

File: assets/imgs/uc_logo.png Graphic file (type png)
<use assets/imgs/uc_logo.png>
Package pdftex.def Info: assets/imgs/uc_logo.png  used on input line 680.
(pdftex.def)             Requested size: 56.9055pt x 26.38135pt.
File: assets/imgs/download2.jpg Graphic file (type jpg)
<use assets/imgs/download2.jpg>
Package pdftex.def Info: assets/imgs/download2.jpg  used on input line 680.
(pdftex.def)             Requested size: 56.9055pt x 31.86505pt.
[32

]
\tf@nav=\write6
\openout6 = `re_seminar_main-2233-ECONO.nav'.

\tf@toc=\write7
\openout7 = `re_seminar_main-2233-ECONO.toc'.

\tf@snm=\write8
\openout8 = `re_seminar_main-2233-ECONO.snm'.

 (re_seminar_main-2233-ECONO.aux)
 ***********
LaTeX2e <2023-11-01> patch level 1
L3 programming layer <2024-03-14>
 ***********


LaTeX Warning: There were multiply-defined labels.

Package rerunfilecheck Info: File `re_seminar_main-2233-ECONO.out' has not changed.
(rerunfilecheck)             Checksum: 48FC29585A5085DE6024B75E37BD9767;594.
 ) 
Here is how much of TeX's memory you used:
 26815 strings out of 474424
 549853 string characters out of 5740796
 1965496 words of memory out of 5000000
 48544 multiletter control sequences out of 15000+600000
 568303 words of font info for 72 fonts, out of 8000000 for 9000
 1141 hyphenation exceptions out of 8191
 128i,19n,123p,541b,911s stack positions out of 10000i,1000n,20000p,200000b,200000s

pdfTeX warning (dest): name{variables} has been referenced but does not exist, replaced by a fixed one

 <C:\Users\rawatsa\AppData\Local\MiKTeX\fonts/pk/ljfour/jknappen/ec/dpi600\tcss1095.pk><C:/Users/rawatsa/AppData/Local/Programs/MiKTeX/fonts/type1/public/amsfonts/cm/cmex10.pfb><C:/Users/rawatsa/AppData/Local/Programs/MiKTeX/fonts/type1/public/amsfonts/cm/cmmi10.pfb><C:/Users/rawatsa/AppData/Local/Programs/MiKTeX/fonts/type1/public/amsfonts/cm/cmss10.pfb><C:/Users/rawatsa/AppData/Local/Programs/MiKTeX/fonts/type1/public/amsfonts/cm/cmss12.pfb><C:/Users/rawatsa/AppData/Local/Programs/MiKTeX/fonts/type1/public/amsfonts/cm/cmss17.pfb><C:/Users/rawatsa/AppData/Local/Programs/MiKTeX/fonts/type1/public/amsfonts/cm/cmss8.pfb><C:/Users/rawatsa/AppData/Local/Programs/MiKTeX/fonts/type1/public/amsfonts/cm/cmss9.pfb><C:/Users/rawatsa/AppData/Local/Programs/MiKTeX/fonts/type1/public/amsfonts/cm/cmssbx10.pfb><C:/Users/rawatsa/AppData/Local/Programs/MiKTeX/fonts/type1/public/amsfonts/cm/cmssi10.pfb><C:/Users/rawatsa/AppData/Local/Programs/MiKTeX/fonts/type1/public/amsfonts/cm/cmssi8.pfb><C:/Users/rawatsa/AppData/Local/Programs/MiKTeX/fonts/type1/public/amsfonts/cm/cmsy10.pfb><C:/Users/rawatsa/AppData/Local/Programs/MiKTeX/fonts/type1/public/amsfonts/symbols/msbm10.pfb>
Output written on re_seminar_main-2233-ECONO.pdf (32 pages, 13495904 bytes).
PDF statistics:
 3594 PDF objects out of 4296 (max. 8388607)
 97 named destinations out of 1000 (max. 500000)
 572 words of extra memory for PDF output out of 10000 (max. 10000000)

